     1 00000000                                 [FORMAT "WCOFF"]
     2 00000000                                 [INSTRSET "i486p"]
     3 00000000                                 [OPTIMIZE 1]
     4 00000000                                 [OPTION 1]
     5 00000000                                 [BITS 32]
     6 00000000                                 	EXTERN	_boxfill8
     7 00000000                                 	EXTERN	_putfonts8_asc
     8 00000000                                 	EXTERN	_closebtn.0
     9 00000000                                 	EXTERN	_init_gdtidt
    10 00000000                                 	EXTERN	_init_pic
    11 00000000                                 	EXTERN	_io_sti
    12 00000000                                 	EXTERN	_keyfifo
    13 00000000                                 	EXTERN	_fifo8_init
    14 00000000                                 	EXTERN	_mousefifo
    15 00000000                                 	EXTERN	_io_out8
    16 00000000                                 	EXTERN	_init_pit
    17 00000000                                 	EXTERN	_timer_alloc
    18 00000000                                 	EXTERN	_timer_init
    19 00000000                                 	EXTERN	_timer_settime
    20 00000000                                 	EXTERN	_init_keyboard
    21 00000000                                 	EXTERN	_enable_mouse
    22 00000000                                 	EXTERN	_memtest
    23 00000000                                 	EXTERN	_memman_init
    24 00000000                                 	EXTERN	_memman_free
    25 00000000                                 	EXTERN	_init_palette
    26 00000000                                 	EXTERN	_shtctl_init
    27 00000000                                 	EXTERN	_sheet_alloc
    28 00000000                                 	EXTERN	_memman_alloc_4k
    29 00000000                                 	EXTERN	_sheet_setbuf
    30 00000000                                 	EXTERN	_init_screen8
    31 00000000                                 	EXTERN	_init_mouse_cursor8
    32 00000000                                 	EXTERN	_sheet_slide
    33 00000000                                 	EXTERN	_sheet_updown
    34 00000000                                 	EXTERN	_sprintf
    35 00000000                                 	EXTERN	_memman_total
    36 00000000                                 	EXTERN	_sheet_refresh
    37 00000000                                 	EXTERN	_timerctl
    38 00000000                                 	EXTERN	_io_cli
    39 00000000                                 	EXTERN	_fifo8_status
    40 00000000                                 	EXTERN	_fifo8_get
    41 00000000                                 	EXTERN	_mouse_decode
    42 00000000                                 	EXTERN	_io_stihlt
    43 00000000                                 [FILE "bootpack.c"]
    44                                          [SECTION .data]
    45 00000000                                 _closebtn.0:
    46 00000000 4F 4F 4F 4F 4F 4F 4F 4F 4F 4F   	DB	"OOOOOOOOOOOOOOO@"
       0000000A 4F 4F 4F 4F 4F 40 
    47 00000010 4F 51 51 51 51 51 51 51 51 51   	DB	"OQQQQQQQQQQQQQ$@"
       0000001A 51 51 51 51 24 40 
    48 00000020 4F 51 51 51 51 51 51 51 51 51   	DB	"OQQQQQQQQQQQQQ$@"
       0000002A 51 51 51 51 24 40 
    49 00000030 4F 51 51 51 40 40 51 51 51 51   	DB	"OQQQ@@QQQQ@@QQ$@"
       0000003A 40 40 51 51 24 40 
    50 00000040 4F 51 51 51 51 40 40 51 51 40   	DB	"OQQQQ@@QQ@@QQQ$@"
       0000004A 40 51 51 51 24 40 
    51 00000050 4F 51 51 51 51 51 40 40 40 40   	DB	"OQQQQQ@@@@QQQQ$@"
       0000005A 51 51 51 51 24 40 
    52 00000060 4F 51 51 51 51 51 51 40 40 51   	DB	"OQQQQQQ@@QQQQQ$@"
       0000006A 51 51 51 51 24 40 
    53 00000070 4F 51 51 51 51 51 40 40 40 40   	DB	"OQQQQQ@@@@QQQQ$@"
       0000007A 51 51 51 51 24 40 
    54 00000080 4F 51 51 51 51 40 40 51 51 40   	DB	"OQQQQ@@QQ@@QQQ$@"
       0000008A 40 51 51 51 24 40 
    55 00000090 4F 51 51 51 40 40 51 51 51 51   	DB	"OQQQ@@QQQQ@@QQ$@"
       0000009A 40 40 51 51 24 40 
    56 000000A0 4F 51 51 51 51 51 51 51 51 51   	DB	"OQQQQQQQQQQQQQ$@"
       000000AA 51 51 51 51 24 40 
    57 000000B0 4F 51 51 51 51 51 51 51 51 51   	DB	"OQQQQQQQQQQQQQ$@"
       000000BA 51 51 51 51 24 40 
    58 000000C0 4F 24 24 24 24 24 24 24 24 24   	DB	"O$$$$$$$$$$$$$$@"
       000000CA 24 24 24 24 24 40 
    59 000000D0 40 40 40 40 40 40 40 40 40 40   	DB	"@@@@@@@@@@@@@@@@"
       000000DA 40 40 40 40 40 40 
    60                                          [SECTION .text]
    61 00000000                                 	GLOBAL	_make_window8
    62 00000000                                 _make_window8:
    63 00000000 55                              	PUSH	EBP
    64 00000001 89 E5                           	MOV	EBP,ESP
    65 00000003 57                              	PUSH	EDI
    66 00000004 56                              	PUSH	ESI
    67 00000005 53                              	PUSH	EBX
    68 00000006 83 EC 14                        	SUB	ESP,20
    69 00000009 8B 5D 0C                        	MOV	EBX,DWORD [12+EBP]
    70 0000000C 6A 00                           	PUSH	0
    71 0000000E 8D 43 FF                        	LEA	EAX,DWORD [-1+EBX]
    72 00000011 8D 7B FE                        	LEA	EDI,DWORD [-2+EBX]
    73 00000014 50                              	PUSH	EAX
    74 00000015 89 45 EC                        	MOV	DWORD [-20+EBP],EAX
    75 00000018 6A 00                           	PUSH	0
    76 0000001A 6A 00                           	PUSH	0
    77 0000001C 6A 08                           	PUSH	8
    78 0000001E 53                              	PUSH	EBX
    79 0000001F FF 75 08                        	PUSH	DWORD [8+EBP]
    80 00000022 E8 [00000000]                   	CALL	_boxfill8
    81 00000027 6A 01                           	PUSH	1
    82 00000029 57                              	PUSH	EDI
    83 0000002A 6A 01                           	PUSH	1
    84 0000002C 6A 01                           	PUSH	1
    85 0000002E 6A 07                           	PUSH	7
    86 00000030 53                              	PUSH	EBX
    87 00000031 FF 75 08                        	PUSH	DWORD [8+EBP]
    88 00000034 E8 [00000000]                   	CALL	_boxfill8
    89 00000039 8B 55 10                        	MOV	EDX,DWORD [16+EBP]
    90 0000003C 83 C4 38                        	ADD	ESP,56
    91 0000003F 4A                              	DEC	EDX
    92 00000040 89 55 E8                        	MOV	DWORD [-24+EBP],EDX
    93 00000043 52                              	PUSH	EDX
    94 00000044 6A 00                           	PUSH	0
    95 00000046 6A 00                           	PUSH	0
    96 00000048 6A 00                           	PUSH	0
    97 0000004A 6A 08                           	PUSH	8
    98 0000004C 53                              	PUSH	EBX
    99 0000004D FF 75 08                        	PUSH	DWORD [8+EBP]
   100 00000050 E8 [00000000]                   	CALL	_boxfill8
   101 00000055 8B 75 10                        	MOV	ESI,DWORD [16+EBP]
   102 00000058 83 EE 02                        	SUB	ESI,2
   103 0000005B 56                              	PUSH	ESI
   104 0000005C 6A 01                           	PUSH	1
   105 0000005E 6A 01                           	PUSH	1
   106 00000060 6A 01                           	PUSH	1
   107 00000062 6A 07                           	PUSH	7
   108 00000064 53                              	PUSH	EBX
   109 00000065 FF 75 08                        	PUSH	DWORD [8+EBP]
   110 00000068 E8 [00000000]                   	CALL	_boxfill8
   111 0000006D 83 C4 38                        	ADD	ESP,56
   112 00000070 56                              	PUSH	ESI
   113 00000071 57                              	PUSH	EDI
   114 00000072 6A 01                           	PUSH	1
   115 00000074 57                              	PUSH	EDI
   116 00000075 6A 0F                           	PUSH	15
   117 00000077 53                              	PUSH	EBX
   118 00000078 FF 75 08                        	PUSH	DWORD [8+EBP]
   119 0000007B E8 [00000000]                   	CALL	_boxfill8
   120 00000080 FF 75 E8                        	PUSH	DWORD [-24+EBP]
   121 00000083 FF 75 EC                        	PUSH	DWORD [-20+EBP]
   122 00000086 6A 00                           	PUSH	0
   123 00000088 FF 75 EC                        	PUSH	DWORD [-20+EBP]
   124 0000008B 6A 00                           	PUSH	0
   125 0000008D 53                              	PUSH	EBX
   126 0000008E FF 75 08                        	PUSH	DWORD [8+EBP]
   127 00000091 E8 [00000000]                   	CALL	_boxfill8
   128 00000096 8B 45 10                        	MOV	EAX,DWORD [16+EBP]
   129 00000099 83 C4 38                        	ADD	ESP,56
   130 0000009C 83 E8 03                        	SUB	EAX,3
   131 0000009F 50                              	PUSH	EAX
   132 000000A0 8D 43 FD                        	LEA	EAX,DWORD [-3+EBX]
   133 000000A3 50                              	PUSH	EAX
   134 000000A4 6A 02                           	PUSH	2
   135 000000A6 6A 02                           	PUSH	2
   136 000000A8 6A 08                           	PUSH	8
   137 000000AA 53                              	PUSH	EBX
   138 000000AB FF 75 08                        	PUSH	DWORD [8+EBP]
   139 000000AE E8 [00000000]                   	CALL	_boxfill8
   140 000000B3 8D 43 FC                        	LEA	EAX,DWORD [-4+EBX]
   141 000000B6 6A 14                           	PUSH	20
   142 000000B8 50                              	PUSH	EAX
   143 000000B9 6A 03                           	PUSH	3
   144 000000BB 6A 03                           	PUSH	3
   145 000000BD 6A 0C                           	PUSH	12
   146 000000BF 53                              	PUSH	EBX
   147 000000C0 FF 75 08                        	PUSH	DWORD [8+EBP]
   148 000000C3 E8 [00000000]                   	CALL	_boxfill8
   149 000000C8 83 C4 38                        	ADD	ESP,56
   150 000000CB 56                              	PUSH	ESI
   151 000000CC 57                              	PUSH	EDI
   152 000000CD 56                              	PUSH	ESI
   153 000000CE 6A 01                           	PUSH	1
   154 000000D0 6A 0F                           	PUSH	15
   155 000000D2 53                              	PUSH	EBX
   156 000000D3 FF 75 08                        	PUSH	DWORD [8+EBP]
   157 000000D6 E8 [00000000]                   	CALL	_boxfill8
   158 000000DB FF 75 E8                        	PUSH	DWORD [-24+EBP]
   159 000000DE FF 75 EC                        	PUSH	DWORD [-20+EBP]
   160 000000E1 FF 75 E8                        	PUSH	DWORD [-24+EBP]
   161 000000E4 6A 00                           	PUSH	0
   162 000000E6 6A 00                           	PUSH	0
   163 000000E8 6B F3 05                        	IMUL	ESI,EBX,5
   164 000000EB 53                              	PUSH	EBX
   165 000000EC FF 75 08                        	PUSH	DWORD [8+EBP]
   166 000000EF E8 [00000000]                   	CALL	_boxfill8
   167 000000F4 83 C4 38                        	ADD	ESP,56
   168 000000F7 FF 75 14                        	PUSH	DWORD [20+EBP]
   169 000000FA 6A 07                           	PUSH	7
   170 000000FC 6A 04                           	PUSH	4
   171 000000FE 6A 18                           	PUSH	24
   172 00000100 53                              	PUSH	EBX
   173 00000101 FF 75 08                        	PUSH	DWORD [8+EBP]
   174 00000104 E8 [00000000]                   	CALL	_putfonts8_asc
   175 00000109 83 C4 18                        	ADD	ESP,24
   176 0000010C C7 45 F0 00000000               	MOV	DWORD [-16+EBP],0
   177 00000113 C7 45 E0 00000000               	MOV	DWORD [-32+EBP],0
   178 0000011A                                 L17:
   179 0000011A 8D 04 1E                        	LEA	EAX,DWORD [ESI+EBX*1]
   180 0000011D 8B 55 08                        	MOV	EDX,DWORD [8+EBP]
   181 00000120 31 FF                           	XOR	EDI,EDI
   182 00000122 8D 4C 02 EB                     	LEA	ECX,DWORD [-21+EDX+EAX*1]
   183 00000126                                 L16:
   184 00000126 8B 45 E0                        	MOV	EAX,DWORD [-32+EBP]
   185 00000129 8A 94 07 [00000000]             	MOV	DL,BYTE [_closebtn.0+EDI+EAX*1]
   186 00000130 80 FA 40                        	CMP	DL,64
   187 00000133 74 33                           	JE	L22
   188 00000135 80 FA 24                        	CMP	DL,36
   189 00000138 74 2A                           	JE	L23
   190 0000013A 80 FA 51                        	CMP	DL,81
   191 0000013D B2 08                           	MOV	DL,8
   192 0000013F 0F 95 C0                        	SETNE	AL
   193 00000142 28 C2                           	SUB	DL,AL
   194 00000144                                 L11:
   195 00000144 47                              	INC	EDI
   196 00000145 88 11                           	MOV	BYTE [ECX],DL
   197 00000147 41                              	INC	ECX
   198 00000148 83 FF 0F                        	CMP	EDI,15
   199 0000014B 7E D9                           	JLE	L16
   200 0000014D FF 45 F0                        	INC	DWORD [-16+EBP]
   201 00000150 01 DE                           	ADD	ESI,EBX
   202 00000152 83 45 E0 10                     	ADD	DWORD [-32+EBP],16
   203 00000156 83 7D F0 0D                     	CMP	DWORD [-16+EBP],13
   204 0000015A 7E BE                           	JLE	L17
   205 0000015C 8D 65 F4                        	LEA	ESP,DWORD [-12+EBP]
   206 0000015F 5B                              	POP	EBX
   207 00000160 5E                              	POP	ESI
   208 00000161 5F                              	POP	EDI
   209 00000162 5D                              	POP	EBP
   210 00000163 C3                              	RET
   211 00000164                                 L23:
   212 00000164 B2 0F                           	MOV	DL,15
   213 00000166 EB DC                           	JMP	L11
   214 00000168                                 L22:
   215 00000168 31 D2                           	XOR	EDX,EDX
   216 0000016A EB D8                           	JMP	L11
   217                                          [SECTION .data]
   218 000000E0                                 LC0:
   219 000000E0 63 6F 75 6E 74 65 72 00         	DB	"counter",0x00
   220 000000E8                                 LC1:
   221 000000E8 28 25 33 64 2C 20 25 33 64 29   	DB	"(%3d, %3d)",0x00
       000000F2 00 
   222 000000F3                                 LC2:
   223 000000F3 6D 65 6D 6F 72 79 20 25 64 4D   	DB	"memory %dMB free : %dKB",0x00
       000000FD 42 20 66 72 65 65 20 3A 20 25 
       00000107 64 4B 42 00 
   224 0000010B                                 LC3:
   225 0000010B 25 30 31 30 64 00               	DB	"%010d",0x00
   226 00000111                                 LC7:
   227 00000111 33 5B 73 65 63 5D 00            	DB	"3[sec]",0x00
   228 00000118                                 LC6:
   229 00000118 31 30 5B 73 65 63 5D 00         	DB	"10[sec]",0x00
   230 00000120                                 LC5:
   231 00000120 5B 6C 63 72 20 25 34 64 20 25   	DB	"[lcr %4d %4d]",0x00
       0000012A 34 64 5D 00 
   232 0000012E                                 LC4:
   233 0000012E 25 30 32 58 00                  	DB	"%02X",0x00
   234                                          [SECTION .text]
   235 0000016C                                 	GLOBAL	_HariMain
   236 0000016C                                 _HariMain:
   237 0000016C 55                              	PUSH	EBP
   238 0000016D 89 E5                           	MOV	EBP,ESP
   239 0000016F 57                              	PUSH	EDI
   240 00000170 56                              	PUSH	ESI
   241 00000171 53                              	PUSH	EBX
   242 00000172 81 EC 00000284                  	SUB	ESP,644
   243 00000178 C7 85 FFFFFD8C 00000000         	MOV	DWORD [-628+EBP],0
   244 00000182 E8 [00000000]                   	CALL	_init_gdtidt
   245 00000187 E8 [00000000]                   	CALL	_init_pic
   246 0000018C E8 [00000000]                   	CALL	_io_sti
   247 00000191 8D 85 FFFFFF44                  	LEA	EAX,DWORD [-188+EBP]
   248 00000197 50                              	PUSH	EAX
   249 00000198 6A 20                           	PUSH	32
   250 0000019A 68 [00000000]                   	PUSH	_keyfifo
   251 0000019F E8 [00000000]                   	CALL	_fifo8_init
   252 000001A4 8D 85 FFFFFEC4                  	LEA	EAX,DWORD [-316+EBP]
   253 000001AA 50                              	PUSH	EAX
   254 000001AB 68 00000080                     	PUSH	128
   255 000001B0 68 [00000000]                   	PUSH	_mousefifo
   256 000001B5 E8 [00000000]                   	CALL	_fifo8_init
   257 000001BA 68 000000F9                     	PUSH	249
   258 000001BF 6A 21                           	PUSH	33
   259 000001C1 E8 [00000000]                   	CALL	_io_out8
   260 000001C6 83 C4 20                        	ADD	ESP,32
   261 000001C9 E8 [00000000]                   	CALL	_init_pit
   262 000001CE 68 000000F8                     	PUSH	248
   263 000001D3 6A 21                           	PUSH	33
   264 000001D5 E8 [00000000]                   	CALL	_io_out8
   265 000001DA 68 000000EF                     	PUSH	239
   266 000001DF 68 000000A1                     	PUSH	161
   267 000001E4 E8 [00000000]                   	CALL	_io_out8
   268 000001E9 8D 55 D4                        	LEA	EDX,DWORD [-44+EBP]
   269 000001EC 8D 85 FFFFFDAC                  	LEA	EAX,DWORD [-596+EBP]
   270 000001F2 50                              	PUSH	EAX
   271 000001F3 6A 08                           	PUSH	8
   272 000001F5 52                              	PUSH	EDX
   273 000001F6 E8 [00000000]                   	CALL	_fifo8_init
   274 000001FB E8 [00000000]                   	CALL	_timer_alloc
   275 00000200 6A 01                           	PUSH	1
   276 00000202 89 C3                           	MOV	EBX,EAX
   277 00000204 8D 45 D4                        	LEA	EAX,DWORD [-44+EBP]
   278 00000207 50                              	PUSH	EAX
   279 00000208 53                              	PUSH	EBX
   280 00000209 E8 [00000000]                   	CALL	_timer_init
   281 0000020E 83 C4 28                        	ADD	ESP,40
   282 00000211 68 000003E8                     	PUSH	1000
   283 00000216 53                              	PUSH	EBX
   284 00000217 8D 5D B4                        	LEA	EBX,DWORD [-76+EBP]
   285 0000021A E8 [00000000]                   	CALL	_timer_settime
   286 0000021F 8D 85 FFFFFDA4                  	LEA	EAX,DWORD [-604+EBP]
   287 00000225 50                              	PUSH	EAX
   288 00000226 6A 08                           	PUSH	8
   289 00000228 53                              	PUSH	EBX
   290 00000229 E8 [00000000]                   	CALL	_fifo8_init
   291 0000022E E8 [00000000]                   	CALL	_timer_alloc
   292 00000233 6A 01                           	PUSH	1
   293 00000235 53                              	PUSH	EBX
   294 00000236 89 C6                           	MOV	ESI,EAX
   295 00000238 50                              	PUSH	EAX
   296 00000239 8D 5D 94                        	LEA	EBX,DWORD [-108+EBP]
   297 0000023C E8 [00000000]                   	CALL	_timer_init
   298 00000241 83 C4 20                        	ADD	ESP,32
   299 00000244 68 0000012C                     	PUSH	300
   300 00000249 56                              	PUSH	ESI
   301 0000024A E8 [00000000]                   	CALL	_timer_settime
   302 0000024F 8D 85 FFFFFD9C                  	LEA	EAX,DWORD [-612+EBP]
   303 00000255 50                              	PUSH	EAX
   304 00000256 6A 08                           	PUSH	8
   305 00000258 53                              	PUSH	EBX
   306 00000259 E8 [00000000]                   	CALL	_fifo8_init
   307 0000025E E8 [00000000]                   	CALL	_timer_alloc
   308 00000263 6A 01                           	PUSH	1
   309 00000265 53                              	PUSH	EBX
   310 00000266 50                              	PUSH	EAX
   311 00000267 89 85 FFFFFD98                  	MOV	DWORD [-616+EBP],EAX
   312 0000026D E8 [00000000]                   	CALL	_timer_init
   313 00000272 83 C4 20                        	ADD	ESP,32
   314 00000275 6A 32                           	PUSH	50
   315 00000277 FF B5 FFFFFD98                  	PUSH	DWORD [-616+EBP]
   316 0000027D E8 [00000000]                   	CALL	_timer_settime
   317 00000282 E8 [00000000]                   	CALL	_init_keyboard
   318 00000287 8D 85 FFFFFEB4                  	LEA	EAX,DWORD [-332+EBP]
   319 0000028D 50                              	PUSH	EAX
   320 0000028E E8 [00000000]                   	CALL	_enable_mouse
   321 00000293 68 BFFFFFFF                     	PUSH	-1073741825
   322 00000298 68 00400000                     	PUSH	4194304
   323 0000029D E8 [00000000]                   	CALL	_memtest
   324 000002A2 68 003C0000                     	PUSH	3932160
   325 000002A7 89 C6                           	MOV	ESI,EAX
   326 000002A9 E8 [00000000]                   	CALL	_memman_init
   327 000002AE 68 0009E000                     	PUSH	647168
   328 000002B3 68 00001000                     	PUSH	4096
   329 000002B8 68 003C0000                     	PUSH	3932160
   330 000002BD E8 [00000000]                   	CALL	_memman_free
   331 000002C2 8D 86 FFC00000                  	LEA	EAX,DWORD [-4194304+ESI]
   332 000002C8 C1 EE 14                        	SHR	ESI,20
   333 000002CB 83 C4 24                        	ADD	ESP,36
   334 000002CE 50                              	PUSH	EAX
   335 000002CF 68 00400000                     	PUSH	4194304
   336 000002D4 68 003C0000                     	PUSH	3932160
   337 000002D9 E8 [00000000]                   	CALL	_memman_free
   338 000002DE E8 [00000000]                   	CALL	_init_palette
   339 000002E3 0F BF 05 00000FF6               	MOVSX	EAX,WORD [4086]
   340 000002EA 50                              	PUSH	EAX
   341 000002EB 0F BF 05 00000FF4               	MOVSX	EAX,WORD [4084]
   342 000002F2 50                              	PUSH	EAX
   343 000002F3 FF 35 00000FF8                  	PUSH	DWORD [4088]
   344 000002F9 68 003C0000                     	PUSH	3932160
   345 000002FE E8 [00000000]                   	CALL	_shtctl_init
   346 00000303 89 C3                           	MOV	EBX,EAX
   347 00000305 50                              	PUSH	EAX
   348 00000306 E8 [00000000]                   	CALL	_sheet_alloc
   349 0000030B 83 C4 20                        	ADD	ESP,32
   350 0000030E 53                              	PUSH	EBX
   351 0000030F 89 85 FFFFFD88                  	MOV	DWORD [-632+EBP],EAX
   352 00000315 E8 [00000000]                   	CALL	_sheet_alloc
   353 0000031A 53                              	PUSH	EBX
   354 0000031B 8D 9D FFFFFDB4                  	LEA	EBX,DWORD [-588+EBP]
   355 00000321 89 85 FFFFFD84                  	MOV	DWORD [-636+EBP],EAX
   356 00000327 E8 [00000000]                   	CALL	_sheet_alloc
   357 0000032C 0F BF 15 00000FF6               	MOVSX	EDX,WORD [4086]
   358 00000333 89 85 FFFFFD80                  	MOV	DWORD [-640+EBP],EAX
   359 00000339 0F BF 05 00000FF4               	MOVSX	EAX,WORD [4084]
   360 00000340 0F AF C2                        	IMUL	EAX,EDX
   361 00000343 50                              	PUSH	EAX
   362 00000344 68 003C0000                     	PUSH	3932160
   363 00000349 E8 [00000000]                   	CALL	_memman_alloc_4k
   364 0000034E 68 00002080                     	PUSH	8320
   365 00000353 68 003C0000                     	PUSH	3932160
   366 00000358 89 C7                           	MOV	EDI,EAX
   367 0000035A E8 [00000000]                   	CALL	_memman_alloc_4k
   368 0000035F 6A FF                           	PUSH	-1
   369 00000361 89 85 FFFFFD7C                  	MOV	DWORD [-644+EBP],EAX
   370 00000367 0F BF 05 00000FF6               	MOVSX	EAX,WORD [4086]
   371 0000036E 50                              	PUSH	EAX
   372 0000036F 0F BF 05 00000FF4               	MOVSX	EAX,WORD [4084]
   373 00000376 50                              	PUSH	EAX
   374 00000377 57                              	PUSH	EDI
   375 00000378 FF B5 FFFFFD88                  	PUSH	DWORD [-632+EBP]
   376 0000037E E8 [00000000]                   	CALL	_sheet_setbuf
   377 00000383 83 C4 2C                        	ADD	ESP,44
   378 00000386 6A FF                           	PUSH	-1
   379 00000388 6A 34                           	PUSH	52
   380 0000038A 68 000000A0                     	PUSH	160
   381 0000038F FF B5 FFFFFD7C                  	PUSH	DWORD [-644+EBP]
   382 00000395 FF B5 FFFFFD80                  	PUSH	DWORD [-640+EBP]
   383 0000039B E8 [00000000]                   	CALL	_sheet_setbuf
   384 000003A0 6A 63                           	PUSH	99
   385 000003A2 6A 10                           	PUSH	16
   386 000003A4 6A 10                           	PUSH	16
   387 000003A6 53                              	PUSH	EBX
   388 000003A7 FF B5 FFFFFD84                  	PUSH	DWORD [-636+EBP]
   389 000003AD E8 [00000000]                   	CALL	_sheet_setbuf
   390 000003B2 83 C4 28                        	ADD	ESP,40
   391 000003B5 0F BF 05 00000FF6               	MOVSX	EAX,WORD [4086]
   392 000003BC 50                              	PUSH	EAX
   393 000003BD 0F BF 05 00000FF4               	MOVSX	EAX,WORD [4084]
   394 000003C4 50                              	PUSH	EAX
   395 000003C5 57                              	PUSH	EDI
   396 000003C6 E8 [00000000]                   	CALL	_init_screen8
   397 000003CB 6A 63                           	PUSH	99
   398 000003CD 53                              	PUSH	EBX
   399 000003CE BB 00000002                     	MOV	EBX,2
   400 000003D3 E8 [00000000]                   	CALL	_init_mouse_cursor8
   401 000003D8 68 [000000E0]                   	PUSH	LC0
   402 000003DD 6A 34                           	PUSH	52
   403 000003DF 68 000000A0                     	PUSH	160
   404 000003E4 FF B5 FFFFFD7C                  	PUSH	DWORD [-644+EBP]
   405 000003EA E8 FFFFFC11                     	CALL	_make_window8
   406 000003EF 83 C4 24                        	ADD	ESP,36
   407 000003F2 6A 00                           	PUSH	0
   408 000003F4 6A 00                           	PUSH	0
   409 000003F6 FF B5 FFFFFD88                  	PUSH	DWORD [-632+EBP]
   410 000003FC E8 [00000000]                   	CALL	_sheet_slide
   411 00000401 0F BF 05 00000FF4               	MOVSX	EAX,WORD [4084]
   412 00000408 8D 48 F0                        	LEA	ECX,DWORD [-16+EAX]
   413 0000040B 89 C8                           	MOV	EAX,ECX
   414 0000040D 99                              	CDQ
   415 0000040E F7 FB                           	IDIV	EBX
   416 00000410 89 85 FFFFFD94                  	MOV	DWORD [-620+EBP],EAX
   417 00000416 0F BF 05 00000FF6               	MOVSX	EAX,WORD [4086]
   418 0000041D 8D 48 D4                        	LEA	ECX,DWORD [-44+EAX]
   419 00000420 89 C8                           	MOV	EAX,ECX
   420 00000422 99                              	CDQ
   421 00000423 F7 FB                           	IDIV	EBX
   422 00000425 50                              	PUSH	EAX
   423 00000426 89 85 FFFFFD90                  	MOV	DWORD [-624+EBP],EAX
   424 0000042C FF B5 FFFFFD94                  	PUSH	DWORD [-620+EBP]
   425 00000432 FF B5 FFFFFD84                  	PUSH	DWORD [-636+EBP]
   426 00000438 8D 9D FFFFFF64                  	LEA	EBX,DWORD [-156+EBP]
   427 0000043E E8 [00000000]                   	CALL	_sheet_slide
   428 00000443 6A 48                           	PUSH	72
   429 00000445 6A 50                           	PUSH	80
   430 00000447 FF B5 FFFFFD80                  	PUSH	DWORD [-640+EBP]
   431 0000044D E8 [00000000]                   	CALL	_sheet_slide
   432 00000452 83 C4 24                        	ADD	ESP,36
   433 00000455 6A 00                           	PUSH	0
   434 00000457 FF B5 FFFFFD88                  	PUSH	DWORD [-632+EBP]
   435 0000045D E8 [00000000]                   	CALL	_sheet_updown
   436 00000462 6A 01                           	PUSH	1
   437 00000464 FF B5 FFFFFD80                  	PUSH	DWORD [-640+EBP]
   438 0000046A E8 [00000000]                   	CALL	_sheet_updown
   439 0000046F 6A 02                           	PUSH	2
   440 00000471 FF B5 FFFFFD84                  	PUSH	DWORD [-636+EBP]
   441 00000477 E8 [00000000]                   	CALL	_sheet_updown
   442 0000047C FF B5 FFFFFD90                  	PUSH	DWORD [-624+EBP]
   443 00000482 FF B5 FFFFFD94                  	PUSH	DWORD [-620+EBP]
   444 00000488 68 [000000E8]                   	PUSH	LC1
   445 0000048D 53                              	PUSH	EBX
   446 0000048E E8 [00000000]                   	CALL	_sprintf
   447 00000493 83 C4 28                        	ADD	ESP,40
   448 00000496 53                              	PUSH	EBX
   449 00000497 6A 07                           	PUSH	7
   450 00000499 6A 00                           	PUSH	0
   451 0000049B 6A 00                           	PUSH	0
   452 0000049D 0F BF 05 00000FF4               	MOVSX	EAX,WORD [4084]
   453 000004A4 50                              	PUSH	EAX
   454 000004A5 57                              	PUSH	EDI
   455 000004A6 E8 [00000000]                   	CALL	_putfonts8_asc
   456 000004AB 68 003C0000                     	PUSH	3932160
   457 000004B0 E8 [00000000]                   	CALL	_memman_total
   458 000004B5 C1 E8 0A                        	SHR	EAX,10
   459 000004B8 89 04 24                        	MOV	DWORD [ESP],EAX
   460 000004BB 56                              	PUSH	ESI
   461 000004BC 68 [000000F3]                   	PUSH	LC2
   462 000004C1 53                              	PUSH	EBX
   463 000004C2 E8 [00000000]                   	CALL	_sprintf
   464 000004C7 83 C4 28                        	ADD	ESP,40
   465 000004CA 53                              	PUSH	EBX
   466 000004CB 8D 9D FFFFFDAC                  	LEA	EBX,DWORD [-596+EBP]
   467 000004D1 6A 07                           	PUSH	7
   468 000004D3 6A 20                           	PUSH	32
   469 000004D5 6A 00                           	PUSH	0
   470 000004D7 0F BF 05 00000FF4               	MOVSX	EAX,WORD [4084]
   471 000004DE 50                              	PUSH	EAX
   472 000004DF 57                              	PUSH	EDI
   473 000004E0 E8 [00000000]                   	CALL	_putfonts8_asc
   474 000004E5 6A 30                           	PUSH	48
   475 000004E7 0F BF 05 00000FF4               	MOVSX	EAX,WORD [4084]
   476 000004EE 50                              	PUSH	EAX
   477 000004EF 6A 00                           	PUSH	0
   478 000004F1 6A 00                           	PUSH	0
   479 000004F3 FF B5 FFFFFD88                  	PUSH	DWORD [-632+EBP]
   480 000004F9 E8 [00000000]                   	CALL	_sheet_refresh
   481 000004FE 8D 45 D4                        	LEA	EAX,DWORD [-44+EBP]
   482 00000501 83 C4 2C                        	ADD	ESP,44
   483 00000504 53                              	PUSH	EBX
   484 00000505 6A 08                           	PUSH	8
   485 00000507 50                              	PUSH	EAX
   486 00000508 E8 [00000000]                   	CALL	_fifo8_init
   487 0000050D                                 L50:
   488 0000050D 83 C4 0C                        	ADD	ESP,12
   489 00000510                                 L25:
   490 00000510 FF 85 FFFFFD8C                  	INC	DWORD [-628+EBP]
   491 00000516 8D 95 FFFFFF64                  	LEA	EDX,DWORD [-156+EBP]
   492 0000051C FF B5 FFFFFD8C                  	PUSH	DWORD [-628+EBP]
   493 00000522 68 [0000010B]                   	PUSH	LC3
   494 00000527 8D 9D FFFFFF64                  	LEA	EBX,DWORD [-156+EBP]
   495 0000052D 52                              	PUSH	EDX
   496 0000052E 8D 75 94                        	LEA	ESI,DWORD [-108+EBP]
   497 00000531 E8 [00000000]                   	CALL	_sprintf
   498 00000536 FF 35 [00000000]                	PUSH	DWORD [_timerctl]
   499 0000053C 68 [0000010B]                   	PUSH	LC3
   500 00000541 53                              	PUSH	EBX
   501 00000542 E8 [00000000]                   	CALL	_sprintf
   502 00000547 6A 2B                           	PUSH	43
   503 00000549 6A 77                           	PUSH	119
   504 0000054B 6A 1C                           	PUSH	28
   505 0000054D 6A 28                           	PUSH	40
   506 0000054F 6A 08                           	PUSH	8
   507 00000551 68 000000A0                     	PUSH	160
   508 00000556 FF B5 FFFFFD7C                  	PUSH	DWORD [-644+EBP]
   509 0000055C E8 [00000000]                   	CALL	_boxfill8
   510 00000561 83 C4 34                        	ADD	ESP,52
   511 00000564 53                              	PUSH	EBX
   512 00000565 6A 00                           	PUSH	0
   513 00000567 6A 1C                           	PUSH	28
   514 00000569 6A 28                           	PUSH	40
   515 0000056B 68 000000A0                     	PUSH	160
   516 00000570 FF B5 FFFFFD7C                  	PUSH	DWORD [-644+EBP]
   517 00000576 E8 [00000000]                   	CALL	_putfonts8_asc
   518 0000057B 6A 2C                           	PUSH	44
   519 0000057D 6A 78                           	PUSH	120
   520 0000057F 6A 1C                           	PUSH	28
   521 00000581 6A 28                           	PUSH	40
   522 00000583 FF B5 FFFFFD80                  	PUSH	DWORD [-640+EBP]
   523 00000589 E8 [00000000]                   	CALL	_sheet_refresh
   524 0000058E 83 C4 2C                        	ADD	ESP,44
   525 00000591 E8 [00000000]                   	CALL	_io_cli
   526 00000596 68 [00000000]                   	PUSH	_keyfifo
   527 0000059B E8 [00000000]                   	CALL	_fifo8_status
   528 000005A0 8D 55 D4                        	LEA	EDX,DWORD [-44+EBP]
   529 000005A3 52                              	PUSH	EDX
   530 000005A4 89 85 FFFFFD70                  	MOV	DWORD [-656+EBP],EAX
   531 000005AA E8 [00000000]                   	CALL	_fifo8_status
   532 000005AF 89 C3                           	MOV	EBX,EAX
   533 000005B1 8D 45 B4                        	LEA	EAX,DWORD [-76+EBP]
   534 000005B4 89 04 24                        	MOV	DWORD [ESP],EAX
   535 000005B7 E8 [00000000]                   	CALL	_fifo8_status
   536 000005BC 01 C3                           	ADD	EBX,EAX
   537 000005BE 89 34 24                        	MOV	DWORD [ESP],ESI
   538 000005C1 E8 [00000000]                   	CALL	_fifo8_status
   539 000005C6 8D 04 18                        	LEA	EAX,DWORD [EAX+EBX*1]
   540 000005C9 6B C0 18                        	IMUL	EAX,EAX,24
   541 000005CC 05 [00000000]                   	ADD	EAX,_mousefifo
   542 000005D1 89 04 24                        	MOV	DWORD [ESP],EAX
   543 000005D4 E8 [00000000]                   	CALL	_fifo8_status
   544 000005D9 5B                              	POP	EBX
   545 000005DA 03 85 FFFFFD70                  	ADD	EAX,DWORD [-656+EBP]
   546 000005E0 5A                              	POP	EDX
   547 000005E1 85 C0                           	TEST	EAX,EAX
   548 000005E3 0F 84 0000037E                  	JE	L52
   549 000005E9 68 [00000000]                   	PUSH	_keyfifo
   550 000005EE E8 [00000000]                   	CALL	_fifo8_status
   551 000005F3 59                              	POP	ECX
   552 000005F4 85 C0                           	TEST	EAX,EAX
   553 000005F6 0F 85 000002F7                  	JNE	L53
   554 000005FC 68 [00000000]                   	PUSH	_mousefifo
   555 00000601 E8 [00000000]                   	CALL	_fifo8_status
   556 00000606 5A                              	POP	EDX
   557 00000607 85 C0                           	TEST	EAX,EAX
   558 00000609 0F 85 0000011E                  	JNE	L54
   559 0000060F 8D 45 D4                        	LEA	EAX,DWORD [-44+EBP]
   560 00000612 50                              	PUSH	EAX
   561 00000613 E8 [00000000]                   	CALL	_fifo8_status
   562 00000618 5B                              	POP	EBX
   563 00000619 85 C0                           	TEST	EAX,EAX
   564 0000061B 0F 85 000000DD                  	JNE	L55
   565 00000621 8D 5D B4                        	LEA	EBX,DWORD [-76+EBP]
   566 00000624 53                              	PUSH	EBX
   567 00000625 E8 [00000000]                   	CALL	_fifo8_status
   568 0000062A 59                              	POP	ECX
   569 0000062B 85 C0                           	TEST	EAX,EAX
   570 0000062D 0F 85 0000008C                  	JNE	L56
   571 00000633 56                              	PUSH	ESI
   572 00000634 E8 [00000000]                   	CALL	_fifo8_status
   573 00000639 5A                              	POP	EDX
   574 0000063A 85 C0                           	TEST	EAX,EAX
   575 0000063C 0F 84 FFFFFECE                  	JE	L25
   576 00000642 56                              	PUSH	ESI
   577 00000643 E8 [00000000]                   	CALL	_fifo8_get
   578 00000648 89 C3                           	MOV	EBX,EAX
   579 0000064A E8 [00000000]                   	CALL	_io_sti
   580 0000064F 58                              	POP	EAX
   581 00000650 85 DB                           	TEST	EBX,EBX
   582 00000652 74 51                           	JE	L47
   583 00000654 6A 00                           	PUSH	0
   584 00000656 56                              	PUSH	ESI
   585 00000657 FF B5 FFFFFD98                  	PUSH	DWORD [-616+EBP]
   586 0000065D E8 [00000000]                   	CALL	_timer_init
   587 00000662 6A 6F                           	PUSH	111
   588 00000664 6A 0F                           	PUSH	15
   589 00000666 6A 60                           	PUSH	96
   590 00000668 6A 08                           	PUSH	8
   591 0000066A 6A 07                           	PUSH	7
   592 0000066C                                 L51:
   593 0000066C 0F BF 05 00000FF4               	MOVSX	EAX,WORD [4084]
   594 00000673 50                              	PUSH	EAX
   595 00000674 57                              	PUSH	EDI
   596 00000675 E8 [00000000]                   	CALL	_boxfill8
   597 0000067A 83 C4 28                        	ADD	ESP,40
   598 0000067D 6A 32                           	PUSH	50
   599 0000067F FF B5 FFFFFD98                  	PUSH	DWORD [-616+EBP]
   600 00000685 E8 [00000000]                   	CALL	_timer_settime
   601 0000068A 6A 70                           	PUSH	112
   602 0000068C 6A 10                           	PUSH	16
   603 0000068E 6A 60                           	PUSH	96
   604 00000690 6A 08                           	PUSH	8
   605 00000692 FF B5 FFFFFD88                  	PUSH	DWORD [-632+EBP]
   606 00000698 E8 [00000000]                   	CALL	_sheet_refresh
   607 0000069D 83 C4 1C                        	ADD	ESP,28
   608 000006A0 E9 FFFFFE6B                     	JMP	L25
   609 000006A5                                 L47:
   610 000006A5 6A 01                           	PUSH	1
   611 000006A7 56                              	PUSH	ESI
   612 000006A8 FF B5 FFFFFD98                  	PUSH	DWORD [-616+EBP]
   613 000006AE E8 [00000000]                   	CALL	_timer_init
   614 000006B3 6A 6F                           	PUSH	111
   615 000006B5 6A 0F                           	PUSH	15
   616 000006B7 6A 60                           	PUSH	96
   617 000006B9 6A 08                           	PUSH	8
   618 000006BB 6A 0E                           	PUSH	14
   619 000006BD EB AD                           	JMP	L51
   620 000006BF                                 L56:
   621 000006BF 53                              	PUSH	EBX
   622 000006C0 E8 [00000000]                   	CALL	_fifo8_get
   623 000006C5 E8 [00000000]                   	CALL	_io_sti
   624 000006CA 68 [00000111]                   	PUSH	LC7
   625 000006CF 6A 07                           	PUSH	7
   626 000006D1 6A 50                           	PUSH	80
   627 000006D3 6A 00                           	PUSH	0
   628 000006D5 0F BF 05 00000FF4               	MOVSX	EAX,WORD [4084]
   629 000006DC 50                              	PUSH	EAX
   630 000006DD 57                              	PUSH	EDI
   631 000006DE E8 [00000000]                   	CALL	_putfonts8_asc
   632 000006E3 6A 60                           	PUSH	96
   633 000006E5 6A 30                           	PUSH	48
   634 000006E7 6A 50                           	PUSH	80
   635 000006E9                                 L49:
   636 000006E9 6A 00                           	PUSH	0
   637 000006EB FF B5 FFFFFD88                  	PUSH	DWORD [-632+EBP]
   638 000006F1 E8 [00000000]                   	CALL	_sheet_refresh
   639 000006F6 83 C4 30                        	ADD	ESP,48
   640 000006F9 E9 FFFFFE12                     	JMP	L25
   641 000006FE                                 L55:
   642 000006FE 8D 55 D4                        	LEA	EDX,DWORD [-44+EBP]
   643 00000701 52                              	PUSH	EDX
   644 00000702 E8 [00000000]                   	CALL	_fifo8_get
   645 00000707 E8 [00000000]                   	CALL	_io_sti
   646 0000070C 68 [00000118]                   	PUSH	LC6
   647 00000711 6A 07                           	PUSH	7
   648 00000713 6A 40                           	PUSH	64
   649 00000715 6A 00                           	PUSH	0
   650 00000717 0F BF 05 00000FF4               	MOVSX	EAX,WORD [4084]
   651 0000071E 50                              	PUSH	EAX
   652 0000071F 57                              	PUSH	EDI
   653 00000720 E8 [00000000]                   	CALL	_putfonts8_asc
   654 00000725 6A 50                           	PUSH	80
   655 00000727 6A 38                           	PUSH	56
   656 00000729 6A 40                           	PUSH	64
   657 0000072B EB BC                           	JMP	L49
   658 0000072D                                 L54:
   659 0000072D 68 [00000000]                   	PUSH	_mousefifo
   660 00000732 E8 [00000000]                   	CALL	_fifo8_get
   661 00000737 89 C3                           	MOV	EBX,EAX
   662 00000739 E8 [00000000]                   	CALL	_io_sti
   663 0000073E 0F B6 C3                        	MOVZX	EAX,BL
   664 00000741 50                              	PUSH	EAX
   665 00000742 8D 85 FFFFFEB4                  	LEA	EAX,DWORD [-332+EBP]
   666 00000748 50                              	PUSH	EAX
   667 00000749 E8 [00000000]                   	CALL	_mouse_decode
   668 0000074E 83 C4 0C                        	ADD	ESP,12
   669 00000751 85 C0                           	TEST	EAX,EAX
   670 00000753 0F 84 FFFFFDB7                  	JE	L25
   671 00000759 FF B5 FFFFFEBC                  	PUSH	DWORD [-324+EBP]
   672 0000075F FF B5 FFFFFEB8                  	PUSH	DWORD [-328+EBP]
   673 00000765 68 [00000120]                   	PUSH	LC5
   674 0000076A 8D 85 FFFFFF64                  	LEA	EAX,DWORD [-156+EBP]
   675 00000770 50                              	PUSH	EAX
   676 00000771 E8 [00000000]                   	CALL	_sprintf
   677 00000776 83 C4 10                        	ADD	ESP,16
   678 00000779 8B 85 FFFFFEC0                  	MOV	EAX,DWORD [-320+EBP]
   679 0000077F A9 00000001                     	TEST	EAX,1
   680 00000784 74 07                           	JE	L34
   681 00000786 C6 85 FFFFFF65 4C               	MOV	BYTE [-155+EBP],76
   682 0000078D                                 L34:
   683 0000078D A9 00000002                     	TEST	EAX,2
   684 00000792 74 07                           	JE	L35
   685 00000794 C6 85 FFFFFF67 52               	MOV	BYTE [-153+EBP],82
   686 0000079B                                 L35:
   687 0000079B 83 E0 04                        	AND	EAX,4
   688 0000079E 74 07                           	JE	L36
   689 000007A0 C6 85 FFFFFF66 43               	MOV	BYTE [-154+EBP],67
   690 000007A7                                 L36:
   691 000007A7 6A 1F                           	PUSH	31
   692 000007A9 68 00000097                     	PUSH	151
   693 000007AE 6A 10                           	PUSH	16
   694 000007B0 6A 20                           	PUSH	32
   695 000007B2 6A 0E                           	PUSH	14
   696 000007B4 0F BF 05 00000FF4               	MOVSX	EAX,WORD [4084]
   697 000007BB 50                              	PUSH	EAX
   698 000007BC 57                              	PUSH	EDI
   699 000007BD E8 [00000000]                   	CALL	_boxfill8
   700 000007C2 8D 95 FFFFFF64                  	LEA	EDX,DWORD [-156+EBP]
   701 000007C8 52                              	PUSH	EDX
   702 000007C9 6A 07                           	PUSH	7
   703 000007CB 6A 10                           	PUSH	16
   704 000007CD 6A 20                           	PUSH	32
   705 000007CF 0F BF 05 00000FF4               	MOVSX	EAX,WORD [4084]
   706 000007D6 50                              	PUSH	EAX
   707 000007D7 57                              	PUSH	EDI
   708 000007D8 E8 [00000000]                   	CALL	_putfonts8_asc
   709 000007DD 83 C4 34                        	ADD	ESP,52
   710 000007E0 6A 20                           	PUSH	32
   711 000007E2 68 00000098                     	PUSH	152
   712 000007E7 6A 10                           	PUSH	16
   713 000007E9 6A 20                           	PUSH	32
   714 000007EB FF B5 FFFFFD88                  	PUSH	DWORD [-632+EBP]
   715 000007F1 E8 [00000000]                   	CALL	_sheet_refresh
   716 000007F6 8B 85 FFFFFEB8                  	MOV	EAX,DWORD [-328+EBP]
   717 000007FC 8B 9D FFFFFEBC                  	MOV	EBX,DWORD [-324+EBP]
   718 00000802 83 C4 14                        	ADD	ESP,20
   719 00000805 01 9D FFFFFD90                  	ADD	DWORD [-624+EBP],EBX
   720 0000080B 01 85 FFFFFD94                  	ADD	DWORD [-620+EBP],EAX
   721 00000811 0F 88 000000CD                  	JS	L57
   722 00000817                                 L37:
   723 00000817 83 BD FFFFFD90 00               	CMP	DWORD [-624+EBP],0
   724 0000081E 0F 88 000000B1                  	JS	L58
   725 00000824                                 L38:
   726 00000824 0F BF 05 00000FF4               	MOVSX	EAX,WORD [4084]
   727 0000082B 48                              	DEC	EAX
   728 0000082C 39 85 FFFFFD94                  	CMP	DWORD [-620+EBP],EAX
   729 00000832 7E 06                           	JLE	L39
   730 00000834 89 85 FFFFFD94                  	MOV	DWORD [-620+EBP],EAX
   731 0000083A                                 L39:
   732 0000083A 0F BF 05 00000FF6               	MOVSX	EAX,WORD [4086]
   733 00000841 48                              	DEC	EAX
   734 00000842 39 85 FFFFFD90                  	CMP	DWORD [-624+EBP],EAX
   735 00000848 7E 06                           	JLE	L40
   736 0000084A 89 85 FFFFFD90                  	MOV	DWORD [-624+EBP],EAX
   737 00000850                                 L40:
   738 00000850 FF B5 FFFFFD90                  	PUSH	DWORD [-624+EBP]
   739 00000856 FF B5 FFFFFD94                  	PUSH	DWORD [-620+EBP]
   740 0000085C 68 [000000E8]                   	PUSH	LC1
   741 00000861 8D 95 FFFFFF64                  	LEA	EDX,DWORD [-156+EBP]
   742 00000867 52                              	PUSH	EDX
   743 00000868 8D 9D FFFFFF64                  	LEA	EBX,DWORD [-156+EBP]
   744 0000086E E8 [00000000]                   	CALL	_sprintf
   745 00000873 6A 0F                           	PUSH	15
   746 00000875 6A 4F                           	PUSH	79
   747 00000877 6A 00                           	PUSH	0
   748 00000879 6A 00                           	PUSH	0
   749 0000087B 6A 0E                           	PUSH	14
   750 0000087D 0F BF 05 00000FF4               	MOVSX	EAX,WORD [4084]
   751 00000884 50                              	PUSH	EAX
   752 00000885 57                              	PUSH	EDI
   753 00000886 E8 [00000000]                   	CALL	_boxfill8
   754 0000088B 83 C4 2C                        	ADD	ESP,44
   755 0000088E 53                              	PUSH	EBX
   756 0000088F 6A 07                           	PUSH	7
   757 00000891 6A 00                           	PUSH	0
   758 00000893 6A 00                           	PUSH	0
   759 00000895 0F BF 05 00000FF4               	MOVSX	EAX,WORD [4084]
   760 0000089C 50                              	PUSH	EAX
   761 0000089D 57                              	PUSH	EDI
   762 0000089E E8 [00000000]                   	CALL	_putfonts8_asc
   763 000008A3 6A 10                           	PUSH	16
   764 000008A5 6A 50                           	PUSH	80
   765 000008A7 6A 00                           	PUSH	0
   766 000008A9 6A 00                           	PUSH	0
   767 000008AB FF B5 FFFFFD88                  	PUSH	DWORD [-632+EBP]
   768 000008B1 E8 [00000000]                   	CALL	_sheet_refresh
   769 000008B6 83 C4 2C                        	ADD	ESP,44
   770 000008B9 FF B5 FFFFFD90                  	PUSH	DWORD [-624+EBP]
   771 000008BF FF B5 FFFFFD94                  	PUSH	DWORD [-620+EBP]
   772 000008C5 FF B5 FFFFFD84                  	PUSH	DWORD [-636+EBP]
   773 000008CB E8 [00000000]                   	CALL	_sheet_slide
   774 000008D0 E9 FFFFFC38                     	JMP	L50
   775 000008D5                                 L58:
   776 000008D5 C7 85 FFFFFD90 00000000         	MOV	DWORD [-624+EBP],0
   777 000008DF E9 FFFFFF40                     	JMP	L38
   778 000008E4                                 L57:
   779 000008E4 C7 85 FFFFFD94 00000000         	MOV	DWORD [-620+EBP],0
   780 000008EE E9 FFFFFF24                     	JMP	L37
   781 000008F3                                 L53:
   782 000008F3 68 [00000000]                   	PUSH	_keyfifo
   783 000008F8 E8 [00000000]                   	CALL	_fifo8_get
   784 000008FD 89 C3                           	MOV	EBX,EAX
   785 000008FF E8 [00000000]                   	CALL	_io_sti
   786 00000904 53                              	PUSH	EBX
   787 00000905 8D 95 FFFFFF64                  	LEA	EDX,DWORD [-156+EBP]
   788 0000090B 68 [0000012E]                   	PUSH	LC4
   789 00000910 8D 9D FFFFFF64                  	LEA	EBX,DWORD [-156+EBP]
   790 00000916 52                              	PUSH	EDX
   791 00000917 E8 [00000000]                   	CALL	_sprintf
   792 0000091C 6A 1F                           	PUSH	31
   793 0000091E 6A 0F                           	PUSH	15
   794 00000920 6A 10                           	PUSH	16
   795 00000922 6A 00                           	PUSH	0
   796 00000924 6A 0E                           	PUSH	14
   797 00000926 0F BF 05 00000FF4               	MOVSX	EAX,WORD [4084]
   798 0000092D 50                              	PUSH	EAX
   799 0000092E 57                              	PUSH	EDI
   800 0000092F E8 [00000000]                   	CALL	_boxfill8
   801 00000934 83 C4 2C                        	ADD	ESP,44
   802 00000937 53                              	PUSH	EBX
   803 00000938 6A 07                           	PUSH	7
   804 0000093A 6A 10                           	PUSH	16
   805 0000093C 6A 00                           	PUSH	0
   806 0000093E 0F BF 05 00000FF4               	MOVSX	EAX,WORD [4084]
   807 00000945 50                              	PUSH	EAX
   808 00000946 57                              	PUSH	EDI
   809 00000947 E8 [00000000]                   	CALL	_putfonts8_asc
   810 0000094C 6A 20                           	PUSH	32
   811 0000094E 6A 10                           	PUSH	16
   812 00000950 6A 10                           	PUSH	16
   813 00000952 6A 00                           	PUSH	0
   814 00000954 FF B5 FFFFFD88                  	PUSH	DWORD [-632+EBP]
   815 0000095A E8 [00000000]                   	CALL	_sheet_refresh
   816 0000095F 83 C4 2C                        	ADD	ESP,44
   817 00000962 E9 FFFFFBA9                     	JMP	L25
   818 00000967                                 L52:
   819 00000967 E8 [00000000]                   	CALL	_io_stihlt
   820 0000096C E9 FFFFFB9F                     	JMP	L25
