     1 00000000                                 [FORMAT "WCOFF"]
     2 00000000                                 [INSTRSET "i486p"]
     3 00000000                                 [OPTIMIZE 1]
     4 00000000                                 [OPTION 1]
     5 00000000                                 [BITS 32]
     6 00000000                                 	EXTERN	_memman_alloc_4k
     7 00000000                                 	EXTERN	_memman_free_4k
     8 00000000                                 [FILE "sheet.c"]
     9                                          [SECTION .text]
    10 00000000                                 	GLOBAL	_shtctl_init
    11 00000000                                 _shtctl_init:
    12 00000000 55                              	PUSH	EBP
    13 00000001 89 E5                           	MOV	EBP,ESP
    14 00000003 57                              	PUSH	EDI
    15 00000004 56                              	PUSH	ESI
    16 00000005 53                              	PUSH	EBX
    17 00000006 8B 75 08                        	MOV	ESI,DWORD [8+EBP]
    18 00000009 68 00002814                     	PUSH	10260
    19 0000000E 8B 7D 10                        	MOV	EDI,DWORD [16+EBP]
    20 00000011 56                              	PUSH	ESI
    21 00000012 E8 [00000000]                   	CALL	_memman_alloc_4k
    22 00000017 89 C3                           	MOV	EBX,EAX
    23 00000019 58                              	POP	EAX
    24 0000001A 5A                              	POP	EDX
    25 0000001B 85 DB                           	TEST	EBX,EBX
    26 0000001D 74 4A                           	JE	L3
    27 0000001F 8B 45 14                        	MOV	EAX,DWORD [20+EBP]
    28 00000022 0F AF C7                        	IMUL	EAX,EDI
    29 00000025 50                              	PUSH	EAX
    30 00000026 56                              	PUSH	ESI
    31 00000027 E8 [00000000]                   	CALL	_memman_alloc_4k
    32 0000002C 85 C0                           	TEST	EAX,EAX
    33 0000002E 89 43 04                        	MOV	DWORD [4+EBX],EAX
    34 00000031 5A                              	POP	EDX
    35 00000032 59                              	POP	ECX
    36 00000033 74 3E                           	JE	L11
    37 00000035 8B 45 0C                        	MOV	EAX,DWORD [12+EBP]
    38 00000038 89 7B 08                        	MOV	DWORD [8+EBX],EDI
    39 0000003B 89 03                           	MOV	DWORD [EBX],EAX
    40 0000003D 8D 93 000023DC                  	LEA	EDX,DWORD [9180+EBX]
    41 00000043 8B 45 14                        	MOV	EAX,DWORD [20+EBP]
    42 00000046 89 43 0C                        	MOV	DWORD [12+EBX],EAX
    43 00000049 89 D8                           	MOV	EAX,EBX
    44 0000004B C7 43 10 FFFFFFFF               	MOV	DWORD [16+EBX],-1
    45 00000052                                 L9:
    46 00000052 C7 80 00000430 00000000         	MOV	DWORD [1072+EAX],0
    47 0000005C 89 98 00000434                  	MOV	DWORD [1076+EAX],EBX
    48 00000062 83 C0 24                        	ADD	EAX,36
    49 00000065 39 D0                           	CMP	EAX,EDX
    50 00000067 7E E9                           	JLE	L9
    51 00000069                                 L3:
    52 00000069 8D 65 F4                        	LEA	ESP,DWORD [-12+EBP]
    53 0000006C 89 D8                           	MOV	EAX,EBX
    54 0000006E 5B                              	POP	EBX
    55 0000006F 5E                              	POP	ESI
    56 00000070 5F                              	POP	EDI
    57 00000071 5D                              	POP	EBP
    58 00000072 C3                              	RET
    59 00000073                                 L11:
    60 00000073 68 00002814                     	PUSH	10260
    61 00000078 53                              	PUSH	EBX
    62 00000079 56                              	PUSH	ESI
    63 0000007A E8 [00000000]                   	CALL	_memman_free_4k
    64 0000007F 83 C4 0C                        	ADD	ESP,12
    65 00000082 EB E5                           	JMP	L3
    66 00000084                                 	GLOBAL	_sheet_alloc
    67 00000084                                 _sheet_alloc:
    68 00000084 55                              	PUSH	EBP
    69 00000085 31 D2                           	XOR	EDX,EDX
    70 00000087 89 E5                           	MOV	EBP,ESP
    71 00000089 8B 45 08                        	MOV	EAX,DWORD [8+EBP]
    72 0000008C 05 00000414                     	ADD	EAX,1044
    73 00000091                                 L18:
    74 00000091 83 78 1C 00                     	CMP	DWORD [28+EAX],0
    75 00000095 74 10                           	JE	L21
    76 00000097 42                              	INC	EDX
    77 00000098 83 C0 24                        	ADD	EAX,36
    78 0000009B 81 FA 000000FF                  	CMP	EDX,255
    79 000000A1 7E EE                           	JLE	L18
    80 000000A3 31 C0                           	XOR	EAX,EAX
    81 000000A5                                 L12:
    82 000000A5 5D                              	POP	EBP
    83 000000A6 C3                              	RET
    84 000000A7                                 L21:
    85 000000A7 C7 40 1C 00000001               	MOV	DWORD [28+EAX],1
    86 000000AE C7 40 18 FFFFFFFF               	MOV	DWORD [24+EAX],-1
    87 000000B5 EB EE                           	JMP	L12
    88 000000B7                                 	GLOBAL	_sheet_setbuf
    89 000000B7                                 _sheet_setbuf:
    90 000000B7 55                              	PUSH	EBP
    91 000000B8 89 E5                           	MOV	EBP,ESP
    92 000000BA 8B 55 08                        	MOV	EDX,DWORD [8+EBP]
    93 000000BD 8B 45 0C                        	MOV	EAX,DWORD [12+EBP]
    94 000000C0 89 02                           	MOV	DWORD [EDX],EAX
    95 000000C2 8B 45 10                        	MOV	EAX,DWORD [16+EBP]
    96 000000C5 89 42 04                        	MOV	DWORD [4+EDX],EAX
    97 000000C8 8B 45 14                        	MOV	EAX,DWORD [20+EBP]
    98 000000CB 89 42 08                        	MOV	DWORD [8+EDX],EAX
    99 000000CE 8B 45 18                        	MOV	EAX,DWORD [24+EBP]
   100 000000D1 89 42 14                        	MOV	DWORD [20+EDX],EAX
   101 000000D4 5D                              	POP	EBP
   102 000000D5 C3                              	RET
   103 000000D6                                 	GLOBAL	_sheet_updown
   104 000000D6                                 _sheet_updown:
   105 000000D6 55                              	PUSH	EBP
   106 000000D7 89 E5                           	MOV	EBP,ESP
   107 000000D9 57                              	PUSH	EDI
   108 000000DA 56                              	PUSH	ESI
   109 000000DB 53                              	PUSH	EBX
   110 000000DC 51                              	PUSH	ECX
   111 000000DD 8B 7D 08                        	MOV	EDI,DWORD [8+EBP]
   112 000000E0 8B 5D 0C                        	MOV	EBX,DWORD [12+EBP]
   113 000000E3 8B 77 20                        	MOV	ESI,DWORD [32+EDI]
   114 000000E6 8B 47 18                        	MOV	EAX,DWORD [24+EDI]
   115 000000E9 89 45 F0                        	MOV	DWORD [-16+EBP],EAX
   116 000000EC 8B 46 10                        	MOV	EAX,DWORD [16+ESI]
   117 000000EF 40                              	INC	EAX
   118 000000F0 39 C3                           	CMP	EBX,EAX
   119 000000F2 7E 02                           	JLE	L24
   120 000000F4 89 C3                           	MOV	EBX,EAX
   121 000000F6                                 L24:
   122 000000F6 83 FB FF                        	CMP	EBX,-1
   123 000000F9 7D 03                           	JGE	L25
   124 000000FB 83 CB FF                        	OR	EBX,-1
   125 000000FE                                 L25:
   126 000000FE 89 5F 18                        	MOV	DWORD [24+EDI],EBX
   127 00000101 39 5D F0                        	CMP	DWORD [-16+EBP],EBX
   128 00000104 0F 8E 000000C9                  	JLE	L26
   129 0000010A 85 DB                           	TEST	EBX,EBX
   130 0000010C 0F 88 0000009C                  	JS	L27
   131 00000112 8B 4D F0                        	MOV	ECX,DWORD [-16+EBP]
   132 00000115                                 L32:
   133 00000115 8B 44 8E 10                     	MOV	EAX,DWORD [16+ESI+ECX*4]
   134 00000119 89 44 8E 14                     	MOV	DWORD [20+ESI+ECX*4],EAX
   135 0000011D 89 48 18                        	MOV	DWORD [24+EAX],ECX
   136 00000120 49                              	DEC	ECX
   137 00000121 39 D9                           	CMP	ECX,EBX
   138 00000123 7F F0                           	JG	L32
   139 00000125 89 7C 9E 14                     	MOV	DWORD [20+ESI+EBX*4],EDI
   140 00000129 43                              	INC	EBX
   141 0000012A 53                              	PUSH	EBX
   142 0000012B 8B 4F 10                        	MOV	ECX,DWORD [16+EDI]
   143 0000012E 89 C8                           	MOV	EAX,ECX
   144 00000130 03 47 08                        	ADD	EAX,DWORD [8+EDI]
   145 00000133 50                              	PUSH	EAX
   146 00000134 8B 57 0C                        	MOV	EDX,DWORD [12+EDI]
   147 00000137 89 D0                           	MOV	EAX,EDX
   148 00000139 03 47 04                        	ADD	EAX,DWORD [4+EDI]
   149 0000013C 50                              	PUSH	EAX
   150 0000013D 51                              	PUSH	ECX
   151 0000013E 52                              	PUSH	EDX
   152 0000013F 56                              	PUSH	ESI
   153 00000140 E8 00000133                     	CALL	_sheet_refreshmap
   154 00000145 FF 75 F0                        	PUSH	DWORD [-16+EBP]
   155 00000148 53                              	PUSH	EBX
   156 00000149 8B 4F 10                        	MOV	ECX,DWORD [16+EDI]
   157 0000014C 89 C8                           	MOV	EAX,ECX
   158 0000014E 03 47 08                        	ADD	EAX,DWORD [8+EDI]
   159 00000151 50                              	PUSH	EAX
   160 00000152 8B 57 0C                        	MOV	EDX,DWORD [12+EDI]
   161 00000155 89 D0                           	MOV	EAX,EDX
   162 00000157 03 47 04                        	ADD	EAX,DWORD [4+EDI]
   163 0000015A 50                              	PUSH	EAX
   164 0000015B 51                              	PUSH	ECX
   165 0000015C 52                              	PUSH	EDX
   166 0000015D 56                              	PUSH	ESI
   167 0000015E E8 00000272                     	CALL	_sheet_refreshsub
   168 00000163 83 C4 34                        	ADD	ESP,52
   169 00000166                                 L33:
   170 00000166 6A 00                           	PUSH	0
   171 00000168 8B 4F 10                        	MOV	ECX,DWORD [16+EDI]
   172 0000016B 89 C8                           	MOV	EAX,ECX
   173 0000016D 03 47 08                        	ADD	EAX,DWORD [8+EDI]
   174 00000170 50                              	PUSH	EAX
   175 00000171 8B 57 0C                        	MOV	EDX,DWORD [12+EDI]
   176 00000174 89 D0                           	MOV	EAX,EDX
   177 00000176 03 47 04                        	ADD	EAX,DWORD [4+EDI]
   178 00000179 50                              	PUSH	EAX
   179 0000017A 51                              	PUSH	ECX
   180 0000017B 52                              	PUSH	EDX
   181 0000017C 56                              	PUSH	ESI
   182 0000017D E8 000000F6                     	CALL	_sheet_refreshmap
   183 00000182 8B 45 F0                        	MOV	EAX,DWORD [-16+EBP]
   184 00000185 48                              	DEC	EAX
   185 00000186 50                              	PUSH	EAX
   186 00000187 6A 00                           	PUSH	0
   187 00000189                                 L61:
   188 00000189 8B 4F 10                        	MOV	ECX,DWORD [16+EDI]
   189 0000018C 89 C8                           	MOV	EAX,ECX
   190 0000018E 03 47 08                        	ADD	EAX,DWORD [8+EDI]
   191 00000191 50                              	PUSH	EAX
   192 00000192 8B 57 0C                        	MOV	EDX,DWORD [12+EDI]
   193 00000195 89 D0                           	MOV	EAX,EDX
   194 00000197 03 47 04                        	ADD	EAX,DWORD [4+EDI]
   195 0000019A 50                              	PUSH	EAX
   196 0000019B 51                              	PUSH	ECX
   197 0000019C 52                              	PUSH	EDX
   198 0000019D 56                              	PUSH	ESI
   199 0000019E E8 00000232                     	CALL	_sheet_refreshsub
   200 000001A3 83 C4 34                        	ADD	ESP,52
   201 000001A6                                 L23:
   202 000001A6 8D 65 F4                        	LEA	ESP,DWORD [-12+EBP]
   203 000001A9 5B                              	POP	EBX
   204 000001AA 5E                              	POP	ESI
   205 000001AB 5F                              	POP	EDI
   206 000001AC 5D                              	POP	EBP
   207 000001AD C3                              	RET
   208 000001AE                                 L27:
   209 000001AE 8B 46 10                        	MOV	EAX,DWORD [16+ESI]
   210 000001B1 3B 45 F0                        	CMP	EAX,DWORD [-16+EBP]
   211 000001B4 7E 18                           	JLE	L34
   212 000001B6 8B 4D F0                        	MOV	ECX,DWORD [-16+EBP]
   213 000001B9 39 C1                           	CMP	ECX,EAX
   214 000001BB 7D 11                           	JGE	L34
   215 000001BD                                 L39:
   216 000001BD 8B 44 8E 18                     	MOV	EAX,DWORD [24+ESI+ECX*4]
   217 000001C1 89 44 8E 14                     	MOV	DWORD [20+ESI+ECX*4],EAX
   218 000001C5 89 48 18                        	MOV	DWORD [24+EAX],ECX
   219 000001C8 41                              	INC	ECX
   220 000001C9 3B 4E 10                        	CMP	ECX,DWORD [16+ESI]
   221 000001CC 7C EF                           	JL	L39
   222 000001CE                                 L34:
   223 000001CE FF 4E 10                        	DEC	DWORD [16+ESI]
   224 000001D1 EB 93                           	JMP	L33
   225 000001D3                                 L26:
   226 000001D3 39 5D F0                        	CMP	DWORD [-16+EBP],EBX
   227 000001D6 7D CE                           	JGE	L23
   228 000001D8 83 7D F0 00                     	CMP	DWORD [-16+EBP],0
   229 000001DC 78 3D                           	JS	L42
   230 000001DE 8B 4D F0                        	MOV	ECX,DWORD [-16+EBP]
   231 000001E1 39 D9                           	CMP	ECX,EBX
   232 000001E3 7D 10                           	JGE	L58
   233 000001E5                                 L47:
   234 000001E5 8B 44 8E 18                     	MOV	EAX,DWORD [24+ESI+ECX*4]
   235 000001E9 89 44 8E 14                     	MOV	DWORD [20+ESI+ECX*4],EAX
   236 000001ED 89 48 18                        	MOV	DWORD [24+EAX],ECX
   237 000001F0 41                              	INC	ECX
   238 000001F1 39 D9                           	CMP	ECX,EBX
   239 000001F3 7C F0                           	JL	L47
   240 000001F5                                 L58:
   241 000001F5 89 7C 9E 14                     	MOV	DWORD [20+ESI+EBX*4],EDI
   242 000001F9                                 L48:
   243 000001F9 53                              	PUSH	EBX
   244 000001FA 8B 4F 10                        	MOV	ECX,DWORD [16+EDI]
   245 000001FD 89 C8                           	MOV	EAX,ECX
   246 000001FF 03 47 08                        	ADD	EAX,DWORD [8+EDI]
   247 00000202 50                              	PUSH	EAX
   248 00000203 8B 57 0C                        	MOV	EDX,DWORD [12+EDI]
   249 00000206 89 D0                           	MOV	EAX,EDX
   250 00000208 03 47 04                        	ADD	EAX,DWORD [4+EDI]
   251 0000020B 50                              	PUSH	EAX
   252 0000020C 51                              	PUSH	ECX
   253 0000020D 52                              	PUSH	EDX
   254 0000020E 56                              	PUSH	ESI
   255 0000020F E8 00000064                     	CALL	_sheet_refreshmap
   256 00000214 53                              	PUSH	EBX
   257 00000215 53                              	PUSH	EBX
   258 00000216 E9 FFFFFF6E                     	JMP	L61
   259 0000021B                                 L42:
   260 0000021B 8B 4E 10                        	MOV	ECX,DWORD [16+ESI]
   261 0000021E 39 D9                           	CMP	ECX,EBX
   262 00000220 7C 13                           	JL	L60
   263 00000222                                 L53:
   264 00000222 8B 54 8E 14                     	MOV	EDX,DWORD [20+ESI+ECX*4]
   265 00000226 8D 41 01                        	LEA	EAX,DWORD [1+ECX]
   266 00000229 89 54 8E 18                     	MOV	DWORD [24+ESI+ECX*4],EDX
   267 0000022D 49                              	DEC	ECX
   268 0000022E 89 42 18                        	MOV	DWORD [24+EDX],EAX
   269 00000231 39 D9                           	CMP	ECX,EBX
   270 00000233 7D ED                           	JGE	L53
   271 00000235                                 L60:
   272 00000235 89 7C 9E 14                     	MOV	DWORD [20+ESI+EBX*4],EDI
   273 00000239 FF 46 10                        	INC	DWORD [16+ESI]
   274 0000023C EB BB                           	JMP	L48
   275 0000023E                                 	GLOBAL	_sheet_refresh
   276 0000023E                                 _sheet_refresh:
   277 0000023E 55                              	PUSH	EBP
   278 0000023F 89 E5                           	MOV	EBP,ESP
   279 00000241 53                              	PUSH	EBX
   280 00000242 8B 5D 08                        	MOV	EBX,DWORD [8+EBP]
   281 00000245 8B 43 18                        	MOV	EAX,DWORD [24+EBX]
   282 00000248 85 C0                           	TEST	EAX,EAX
   283 0000024A 78 27                           	JS	L62
   284 0000024C 50                              	PUSH	EAX
   285 0000024D 50                              	PUSH	EAX
   286 0000024E 8B 4B 10                        	MOV	ECX,DWORD [16+EBX]
   287 00000251 89 C8                           	MOV	EAX,ECX
   288 00000253 03 4D 10                        	ADD	ECX,DWORD [16+EBP]
   289 00000256 03 45 18                        	ADD	EAX,DWORD [24+EBP]
   290 00000259 50                              	PUSH	EAX
   291 0000025A 8B 53 0C                        	MOV	EDX,DWORD [12+EBX]
   292 0000025D 89 D0                           	MOV	EAX,EDX
   293 0000025F 03 55 0C                        	ADD	EDX,DWORD [12+EBP]
   294 00000262 03 45 14                        	ADD	EAX,DWORD [20+EBP]
   295 00000265 50                              	PUSH	EAX
   296 00000266 51                              	PUSH	ECX
   297 00000267 52                              	PUSH	EDX
   298 00000268 FF 73 20                        	PUSH	DWORD [32+EBX]
   299 0000026B E8 00000165                     	CALL	_sheet_refreshsub
   300 00000270 83 C4 1C                        	ADD	ESP,28
   301 00000273                                 L62:
   302 00000273 8B 5D FC                        	MOV	EBX,DWORD [-4+EBP]
   303 00000276 C9                              	LEAVE
   304 00000277 C3                              	RET
   305 00000278                                 	GLOBAL	_sheet_refreshmap
   306 00000278                                 _sheet_refreshmap:
   307 00000278 55                              	PUSH	EBP
   308 00000279 89 E5                           	MOV	EBP,ESP
   309 0000027B 57                              	PUSH	EDI
   310 0000027C 56                              	PUSH	ESI
   311 0000027D 53                              	PUSH	EBX
   312 0000027E 83 EC 28                        	SUB	ESP,40
   313 00000281 8B 45 08                        	MOV	EAX,DWORD [8+EBP]
   314 00000284 83 7D 0C 00                     	CMP	DWORD [12+EBP],0
   315 00000288 8B 40 04                        	MOV	EAX,DWORD [4+EAX]
   316 0000028B 89 45 D8                        	MOV	DWORD [-40+EBP],EAX
   317 0000028E 0F 88 00000135                  	JS	L95
   318 00000294                                 L65:
   319 00000294 83 7D 10 00                     	CMP	DWORD [16+EBP],0
   320 00000298 0F 88 0000011F                  	JS	L96
   321 0000029E                                 L66:
   322 0000029E 8B 55 08                        	MOV	EDX,DWORD [8+EBP]
   323 000002A1 8B 42 08                        	MOV	EAX,DWORD [8+EDX]
   324 000002A4 39 45 14                        	CMP	DWORD [20+EBP],EAX
   325 000002A7 7E 03                           	JLE	L67
   326 000002A9 89 45 14                        	MOV	DWORD [20+EBP],EAX
   327 000002AC                                 L67:
   328 000002AC 8B 75 08                        	MOV	ESI,DWORD [8+EBP]
   329 000002AF 8B 46 0C                        	MOV	EAX,DWORD [12+ESI]
   330 000002B2 39 45 18                        	CMP	DWORD [24+EBP],EAX
   331 000002B5 7E 03                           	JLE	L68
   332 000002B7 89 45 18                        	MOV	DWORD [24+EBP],EAX
   333 000002BA                                 L68:
   334 000002BA 8B 45 08                        	MOV	EAX,DWORD [8+EBP]
   335 000002BD 8B 7D 1C                        	MOV	EDI,DWORD [28+EBP]
   336 000002C0 89 7D F0                        	MOV	DWORD [-16+EBP],EDI
   337 000002C3 3B 78 10                        	CMP	EDI,DWORD [16+EAX]
   338 000002C6 0F 8F 000000D6                  	JG	L90
   339 000002CC                                 L88:
   340 000002CC 8B 75 08                        	MOV	ESI,DWORD [8+EBP]
   341 000002CF 8B 55 F0                        	MOV	EDX,DWORD [-16+EBP]
   342 000002D2 8B 5D 10                        	MOV	EBX,DWORD [16+EBP]
   343 000002D5 8B 4C 96 14                     	MOV	ECX,DWORD [20+ESI+EDX*4]
   344 000002D9 89 C8                           	MOV	EAX,ECX
   345 000002DB 29 F0                           	SUB	EAX,ESI
   346 000002DD 8B 39                           	MOV	EDI,DWORD [ECX]
   347 000002DF 2D 00000414                     	SUB	EAX,1044
   348 000002E4 8B 51 10                        	MOV	EDX,DWORD [16+ECX]
   349 000002E7 C1 F8 02                        	SAR	EAX,2
   350 000002EA 89 7D E0                        	MOV	DWORD [-32+EBP],EDI
   351 000002ED 69 C0 38E38E39                  	IMUL	EAX,EAX,954437177
   352 000002F3 8B 7D 18                        	MOV	EDI,DWORD [24+EBP]
   353 000002F6 29 D3                           	SUB	EBX,EDX
   354 000002F8 29 D7                           	SUB	EDI,EDX
   355 000002FA 88 45 DF                        	MOV	BYTE [-33+EBP],AL
   356 000002FD 8B 75 14                        	MOV	ESI,DWORD [20+EBP]
   357 00000300 8B 55 0C                        	MOV	EDX,DWORD [12+EBP]
   358 00000303 8B 41 0C                        	MOV	EAX,DWORD [12+ECX]
   359 00000306 89 7D D4                        	MOV	DWORD [-44+EBP],EDI
   360 00000309 29 C6                           	SUB	ESI,EAX
   361 0000030B 29 C2                           	SUB	EDX,EAX
   362 0000030D 89 75 CC                        	MOV	DWORD [-52+EBP],ESI
   363 00000310 89 55 E4                        	MOV	DWORD [-28+EBP],EDX
   364 00000313 0F 88 00000098                  	JS	L97
   365 00000319                                 L73:
   366 00000319 85 DB                           	TEST	EBX,EBX
   367 0000031B 0F 88 00000089                  	JS	L98
   368 00000321                                 L74:
   369 00000321 8B 41 04                        	MOV	EAX,DWORD [4+ECX]
   370 00000324 39 45 CC                        	CMP	DWORD [-52+EBP],EAX
   371 00000327 7E 03                           	JLE	L75
   372 00000329 89 45 CC                        	MOV	DWORD [-52+EBP],EAX
   373 0000032C                                 L75:
   374 0000032C 8B 41 08                        	MOV	EAX,DWORD [8+ECX]
   375 0000032F 39 45 D4                        	CMP	DWORD [-44+EBP],EAX
   376 00000332 7E 03                           	JLE	L76
   377 00000334 89 45 D4                        	MOV	DWORD [-44+EBP],EAX
   378 00000337                                 L76:
   379 00000337 3B 5D D4                        	CMP	EBX,DWORD [-44+EBP]
   380 0000033A 7D 54                           	JGE	L92
   381 0000033C                                 L87:
   382 0000033C 8B 71 10                        	MOV	ESI,DWORD [16+ECX]
   383 0000033F 8B 55 E4                        	MOV	EDX,DWORD [-28+EBP]
   384 00000342 01 DE                           	ADD	ESI,EBX
   385 00000344 3B 55 CC                        	CMP	EDX,DWORD [-52+EBP]
   386 00000347 89 75 E8                        	MOV	DWORD [-24+EBP],ESI
   387 0000034A 7D 3E                           	JGE	L94
   388 0000034C                                 L86:
   389 0000034C 89 D8                           	MOV	EAX,EBX
   390 0000034E 8B 79 0C                        	MOV	EDI,DWORD [12+ECX]
   391 00000351 0F AF 41 04                     	IMUL	EAX,DWORD [4+ECX]
   392 00000355 01 D7                           	ADD	EDI,EDX
   393 00000357 8B 75 E0                        	MOV	ESI,DWORD [-32+EBP]
   394 0000035A 01 D0                           	ADD	EAX,EDX
   395 0000035C 89 7D EC                        	MOV	DWORD [-20+EBP],EDI
   396 0000035F 0F B6 34 30                     	MOVZX	ESI,BYTE [EAX+ESI*1]
   397 00000363 3B 71 14                        	CMP	ESI,DWORD [20+ECX]
   398 00000366 74 1C                           	JE	L83
   399 00000368 8B 7D 08                        	MOV	EDI,DWORD [8+EBP]
   400 0000036B 8B 45 E8                        	MOV	EAX,DWORD [-24+EBP]
   401 0000036E 8B 75 D8                        	MOV	ESI,DWORD [-40+EBP]
   402 00000371 0F AF 47 08                     	IMUL	EAX,DWORD [8+EDI]
   403 00000375 03 45 EC                        	ADD	EAX,DWORD [-20+EBP]
   404 00000378 89 45 D0                        	MOV	DWORD [-48+EBP],EAX
   405 0000037B 8A 45 DF                        	MOV	AL,BYTE [-33+EBP]
   406 0000037E 8B 7D D0                        	MOV	EDI,DWORD [-48+EBP]
   407 00000381 88 04 37                        	MOV	BYTE [EDI+ESI*1],AL
   408 00000384                                 L83:
   409 00000384 42                              	INC	EDX
   410 00000385 3B 55 CC                        	CMP	EDX,DWORD [-52+EBP]
   411 00000388 7C C2                           	JL	L86
   412 0000038A                                 L94:
   413 0000038A 43                              	INC	EBX
   414 0000038B 3B 5D D4                        	CMP	EBX,DWORD [-44+EBP]
   415 0000038E 7C AC                           	JL	L87
   416 00000390                                 L92:
   417 00000390 8B 55 08                        	MOV	EDX,DWORD [8+EBP]
   418 00000393 FF 45 F0                        	INC	DWORD [-16+EBP]
   419 00000396 8B 45 F0                        	MOV	EAX,DWORD [-16+EBP]
   420 00000399 3B 42 10                        	CMP	EAX,DWORD [16+EDX]
   421 0000039C 0F 8E FFFFFF2A                  	JLE	L88
   422 000003A2                                 L90:
   423 000003A2 83 C4 28                        	ADD	ESP,40
   424 000003A5 5B                              	POP	EBX
   425 000003A6 5E                              	POP	ESI
   426 000003A7 5F                              	POP	EDI
   427 000003A8 5D                              	POP	EBP
   428 000003A9 C3                              	RET
   429 000003AA                                 L98:
   430 000003AA 31 DB                           	XOR	EBX,EBX
   431 000003AC E9 FFFFFF70                     	JMP	L74
   432 000003B1                                 L97:
   433 000003B1 C7 45 E4 00000000               	MOV	DWORD [-28+EBP],0
   434 000003B8 E9 FFFFFF5C                     	JMP	L73
   435 000003BD                                 L96:
   436 000003BD C7 45 10 00000000               	MOV	DWORD [16+EBP],0
   437 000003C4 E9 FFFFFED5                     	JMP	L66
   438 000003C9                                 L95:
   439 000003C9 C7 45 0C 00000000               	MOV	DWORD [12+EBP],0
   440 000003D0 E9 FFFFFEBF                     	JMP	L65
   441 000003D5                                 	GLOBAL	_sheet_refreshsub
   442 000003D5                                 _sheet_refreshsub:
   443 000003D5 55                              	PUSH	EBP
   444 000003D6 89 E5                           	MOV	EBP,ESP
   445 000003D8 57                              	PUSH	EDI
   446 000003D9 56                              	PUSH	ESI
   447 000003DA 53                              	PUSH	EBX
   448 000003DB 83 EC 2C                        	SUB	ESP,44
   449 000003DE 8B 45 08                        	MOV	EAX,DWORD [8+EBP]
   450 000003E1 8B 55 08                        	MOV	EDX,DWORD [8+EBP]
   451 000003E4 83 7D 0C 00                     	CMP	DWORD [12+EBP],0
   452 000003E8 8B 00                           	MOV	EAX,DWORD [EAX]
   453 000003EA 8B 52 04                        	MOV	EDX,DWORD [4+EDX]
   454 000003ED 89 45 DC                        	MOV	DWORD [-36+EBP],EAX
   455 000003F0 89 55 D8                        	MOV	DWORD [-40+EBP],EDX
   456 000003F3 0F 88 00000137                  	JS	L130
   457 000003F9                                 L100:
   458 000003F9 83 7D 10 00                     	CMP	DWORD [16+EBP],0
   459 000003FD 0F 88 00000121                  	JS	L131
   460 00000403                                 L101:
   461 00000403 8B 75 08                        	MOV	ESI,DWORD [8+EBP]
   462 00000406 8B 46 08                        	MOV	EAX,DWORD [8+ESI]
   463 00000409 39 45 14                        	CMP	DWORD [20+EBP],EAX
   464 0000040C 7E 03                           	JLE	L102
   465 0000040E 89 45 14                        	MOV	DWORD [20+EBP],EAX
   466 00000411                                 L102:
   467 00000411 8B 7D 08                        	MOV	EDI,DWORD [8+EBP]
   468 00000414 8B 47 0C                        	MOV	EAX,DWORD [12+EDI]
   469 00000417 39 45 18                        	CMP	DWORD [24+EBP],EAX
   470 0000041A 7E 03                           	JLE	L103
   471 0000041C 89 45 18                        	MOV	DWORD [24+EBP],EAX
   472 0000041F                                 L103:
   473 0000041F 8B 55 08                        	MOV	EDX,DWORD [8+EBP]
   474 00000422 8B 45 1C                        	MOV	EAX,DWORD [28+EBP]
   475 00000425 89 45 F0                        	MOV	DWORD [-16+EBP],EAX
   476 00000428 3B 42 10                        	CMP	EAX,DWORD [16+EDX]
   477 0000042B 0F 8F 000000BF                  	JG	L125
   478 00000431                                 L123:
   479 00000431 8B 7D 08                        	MOV	EDI,DWORD [8+EBP]
   480 00000434 8B 75 F0                        	MOV	ESI,DWORD [-16+EBP]
   481 00000437 8B 4D 10                        	MOV	ECX,DWORD [16+EBP]
   482 0000043A 8B 5C B7 14                     	MOV	EBX,DWORD [20+EDI+ESI*4]
   483 0000043E 8B 75 14                        	MOV	ESI,DWORD [20+EBP]
   484 00000441 8B 03                           	MOV	EAX,DWORD [EBX]
   485 00000443 8B 53 10                        	MOV	EDX,DWORD [16+EBX]
   486 00000446 89 45 E0                        	MOV	DWORD [-32+EBP],EAX
   487 00000449 29 D1                           	SUB	ECX,EDX
   488 0000044B 89 D8                           	MOV	EAX,EBX
   489 0000044D 29 F8                           	SUB	EAX,EDI
   490 0000044F 8B 7D 18                        	MOV	EDI,DWORD [24+EBP]
   491 00000452 2D 00000414                     	SUB	EAX,1044
   492 00000457 29 D7                           	SUB	EDI,EDX
   493 00000459 C1 F8 02                        	SAR	EAX,2
   494 0000045C 8B 55 0C                        	MOV	EDX,DWORD [12+EBP]
   495 0000045F 69 C0 38E38E39                  	IMUL	EAX,EAX,954437177
   496 00000465 88 45 D7                        	MOV	BYTE [-41+EBP],AL
   497 00000468 89 7D C8                        	MOV	DWORD [-56+EBP],EDI
   498 0000046B 8B 43 0C                        	MOV	EAX,DWORD [12+EBX]
   499 0000046E 29 C6                           	SUB	ESI,EAX
   500 00000470 29 C2                           	SUB	EDX,EAX
   501 00000472 89 75 E4                        	MOV	DWORD [-28+EBP],ESI
   502 00000475 89 55 E8                        	MOV	DWORD [-24+EBP],EDX
   503 00000478 0F 88 0000009A                  	JS	L132
   504 0000047E                                 L108:
   505 0000047E 85 C9                           	TEST	ECX,ECX
   506 00000480 0F 88 0000008B                  	JS	L133
   507 00000486                                 L109:
   508 00000486 8B 43 04                        	MOV	EAX,DWORD [4+EBX]
   509 00000489 39 45 E4                        	CMP	DWORD [-28+EBP],EAX
   510 0000048C 7E 03                           	JLE	L110
   511 0000048E 89 45 E4                        	MOV	DWORD [-28+EBP],EAX
   512 00000491                                 L110:
   513 00000491 8B 43 08                        	MOV	EAX,DWORD [8+EBX]
   514 00000494 39 45 C8                        	CMP	DWORD [-56+EBP],EAX
   515 00000497 7E 03                           	JLE	L111
   516 00000499 89 45 C8                        	MOV	DWORD [-56+EBP],EAX
   517 0000049C                                 L111:
   518 0000049C 89 CE                           	MOV	ESI,ECX
   519 0000049E 3B 4D C8                        	CMP	ECX,DWORD [-56+EBP]
   520 000004A1 7D 3B                           	JGE	L127
   521 000004A3                                 L122:
   522 000004A3 8B 7B 10                        	MOV	EDI,DWORD [16+EBX]
   523 000004A6 8B 4D E8                        	MOV	ECX,DWORD [-24+EBP]
   524 000004A9 01 F7                           	ADD	EDI,ESI
   525 000004AB 3B 4D E4                        	CMP	ECX,DWORD [-28+EBP]
   526 000004AE 89 7D EC                        	MOV	DWORD [-20+EBP],EDI
   527 000004B1 7D 25                           	JGE	L129
   528 000004B3                                 L121:
   529 000004B3 8B 55 08                        	MOV	EDX,DWORD [8+EBP]
   530 000004B6 8B 7D EC                        	MOV	EDI,DWORD [-20+EBP]
   531 000004B9 8B 43 0C                        	MOV	EAX,DWORD [12+EBX]
   532 000004BC 0F AF 7A 08                     	IMUL	EDI,DWORD [8+EDX]
   533 000004C0 01 C8                           	ADD	EAX,ECX
   534 000004C2 8A 55 D7                        	MOV	DL,BYTE [-41+EBP]
   535 000004C5 01 F8                           	ADD	EAX,EDI
   536 000004C7 8B 7D D8                        	MOV	EDI,DWORD [-40+EBP]
   537 000004CA 89 45 CC                        	MOV	DWORD [-52+EBP],EAX
   538 000004CD 38 14 38                        	CMP	BYTE [EAX+EDI*1],DL
   539 000004D0 74 26                           	JE	L134
   540 000004D2                                 L118:
   541 000004D2 41                              	INC	ECX
   542 000004D3 3B 4D E4                        	CMP	ECX,DWORD [-28+EBP]
   543 000004D6 7C DB                           	JL	L121
   544 000004D8                                 L129:
   545 000004D8 46                              	INC	ESI
   546 000004D9 3B 75 C8                        	CMP	ESI,DWORD [-56+EBP]
   547 000004DC 7C C5                           	JL	L122
   548 000004DE                                 L127:
   549 000004DE 8B 7D 08                        	MOV	EDI,DWORD [8+EBP]
   550 000004E1 FF 45 F0                        	INC	DWORD [-16+EBP]
   551 000004E4 8B 75 F0                        	MOV	ESI,DWORD [-16+EBP]
   552 000004E7 3B 77 10                        	CMP	ESI,DWORD [16+EDI]
   553 000004EA 0F 8E FFFFFF41                  	JLE	L123
   554 000004F0                                 L125:
   555 000004F0 83 C4 2C                        	ADD	ESP,44
   556 000004F3 5B                              	POP	EBX
   557 000004F4 5E                              	POP	ESI
   558 000004F5 5F                              	POP	EDI
   559 000004F6 5D                              	POP	EBP
   560 000004F7 C3                              	RET
   561 000004F8                                 L134:
   562 000004F8 89 F0                           	MOV	EAX,ESI
   563 000004FA 8B 55 E0                        	MOV	EDX,DWORD [-32+EBP]
   564 000004FD 0F AF 43 04                     	IMUL	EAX,DWORD [4+EBX]
   565 00000501 01 C8                           	ADD	EAX,ECX
   566 00000503 8B 7D DC                        	MOV	EDI,DWORD [-36+EBP]
   567 00000506 8A 04 10                        	MOV	AL,BYTE [EAX+EDX*1]
   568 00000509 8B 55 CC                        	MOV	EDX,DWORD [-52+EBP]
   569 0000050C 88 04 3A                        	MOV	BYTE [EDX+EDI*1],AL
   570 0000050F EB C1                           	JMP	L118
   571 00000511                                 L133:
   572 00000511 31 C9                           	XOR	ECX,ECX
   573 00000513 E9 FFFFFF6E                     	JMP	L109
   574 00000518                                 L132:
   575 00000518 C7 45 E8 00000000               	MOV	DWORD [-24+EBP],0
   576 0000051F E9 FFFFFF5A                     	JMP	L108
   577 00000524                                 L131:
   578 00000524 C7 45 10 00000000               	MOV	DWORD [16+EBP],0
   579 0000052B E9 FFFFFED3                     	JMP	L101
   580 00000530                                 L130:
   581 00000530 C7 45 0C 00000000               	MOV	DWORD [12+EBP],0
   582 00000537 E9 FFFFFEBD                     	JMP	L100
   583 0000053C                                 	GLOBAL	_sheet_slide
   584 0000053C                                 _sheet_slide:
   585 0000053C 55                              	PUSH	EBP
   586 0000053D 89 E5                           	MOV	EBP,ESP
   587 0000053F 57                              	PUSH	EDI
   588 00000540 56                              	PUSH	ESI
   589 00000541 53                              	PUSH	EBX
   590 00000542 53                              	PUSH	EBX
   591 00000543 8B 5D 08                        	MOV	EBX,DWORD [8+EBP]
   592 00000546 8B 43 20                        	MOV	EAX,DWORD [32+EBX]
   593 00000549 8B 7B 0C                        	MOV	EDI,DWORD [12+EBX]
   594 0000054C 89 45 F0                        	MOV	DWORD [-16+EBP],EAX
   595 0000054F 8B 73 10                        	MOV	ESI,DWORD [16+EBX]
   596 00000552 8B 45 0C                        	MOV	EAX,DWORD [12+EBP]
   597 00000555 89 43 0C                        	MOV	DWORD [12+EBX],EAX
   598 00000558 8B 45 10                        	MOV	EAX,DWORD [16+EBP]
   599 0000055B 89 43 10                        	MOV	DWORD [16+EBX],EAX
   600 0000055E 83 7B 18 00                     	CMP	DWORD [24+EBX],0
   601 00000562 78 7C                           	JS	L135
   602 00000564 6A 00                           	PUSH	0
   603 00000566 89 F0                           	MOV	EAX,ESI
   604 00000568 03 43 08                        	ADD	EAX,DWORD [8+EBX]
   605 0000056B 50                              	PUSH	EAX
   606 0000056C 89 F8                           	MOV	EAX,EDI
   607 0000056E 03 43 04                        	ADD	EAX,DWORD [4+EBX]
   608 00000571 50                              	PUSH	EAX
   609 00000572 56                              	PUSH	ESI
   610 00000573 57                              	PUSH	EDI
   611 00000574 FF 75 F0                        	PUSH	DWORD [-16+EBP]
   612 00000577 E8 FFFFFCFC                     	CALL	_sheet_refreshmap
   613 0000057C 8B 45 10                        	MOV	EAX,DWORD [16+EBP]
   614 0000057F FF 73 18                        	PUSH	DWORD [24+EBX]
   615 00000582 03 43 08                        	ADD	EAX,DWORD [8+EBX]
   616 00000585 50                              	PUSH	EAX
   617 00000586 8B 45 0C                        	MOV	EAX,DWORD [12+EBP]
   618 00000589 03 43 04                        	ADD	EAX,DWORD [4+EBX]
   619 0000058C 50                              	PUSH	EAX
   620 0000058D FF 75 10                        	PUSH	DWORD [16+EBP]
   621 00000590 FF 75 0C                        	PUSH	DWORD [12+EBP]
   622 00000593 FF 75 F0                        	PUSH	DWORD [-16+EBP]
   623 00000596 E8 FFFFFCDD                     	CALL	_sheet_refreshmap
   624 0000059B 8B 43 18                        	MOV	EAX,DWORD [24+EBX]
   625 0000059E 83 C4 30                        	ADD	ESP,48
   626 000005A1 48                              	DEC	EAX
   627 000005A2 50                              	PUSH	EAX
   628 000005A3 89 F0                           	MOV	EAX,ESI
   629 000005A5 6A 00                           	PUSH	0
   630 000005A7 03 43 08                        	ADD	EAX,DWORD [8+EBX]
   631 000005AA 50                              	PUSH	EAX
   632 000005AB 89 F8                           	MOV	EAX,EDI
   633 000005AD 03 43 04                        	ADD	EAX,DWORD [4+EBX]
   634 000005B0 50                              	PUSH	EAX
   635 000005B1 56                              	PUSH	ESI
   636 000005B2 57                              	PUSH	EDI
   637 000005B3 FF 75 F0                        	PUSH	DWORD [-16+EBP]
   638 000005B6 E8 FFFFFE1A                     	CALL	_sheet_refreshsub
   639 000005BB 8B 45 10                        	MOV	EAX,DWORD [16+EBP]
   640 000005BE FF 73 18                        	PUSH	DWORD [24+EBX]
   641 000005C1 FF 73 18                        	PUSH	DWORD [24+EBX]
   642 000005C4 03 43 08                        	ADD	EAX,DWORD [8+EBX]
   643 000005C7 50                              	PUSH	EAX
   644 000005C8 8B 45 0C                        	MOV	EAX,DWORD [12+EBP]
   645 000005CB 03 43 04                        	ADD	EAX,DWORD [4+EBX]
   646 000005CE 50                              	PUSH	EAX
   647 000005CF FF 75 10                        	PUSH	DWORD [16+EBP]
   648 000005D2 FF 75 0C                        	PUSH	DWORD [12+EBP]
   649 000005D5 FF 75 F0                        	PUSH	DWORD [-16+EBP]
   650 000005D8 E8 FFFFFDF8                     	CALL	_sheet_refreshsub
   651 000005DD 83 C4 38                        	ADD	ESP,56
   652 000005E0                                 L135:
   653 000005E0 8D 65 F4                        	LEA	ESP,DWORD [-12+EBP]
   654 000005E3 5B                              	POP	EBX
   655 000005E4 5E                              	POP	ESI
   656 000005E5 5F                              	POP	EDI
   657 000005E6 5D                              	POP	EBP
   658 000005E7 C3                              	RET
   659 000005E8                                 	GLOBAL	_sheet_free
   660 000005E8                                 _sheet_free:
   661 000005E8 55                              	PUSH	EBP
   662 000005E9 89 E5                           	MOV	EBP,ESP
   663 000005EB 53                              	PUSH	EBX
   664 000005EC 8B 5D 08                        	MOV	EBX,DWORD [8+EBP]
   665 000005EF 83 7B 18 00                     	CMP	DWORD [24+EBX],0
   666 000005F3 78 0A                           	JS	L138
   667 000005F5 6A FF                           	PUSH	-1
   668 000005F7 53                              	PUSH	EBX
   669 000005F8 E8 FFFFFAD9                     	CALL	_sheet_updown
   670 000005FD 58                              	POP	EAX
   671 000005FE 5A                              	POP	EDX
   672 000005FF                                 L138:
   673 000005FF C7 43 1C 00000000               	MOV	DWORD [28+EBX],0
   674 00000606 8B 5D FC                        	MOV	EBX,DWORD [-4+EBP]
   675 00000609 C9                              	LEAVE
   676 0000060A C3                              	RET
