     1 00000000                                 [FORMAT "WCOFF"]
     2 00000000                                 [INSTRSET "i486p"]
     3 00000000                                 [OPTIMIZE 1]
     4 00000000                                 [OPTION 1]
     5 00000000                                 [BITS 32]
     6 00000000                                 	EXTERN	_init_gdtidt
     7 00000000                                 	EXTERN	_init_pic
     8 00000000                                 	EXTERN	_io_sti
     9 00000000                                 	EXTERN	_keyfifo
    10 00000000                                 	EXTERN	_fifo8_init
    11 00000000                                 	EXTERN	_mousefifo
    12 00000000                                 	EXTERN	_io_out8
    13 00000000                                 	EXTERN	_init_keyboard
    14 00000000                                 	EXTERN	_init_palette
    15 00000000                                 	EXTERN	_init_screen8
    16 00000000                                 	EXTERN	_init_mouse_cursor8
    17 00000000                                 	EXTERN	_putblock8_8
    18 00000000                                 	EXTERN	_sprintf
    19 00000000                                 	EXTERN	_putfonts8_asc
    20 00000000                                 	EXTERN	_enable_mouse
    21 00000000                                 	EXTERN	_memtest
    22 00000000                                 	EXTERN	_memman_init
    23 00000000                                 	EXTERN	_memman_free
    24 00000000                                 	EXTERN	_memman_total
    25 00000000                                 	EXTERN	_shtctl_init
    26 00000000                                 	EXTERN	_sheet_alloc
    27 00000000                                 	EXTERN	_memman_alloc_4k
    28 00000000                                 	EXTERN	_sheet_setbuf
    29 00000000                                 	EXTERN	_sheet_slide
    30 00000000                                 	EXTERN	_sheet_updown
    31 00000000                                 	EXTERN	_sheet_refresh
    32 00000000                                 	EXTERN	_io_cli
    33 00000000                                 	EXTERN	_fifo8_status
    34 00000000                                 	EXTERN	_fifo8_get
    35 00000000                                 	EXTERN	_mouse_decode
    36 00000000                                 	EXTERN	_boxfill8
    37 00000000                                 	EXTERN	_io_stihlt
    38 00000000                                 [FILE "bootpack.c"]
    39                                          [SECTION .data]
    40 00000000                                 LC0:
    41 00000000 28 25 64 2C 20 25 64 29 00      	DB	"(%d, %d)",0x00
    42 00000009                                 LC1:
    43 00000009 6D 65 6D 6F 72 79 20 25 64 4D   	DB	"memory %dMB   free : %dKB",0x00
       00000013 42 20 20 20 66 72 65 65 20 3A 
       0000001D 20 25 64 4B 42 00 
    44 00000023                                 LC2:
    45 00000023 28 25 33 64 2C 20 25 33 64 29   	DB	"(%3d, %3d)",0x00
       0000002D 00 
    46 0000002E                                 LC4:
    47 0000002E 5B 6C 63 72 20 25 34 64 20 25   	DB	"[lcr %4d %4d]",0x00
       00000038 34 64 5D 00 
    48 0000003C                                 LC3:
    49 0000003C 25 30 32 58 00                  	DB	"%02X",0x00
    50                                          [SECTION .text]
    51 00000000                                 	GLOBAL	_HariMain
    52 00000000                                 _HariMain:
    53 00000000 55                              	PUSH	EBP
    54 00000001 89 E5                           	MOV	EBP,ESP
    55 00000003 57                              	PUSH	EDI
    56 00000004 56                              	PUSH	ESI
    57 00000005 53                              	PUSH	EBX
    58 00000006 8D 9D FFFFFEC4                  	LEA	EBX,DWORD [-316+EBP]
    59 0000000C 81 EC 000002F4                  	SUB	ESP,756
    60 00000012 E8 [00000000]                   	CALL	_init_gdtidt
    61 00000017 E8 [00000000]                   	CALL	_init_pic
    62 0000001C E8 [00000000]                   	CALL	_io_sti
    63 00000021 8D 85 FFFFFEA4                  	LEA	EAX,DWORD [-348+EBP]
    64 00000027 50                              	PUSH	EAX
    65 00000028 6A 20                           	PUSH	32
    66 0000002A 68 [00000000]                   	PUSH	_keyfifo
    67 0000002F E8 [00000000]                   	CALL	_fifo8_init
    68 00000034 8D 85 FFFFFE24                  	LEA	EAX,DWORD [-476+EBP]
    69 0000003A 50                              	PUSH	EAX
    70 0000003B 68 00000080                     	PUSH	128
    71 00000040 68 [00000000]                   	PUSH	_mousefifo
    72 00000045 E8 [00000000]                   	CALL	_fifo8_init
    73 0000004A 68 000000F9                     	PUSH	249
    74 0000004F 6A 21                           	PUSH	33
    75 00000051 E8 [00000000]                   	CALL	_io_out8
    76 00000056 83 C4 20                        	ADD	ESP,32
    77 00000059 68 000000EF                     	PUSH	239
    78 0000005E 68 000000A1                     	PUSH	161
    79 00000063 E8 [00000000]                   	CALL	_io_out8
    80 00000068 E8 [00000000]                   	CALL	_init_keyboard
    81 0000006D E8 [00000000]                   	CALL	_init_palette
    82 00000072 0F BF 05 00000FF6               	MOVSX	EAX,WORD [4086]
    83 00000079 50                              	PUSH	EAX
    84 0000007A 0F BF 05 00000FF4               	MOVSX	EAX,WORD [4084]
    85 00000081 50                              	PUSH	EAX
    86 00000082 FF 35 00000FF8                  	PUSH	DWORD [4088]
    87 00000088 E8 [00000000]                   	CALL	_init_screen8
    88 0000008D B9 00000002                     	MOV	ECX,2
    89 00000092 0F BF 05 00000FF4               	MOVSX	EAX,WORD [4084]
    90 00000099 8D 50 F0                        	LEA	EDX,DWORD [-16+EAX]
    91 0000009C 89 D0                           	MOV	EAX,EDX
    92 0000009E 99                              	CDQ
    93 0000009F F7 F9                           	IDIV	ECX
    94 000000A1 89 C6                           	MOV	ESI,EAX
    95 000000A3 0F BF 05 00000FF6               	MOVSX	EAX,WORD [4086]
    96 000000AA 6A 0E                           	PUSH	14
    97 000000AC 8D 50 D4                        	LEA	EDX,DWORD [-44+EAX]
    98 000000AF 53                              	PUSH	EBX
    99 000000B0 89 D0                           	MOV	EAX,EDX
   100 000000B2 99                              	CDQ
   101 000000B3 F7 F9                           	IDIV	ECX
   102 000000B5 89 C7                           	MOV	EDI,EAX
   103 000000B7 E8 [00000000]                   	CALL	_init_mouse_cursor8
   104 000000BC 6A 10                           	PUSH	16
   105 000000BE 53                              	PUSH	EBX
   106 000000BF 57                              	PUSH	EDI
   107 000000C0 56                              	PUSH	ESI
   108 000000C1 6A 10                           	PUSH	16
   109 000000C3 6A 10                           	PUSH	16
   110 000000C5 0F BF 05 00000FF4               	MOVSX	EAX,WORD [4084]
   111 000000CC 50                              	PUSH	EAX
   112 000000CD FF 35 00000FF8                  	PUSH	DWORD [4088]
   113 000000D3 E8 [00000000]                   	CALL	_putblock8_8
   114 000000D8 8D 4D C4                        	LEA	ECX,DWORD [-60+EBP]
   115 000000DB 83 C4 3C                        	ADD	ESP,60
   116 000000DE 57                              	PUSH	EDI
   117 000000DF 56                              	PUSH	ESI
   118 000000E0 68 [00000000]                   	PUSH	LC0
   119 000000E5 51                              	PUSH	ECX
   120 000000E6 E8 [00000000]                   	CALL	_sprintf
   121 000000EB 8D 45 C4                        	LEA	EAX,DWORD [-60+EBP]
   122 000000EE 50                              	PUSH	EAX
   123 000000EF 6A 07                           	PUSH	7
   124 000000F1 6A 00                           	PUSH	0
   125 000000F3 6A 00                           	PUSH	0
   126 000000F5 0F BF 05 00000FF4               	MOVSX	EAX,WORD [4084]
   127 000000FC 50                              	PUSH	EAX
   128 000000FD FF 35 00000FF8                  	PUSH	DWORD [4088]
   129 00000103 E8 [00000000]                   	CALL	_putfonts8_asc
   130 00000108 8D 85 FFFFFE14                  	LEA	EAX,DWORD [-492+EBP]
   131 0000010E 83 C4 28                        	ADD	ESP,40
   132 00000111 50                              	PUSH	EAX
   133 00000112 E8 [00000000]                   	CALL	_enable_mouse
   134 00000117 68 BFFFFFFF                     	PUSH	-1073741825
   135 0000011C 68 00400000                     	PUSH	4194304
   136 00000121 E8 [00000000]                   	CALL	_memtest
   137 00000126 68 003C0000                     	PUSH	3932160
   138 0000012B 89 C3                           	MOV	EBX,EAX
   139 0000012D E8 [00000000]                   	CALL	_memman_init
   140 00000132 68 0009E000                     	PUSH	647168
   141 00000137 68 00001000                     	PUSH	4096
   142 0000013C 68 003C0000                     	PUSH	3932160
   143 00000141 E8 [00000000]                   	CALL	_memman_free
   144 00000146 8D 83 FFC00000                  	LEA	EAX,DWORD [-4194304+EBX]
   145 0000014C C1 EB 14                        	SHR	EBX,20
   146 0000014F 50                              	PUSH	EAX
   147 00000150 68 00400000                     	PUSH	4194304
   148 00000155 68 003C0000                     	PUSH	3932160
   149 0000015A E8 [00000000]                   	CALL	_memman_free
   150 0000015F 83 C4 28                        	ADD	ESP,40
   151 00000162 68 003C0000                     	PUSH	3932160
   152 00000167 E8 [00000000]                   	CALL	_memman_total
   153 0000016C 8D 4D C4                        	LEA	ECX,DWORD [-60+EBP]
   154 0000016F C1 E8 0A                        	SHR	EAX,10
   155 00000172 89 9D FFFFFD10                  	MOV	DWORD [-752+EBP],EBX
   156 00000178 89 04 24                        	MOV	DWORD [ESP],EAX
   157 0000017B 53                              	PUSH	EBX
   158 0000017C 68 [00000009]                   	PUSH	LC1
   159 00000181 8D 9D FFFFFD14                  	LEA	EBX,DWORD [-748+EBP]
   160 00000187 51                              	PUSH	ECX
   161 00000188 E8 [00000000]                   	CALL	_sprintf
   162 0000018D 8D 45 C4                        	LEA	EAX,DWORD [-60+EBP]
   163 00000190 50                              	PUSH	EAX
   164 00000191 6A 07                           	PUSH	7
   165 00000193 6A 20                           	PUSH	32
   166 00000195 6A 00                           	PUSH	0
   167 00000197 0F BF 05 00000FF4               	MOVSX	EAX,WORD [4084]
   168 0000019E 50                              	PUSH	EAX
   169 0000019F FF 35 00000FF8                  	PUSH	DWORD [4088]
   170 000001A5 E8 [00000000]                   	CALL	_putfonts8_asc
   171 000001AA 83 C4 28                        	ADD	ESP,40
   172 000001AD E8 [00000000]                   	CALL	_init_palette
   173 000001B2 0F BF 05 00000FF6               	MOVSX	EAX,WORD [4086]
   174 000001B9 50                              	PUSH	EAX
   175 000001BA 0F BF 05 00000FF4               	MOVSX	EAX,WORD [4084]
   176 000001C1 50                              	PUSH	EAX
   177 000001C2 FF 35 00000FF8                  	PUSH	DWORD [4088]
   178 000001C8 68 003C0000                     	PUSH	3932160
   179 000001CD E8 [00000000]                   	CALL	_shtctl_init
   180 000001D2 50                              	PUSH	EAX
   181 000001D3 89 85 FFFFFD0C                  	MOV	DWORD [-756+EBP],EAX
   182 000001D9 E8 [00000000]                   	CALL	_sheet_alloc
   183 000001DE FF B5 FFFFFD0C                  	PUSH	DWORD [-756+EBP]
   184 000001E4 89 85 FFFFFD08                  	MOV	DWORD [-760+EBP],EAX
   185 000001EA E8 [00000000]                   	CALL	_sheet_alloc
   186 000001EF 0F BF 15 00000FF6               	MOVSX	EDX,WORD [4086]
   187 000001F6 89 85 FFFFFD04                  	MOV	DWORD [-764+EBP],EAX
   188 000001FC 0F BF 05 00000FF4               	MOVSX	EAX,WORD [4084]
   189 00000203 0F AF C2                        	IMUL	EAX,EDX
   190 00000206 50                              	PUSH	EAX
   191 00000207 68 003C0000                     	PUSH	3932160
   192 0000020C E8 [00000000]                   	CALL	_memman_alloc_4k
   193 00000211 83 C4 20                        	ADD	ESP,32
   194 00000214 6A FF                           	PUSH	-1
   195 00000216 89 85 FFFFFD00                  	MOV	DWORD [-768+EBP],EAX
   196 0000021C 0F BF 05 00000FF6               	MOVSX	EAX,WORD [4086]
   197 00000223 50                              	PUSH	EAX
   198 00000224 0F BF 05 00000FF4               	MOVSX	EAX,WORD [4084]
   199 0000022B 50                              	PUSH	EAX
   200 0000022C FF B5 FFFFFD00                  	PUSH	DWORD [-768+EBP]
   201 00000232 FF B5 FFFFFD08                  	PUSH	DWORD [-760+EBP]
   202 00000238 E8 [00000000]                   	CALL	_sheet_setbuf
   203 0000023D 6A 63                           	PUSH	99
   204 0000023F 6A 10                           	PUSH	16
   205 00000241 6A 10                           	PUSH	16
   206 00000243 53                              	PUSH	EBX
   207 00000244 FF B5 FFFFFD04                  	PUSH	DWORD [-764+EBP]
   208 0000024A E8 [00000000]                   	CALL	_sheet_setbuf
   209 0000024F 83 C4 28                        	ADD	ESP,40
   210 00000252 0F BF 05 00000FF6               	MOVSX	EAX,WORD [4086]
   211 00000259 50                              	PUSH	EAX
   212 0000025A 0F BF 05 00000FF4               	MOVSX	EAX,WORD [4084]
   213 00000261 50                              	PUSH	EAX
   214 00000262 FF B5 FFFFFD00                  	PUSH	DWORD [-768+EBP]
   215 00000268 E8 [00000000]                   	CALL	_init_screen8
   216 0000026D 6A 63                           	PUSH	99
   217 0000026F 53                              	PUSH	EBX
   218 00000270 E8 [00000000]                   	CALL	_init_mouse_cursor8
   219 00000275 6A 00                           	PUSH	0
   220 00000277 6A 00                           	PUSH	0
   221 00000279 FF B5 FFFFFD08                  	PUSH	DWORD [-760+EBP]
   222 0000027F FF B5 FFFFFD0C                  	PUSH	DWORD [-756+EBP]
   223 00000285 E8 [00000000]                   	CALL	_sheet_slide
   224 0000028A 83 C4 24                        	ADD	ESP,36
   225 0000028D 0F BF 05 00000FF4               	MOVSX	EAX,WORD [4084]
   226 00000294 B9 00000002                     	MOV	ECX,2
   227 00000299 8D 50 F0                        	LEA	EDX,DWORD [-16+EAX]
   228 0000029C 89 D0                           	MOV	EAX,EDX
   229 0000029E 99                              	CDQ
   230 0000029F F7 F9                           	IDIV	ECX
   231 000002A1 89 C6                           	MOV	ESI,EAX
   232 000002A3 0F BF 05 00000FF6               	MOVSX	EAX,WORD [4086]
   233 000002AA 8D 50 D4                        	LEA	EDX,DWORD [-44+EAX]
   234 000002AD 89 D0                           	MOV	EAX,EDX
   235 000002AF 99                              	CDQ
   236 000002B0 F7 F9                           	IDIV	ECX
   237 000002B2 50                              	PUSH	EAX
   238 000002B3 89 C7                           	MOV	EDI,EAX
   239 000002B5 56                              	PUSH	ESI
   240 000002B6 FF B5 FFFFFD04                  	PUSH	DWORD [-764+EBP]
   241 000002BC FF B5 FFFFFD0C                  	PUSH	DWORD [-756+EBP]
   242 000002C2 E8 [00000000]                   	CALL	_sheet_slide
   243 000002C7 6A 00                           	PUSH	0
   244 000002C9 FF B5 FFFFFD08                  	PUSH	DWORD [-760+EBP]
   245 000002CF FF B5 FFFFFD0C                  	PUSH	DWORD [-756+EBP]
   246 000002D5 E8 [00000000]                   	CALL	_sheet_updown
   247 000002DA 6A 01                           	PUSH	1
   248 000002DC FF B5 FFFFFD04                  	PUSH	DWORD [-764+EBP]
   249 000002E2 FF B5 FFFFFD0C                  	PUSH	DWORD [-756+EBP]
   250 000002E8 E8 [00000000]                   	CALL	_sheet_updown
   251 000002ED 8D 4D C4                        	LEA	ECX,DWORD [-60+EBP]
   252 000002F0 83 C4 28                        	ADD	ESP,40
   253 000002F3 57                              	PUSH	EDI
   254 000002F4 56                              	PUSH	ESI
   255 000002F5 68 [00000023]                   	PUSH	LC2
   256 000002FA 51                              	PUSH	ECX
   257 000002FB E8 [00000000]                   	CALL	_sprintf
   258 00000300 8D 45 C4                        	LEA	EAX,DWORD [-60+EBP]
   259 00000303 50                              	PUSH	EAX
   260 00000304 6A 07                           	PUSH	7
   261 00000306 6A 00                           	PUSH	0
   262 00000308 6A 00                           	PUSH	0
   263 0000030A 0F BF 05 00000FF4               	MOVSX	EAX,WORD [4084]
   264 00000311 50                              	PUSH	EAX
   265 00000312 FF B5 FFFFFD00                  	PUSH	DWORD [-768+EBP]
   266 00000318 E8 [00000000]                   	CALL	_putfonts8_asc
   267 0000031D 83 C4 28                        	ADD	ESP,40
   268 00000320 68 003C0000                     	PUSH	3932160
   269 00000325 E8 [00000000]                   	CALL	_memman_total
   270 0000032A 8D 4D C4                        	LEA	ECX,DWORD [-60+EBP]
   271 0000032D C1 E8 0A                        	SHR	EAX,10
   272 00000330 89 04 24                        	MOV	DWORD [ESP],EAX
   273 00000333 FF B5 FFFFFD10                  	PUSH	DWORD [-752+EBP]
   274 00000339 68 [00000009]                   	PUSH	LC1
   275 0000033E 51                              	PUSH	ECX
   276 0000033F E8 [00000000]                   	CALL	_sprintf
   277 00000344 8D 45 C4                        	LEA	EAX,DWORD [-60+EBP]
   278 00000347 50                              	PUSH	EAX
   279 00000348 6A 07                           	PUSH	7
   280 0000034A 6A 20                           	PUSH	32
   281 0000034C 6A 00                           	PUSH	0
   282 0000034E 0F BF 05 00000FF4               	MOVSX	EAX,WORD [4084]
   283 00000355 50                              	PUSH	EAX
   284 00000356 FF B5 FFFFFD00                  	PUSH	DWORD [-768+EBP]
   285 0000035C E8 [00000000]                   	CALL	_putfonts8_asc
   286 00000361 83 C4 28                        	ADD	ESP,40
   287 00000364 FF B5 FFFFFD0C                  	PUSH	DWORD [-756+EBP]
   288 0000036A E8 [00000000]                   	CALL	_sheet_refresh
   289 0000036F 59                              	POP	ECX
   290 00000370                                 L2:
   291 00000370 E8 [00000000]                   	CALL	_io_cli
   292 00000375 68 [00000000]                   	PUSH	_keyfifo
   293 0000037A E8 [00000000]                   	CALL	_fifo8_status
   294 0000037F 68 [00000000]                   	PUSH	_mousefifo
   295 00000384 89 C3                           	MOV	EBX,EAX
   296 00000386 E8 [00000000]                   	CALL	_fifo8_status
   297 0000038B 8D 04 18                        	LEA	EAX,DWORD [EAX+EBX*1]
   298 0000038E 5B                              	POP	EBX
   299 0000038F 5A                              	POP	EDX
   300 00000390 85 C0                           	TEST	EAX,EAX
   301 00000392 0F 84 000001E0                  	JE	L18
   302 00000398 68 [00000000]                   	PUSH	_keyfifo
   303 0000039D E8 [00000000]                   	CALL	_fifo8_status
   304 000003A2 59                              	POP	ECX
   305 000003A3 85 C0                           	TEST	EAX,EAX
   306 000003A5 0F 85 00000160                  	JNE	L19
   307 000003AB 68 [00000000]                   	PUSH	_mousefifo
   308 000003B0 E8 [00000000]                   	CALL	_fifo8_status
   309 000003B5 5A                              	POP	EDX
   310 000003B6 85 C0                           	TEST	EAX,EAX
   311 000003B8 74 B6                           	JE	L2
   312 000003BA 68 [00000000]                   	PUSH	_mousefifo
   313 000003BF E8 [00000000]                   	CALL	_fifo8_get
   314 000003C4 89 C3                           	MOV	EBX,EAX
   315 000003C6 E8 [00000000]                   	CALL	_io_sti
   316 000003CB 0F B6 C3                        	MOVZX	EAX,BL
   317 000003CE 50                              	PUSH	EAX
   318 000003CF 8D 85 FFFFFE14                  	LEA	EAX,DWORD [-492+EBP]
   319 000003D5 50                              	PUSH	EAX
   320 000003D6 E8 [00000000]                   	CALL	_mouse_decode
   321 000003DB 83 C4 0C                        	ADD	ESP,12
   322 000003DE 85 C0                           	TEST	EAX,EAX
   323 000003E0 74 8E                           	JE	L2
   324 000003E2 FF B5 FFFFFE1C                  	PUSH	DWORD [-484+EBP]
   325 000003E8 FF B5 FFFFFE18                  	PUSH	DWORD [-488+EBP]
   326 000003EE 68 [0000002E]                   	PUSH	LC4
   327 000003F3 8D 5D C4                        	LEA	EBX,DWORD [-60+EBP]
   328 000003F6 53                              	PUSH	EBX
   329 000003F7 E8 [00000000]                   	CALL	_sprintf
   330 000003FC 83 C4 10                        	ADD	ESP,16
   331 000003FF 8B 85 FFFFFE20                  	MOV	EAX,DWORD [-480+EBP]
   332 00000405 A9 00000001                     	TEST	EAX,1
   333 0000040A 74 04                           	JE	L11
   334 0000040C C6 45 C5 4C                     	MOV	BYTE [-59+EBP],76
   335 00000410                                 L11:
   336 00000410 A9 00000002                     	TEST	EAX,2
   337 00000415 74 04                           	JE	L12
   338 00000417 C6 45 C7 52                     	MOV	BYTE [-57+EBP],82
   339 0000041B                                 L12:
   340 0000041B 83 E0 04                        	AND	EAX,4
   341 0000041E 74 04                           	JE	L13
   342 00000420 C6 45 C6 43                     	MOV	BYTE [-58+EBP],67
   343 00000424                                 L13:
   344 00000424 6A 1F                           	PUSH	31
   345 00000426 68 00000097                     	PUSH	151
   346 0000042B 6A 10                           	PUSH	16
   347 0000042D 6A 20                           	PUSH	32
   348 0000042F 6A 0E                           	PUSH	14
   349 00000431 0F BF 05 00000FF4               	MOVSX	EAX,WORD [4084]
   350 00000438 50                              	PUSH	EAX
   351 00000439 FF B5 FFFFFD00                  	PUSH	DWORD [-768+EBP]
   352 0000043F E8 [00000000]                   	CALL	_boxfill8
   353 00000444 53                              	PUSH	EBX
   354 00000445 6A 07                           	PUSH	7
   355 00000447 6A 10                           	PUSH	16
   356 00000449 6A 20                           	PUSH	32
   357 0000044B 0F BF 05 00000FF4               	MOVSX	EAX,WORD [4084]
   358 00000452 50                              	PUSH	EAX
   359 00000453 FF B5 FFFFFD00                  	PUSH	DWORD [-768+EBP]
   360 00000459 E8 [00000000]                   	CALL	_putfonts8_asc
   361 0000045E 83 C4 34                        	ADD	ESP,52
   362 00000461 03 BD FFFFFE1C                  	ADD	EDI,DWORD [-484+EBP]
   363 00000467 03 B5 FFFFFE18                  	ADD	ESI,DWORD [-488+EBP]
   364 0000046D 0F 88 00000091                  	JS	L20
   365 00000473                                 L14:
   366 00000473 85 FF                           	TEST	EDI,EDI
   367 00000475 0F 88 00000082                  	JS	L21
   368 0000047B                                 L15:
   369 0000047B 0F BF 05 00000FF4               	MOVSX	EAX,WORD [4084]
   370 00000482 83 E8 10                        	SUB	EAX,16
   371 00000485 39 C6                           	CMP	ESI,EAX
   372 00000487 7E 02                           	JLE	L16
   373 00000489 89 C6                           	MOV	ESI,EAX
   374 0000048B                                 L16:
   375 0000048B 0F BF 05 00000FF6               	MOVSX	EAX,WORD [4086]
   376 00000492 83 E8 10                        	SUB	EAX,16
   377 00000495 39 C7                           	CMP	EDI,EAX
   378 00000497 7E 02                           	JLE	L17
   379 00000499 89 C7                           	MOV	EDI,EAX
   380 0000049B                                 L17:
   381 0000049B 57                              	PUSH	EDI
   382 0000049C 56                              	PUSH	ESI
   383 0000049D 68 [00000023]                   	PUSH	LC2
   384 000004A2 53                              	PUSH	EBX
   385 000004A3 E8 [00000000]                   	CALL	_sprintf
   386 000004A8 6A 0F                           	PUSH	15
   387 000004AA 6A 4F                           	PUSH	79
   388 000004AC 6A 00                           	PUSH	0
   389 000004AE 6A 00                           	PUSH	0
   390 000004B0 6A 0E                           	PUSH	14
   391 000004B2 0F BF 05 00000FF4               	MOVSX	EAX,WORD [4084]
   392 000004B9 50                              	PUSH	EAX
   393 000004BA FF B5 FFFFFD00                  	PUSH	DWORD [-768+EBP]
   394 000004C0 E8 [00000000]                   	CALL	_boxfill8
   395 000004C5 83 C4 2C                        	ADD	ESP,44
   396 000004C8 53                              	PUSH	EBX
   397 000004C9 6A 07                           	PUSH	7
   398 000004CB 6A 00                           	PUSH	0
   399 000004CD 6A 00                           	PUSH	0
   400 000004CF 0F BF 05 00000FF4               	MOVSX	EAX,WORD [4084]
   401 000004D6 50                              	PUSH	EAX
   402 000004D7 FF B5 FFFFFD00                  	PUSH	DWORD [-768+EBP]
   403 000004DD E8 [00000000]                   	CALL	_putfonts8_asc
   404 000004E2 57                              	PUSH	EDI
   405 000004E3 56                              	PUSH	ESI
   406 000004E4 FF B5 FFFFFD04                  	PUSH	DWORD [-764+EBP]
   407 000004EA FF B5 FFFFFD0C                  	PUSH	DWORD [-756+EBP]
   408 000004F0 E8 [00000000]                   	CALL	_sheet_slide
   409 000004F5 83 C4 28                        	ADD	ESP,40
   410 000004F8 E9 FFFFFE73                     	JMP	L2
   411 000004FD                                 L21:
   412 000004FD 31 FF                           	XOR	EDI,EDI
   413 000004FF E9 FFFFFF77                     	JMP	L15
   414 00000504                                 L20:
   415 00000504 31 F6                           	XOR	ESI,ESI
   416 00000506 E9 FFFFFF68                     	JMP	L14
   417 0000050B                                 L19:
   418 0000050B 68 [00000000]                   	PUSH	_keyfifo
   419 00000510 E8 [00000000]                   	CALL	_fifo8_get
   420 00000515 89 C3                           	MOV	EBX,EAX
   421 00000517 E8 [00000000]                   	CALL	_io_sti
   422 0000051C 53                              	PUSH	EBX
   423 0000051D 8D 5D C4                        	LEA	EBX,DWORD [-60+EBP]
   424 00000520 68 [0000003C]                   	PUSH	LC3
   425 00000525 53                              	PUSH	EBX
   426 00000526 E8 [00000000]                   	CALL	_sprintf
   427 0000052B 6A 1F                           	PUSH	31
   428 0000052D 6A 0F                           	PUSH	15
   429 0000052F 6A 10                           	PUSH	16
   430 00000531 6A 00                           	PUSH	0
   431 00000533 6A 0E                           	PUSH	14
   432 00000535 0F BF 05 00000FF4               	MOVSX	EAX,WORD [4084]
   433 0000053C 50                              	PUSH	EAX
   434 0000053D FF B5 FFFFFD00                  	PUSH	DWORD [-768+EBP]
   435 00000543 E8 [00000000]                   	CALL	_boxfill8
   436 00000548 83 C4 2C                        	ADD	ESP,44
   437 0000054B 53                              	PUSH	EBX
   438 0000054C 6A 07                           	PUSH	7
   439 0000054E 6A 10                           	PUSH	16
   440 00000550 6A 00                           	PUSH	0
   441 00000552 0F BF 05 00000FF4               	MOVSX	EAX,WORD [4084]
   442 00000559 50                              	PUSH	EAX
   443 0000055A FF B5 FFFFFD00                  	PUSH	DWORD [-768+EBP]
   444 00000560 E8 [00000000]                   	CALL	_putfonts8_asc
   445 00000565 FF B5 FFFFFD0C                  	PUSH	DWORD [-756+EBP]
   446 0000056B E8 [00000000]                   	CALL	_sheet_refresh
   447 00000570 83 C4 1C                        	ADD	ESP,28
   448 00000573 E9 FFFFFDF8                     	JMP	L2
   449 00000578                                 L18:
   450 00000578 E8 [00000000]                   	CALL	_io_stihlt
   451 0000057D E9 FFFFFDEE                     	JMP	L2
