     1 00000000                                 [FORMAT "WCOFF"]
     2 00000000                                 [INSTRSET "i486p"]
     3 00000000                                 [OPTIMIZE 1]
     4 00000000                                 [OPTION 1]
     5 00000000                                 [BITS 32]
     6 00000000                                 	EXTERN	_memman_alloc_4k
     7 00000000                                 [FILE "sheet.c"]
     8                                          [SECTION .text]
     9 00000000                                 	GLOBAL	_shtctl_init
    10 00000000                                 _shtctl_init:
    11 00000000 55                              	PUSH	EBP
    12 00000001 89 E5                           	MOV	EBP,ESP
    13 00000003 68 00002410                     	PUSH	9232
    14 00000008 FF 75 08                        	PUSH	DWORD [8+EBP]
    15 0000000B E8 [00000000]                   	CALL	_memman_alloc_4k
    16 00000010 89 C2                           	MOV	EDX,EAX
    17 00000012 58                              	POP	EAX
    18 00000013 59                              	POP	ECX
    19 00000014 85 D2                           	TEST	EDX,EDX
    20 00000016 74 2F                           	JE	L3
    21 00000018 8B 45 0C                        	MOV	EAX,DWORD [12+EBP]
    22 0000001B B9 000000FF                     	MOV	ECX,255
    23 00000020 89 02                           	MOV	DWORD [EDX],EAX
    24 00000022 8B 45 10                        	MOV	EAX,DWORD [16+EBP]
    25 00000025 89 42 04                        	MOV	DWORD [4+EDX],EAX
    26 00000028 8B 45 14                        	MOV	EAX,DWORD [20+EBP]
    27 0000002B 89 42 08                        	MOV	DWORD [8+EDX],EAX
    28 0000002E 8D 82 0000042C                  	LEA	EAX,DWORD [1068+EDX]
    29 00000034 C7 42 0C FFFFFFFF               	MOV	DWORD [12+EDX],-1
    30 0000003B                                 L8:
    31 0000003B C7 00 00000000                  	MOV	DWORD [EAX],0
    32 00000041 83 C0 20                        	ADD	EAX,32
    33 00000044 49                              	DEC	ECX
    34 00000045 79 F4                           	JNS	L8
    35 00000047                                 L3:
    36 00000047 89 D0                           	MOV	EAX,EDX
    37 00000049 C9                              	LEAVE
    38 0000004A C3                              	RET
    39 0000004B                                 	GLOBAL	_sheet_alloc
    40 0000004B                                 _sheet_alloc:
    41 0000004B 55                              	PUSH	EBP
    42 0000004C 31 D2                           	XOR	EDX,EDX
    43 0000004E 89 E5                           	MOV	EBP,ESP
    44 00000050 8B 45 08                        	MOV	EAX,DWORD [8+EBP]
    45 00000053 05 00000410                     	ADD	EAX,1040
    46 00000058                                 L16:
    47 00000058 83 78 1C 00                     	CMP	DWORD [28+EAX],0
    48 0000005C 74 10                           	JE	L19
    49 0000005E 42                              	INC	EDX
    50 0000005F 83 C0 20                        	ADD	EAX,32
    51 00000062 81 FA 000000FF                  	CMP	EDX,255
    52 00000068 7E EE                           	JLE	L16
    53 0000006A 31 C0                           	XOR	EAX,EAX
    54 0000006C                                 L10:
    55 0000006C 5D                              	POP	EBP
    56 0000006D C3                              	RET
    57 0000006E                                 L19:
    58 0000006E C7 40 1C 00000001               	MOV	DWORD [28+EAX],1
    59 00000075 C7 40 18 FFFFFFFF               	MOV	DWORD [24+EAX],-1
    60 0000007C EB EE                           	JMP	L10
    61 0000007E                                 	GLOBAL	_sheet_setbuf
    62 0000007E                                 _sheet_setbuf:
    63 0000007E 55                              	PUSH	EBP
    64 0000007F 89 E5                           	MOV	EBP,ESP
    65 00000081 8B 55 08                        	MOV	EDX,DWORD [8+EBP]
    66 00000084 8B 45 0C                        	MOV	EAX,DWORD [12+EBP]
    67 00000087 89 02                           	MOV	DWORD [EDX],EAX
    68 00000089 8B 45 10                        	MOV	EAX,DWORD [16+EBP]
    69 0000008C 89 42 04                        	MOV	DWORD [4+EDX],EAX
    70 0000008F 8B 45 14                        	MOV	EAX,DWORD [20+EBP]
    71 00000092 89 42 08                        	MOV	DWORD [8+EDX],EAX
    72 00000095 8B 45 18                        	MOV	EAX,DWORD [24+EBP]
    73 00000098 89 42 14                        	MOV	DWORD [20+EDX],EAX
    74 0000009B 5D                              	POP	EBP
    75 0000009C C3                              	RET
    76 0000009D                                 	GLOBAL	_sheet_updown
    77 0000009D                                 _sheet_updown:
    78 0000009D 55                              	PUSH	EBP
    79 0000009E 89 E5                           	MOV	EBP,ESP
    80 000000A0 57                              	PUSH	EDI
    81 000000A1 56                              	PUSH	ESI
    82 000000A2 53                              	PUSH	EBX
    83 000000A3 8B 75 08                        	MOV	ESI,DWORD [8+EBP]
    84 000000A6 8B 7D 0C                        	MOV	EDI,DWORD [12+EBP]
    85 000000A9 8B 5D 10                        	MOV	EBX,DWORD [16+EBP]
    86 000000AC 8B 56 0C                        	MOV	EDX,DWORD [12+ESI]
    87 000000AF 8B 47 18                        	MOV	EAX,DWORD [24+EDI]
    88 000000B2 42                              	INC	EDX
    89 000000B3 39 D3                           	CMP	EBX,EDX
    90 000000B5 7E 02                           	JLE	L22
    91 000000B7 89 D3                           	MOV	EBX,EDX
    92 000000B9                                 L22:
    93 000000B9 83 FB FF                        	CMP	EBX,-1
    94 000000BC 7D 03                           	JGE	L23
    95 000000BE 83 CB FF                        	OR	EBX,-1
    96 000000C1                                 L23:
    97 000000C1 89 5F 18                        	MOV	DWORD [24+EDI],EBX
    98 000000C4 39 D8                           	CMP	EAX,EBX
    99 000000C6 7E 46                           	JLE	L24
   100 000000C8 85 DB                           	TEST	EBX,EBX
   101 000000CA 78 1F                           	JS	L25
   102 000000CC 89 C1                           	MOV	ECX,EAX
   103 000000CE                                 L30:
   104 000000CE 8B 44 8E 0C                     	MOV	EAX,DWORD [12+ESI+ECX*4]
   105 000000D2 89 44 8E 10                     	MOV	DWORD [16+ESI+ECX*4],EAX
   106 000000D6 89 48 18                        	MOV	DWORD [24+EAX],ECX
   107 000000D9 49                              	DEC	ECX
   108 000000DA 39 D9                           	CMP	ECX,EBX
   109 000000DC 7F F0                           	JG	L30
   110 000000DE                                 L56:
   111 000000DE 89 7C 9E 10                     	MOV	DWORD [16+ESI+EBX*4],EDI
   112 000000E2                                 L46:
   113 000000E2 89 75 08                        	MOV	DWORD [8+EBP],ESI
   114 000000E5 5B                              	POP	EBX
   115 000000E6 5E                              	POP	ESI
   116 000000E7 5F                              	POP	EDI
   117 000000E8 5D                              	POP	EBP
   118 000000E9 EB 6B                           	JMP	_sheet_refresh
   119 000000EB                                 L25:
   120 000000EB 8B 56 0C                        	MOV	EDX,DWORD [12+ESI]
   121 000000EE 39 C2                           	CMP	EDX,EAX
   122 000000F0 7E 17                           	JLE	L32
   123 000000F2 89 C1                           	MOV	ECX,EAX
   124 000000F4 39 D0                           	CMP	EAX,EDX
   125 000000F6 7D 11                           	JGE	L32
   126 000000F8                                 L37:
   127 000000F8 8B 44 8E 14                     	MOV	EAX,DWORD [20+ESI+ECX*4]
   128 000000FC 89 44 8E 10                     	MOV	DWORD [16+ESI+ECX*4],EAX
   129 00000100 89 48 18                        	MOV	DWORD [24+EAX],ECX
   130 00000103 41                              	INC	ECX
   131 00000104 3B 4E 0C                        	CMP	ECX,DWORD [12+ESI]
   132 00000107 7C EF                           	JL	L37
   133 00000109                                 L32:
   134 00000109 FF 4E 0C                        	DEC	DWORD [12+ESI]
   135 0000010C EB D4                           	JMP	L46
   136 0000010E                                 L24:
   137 0000010E 39 D8                           	CMP	EAX,EBX
   138 00000110 7D 3F                           	JGE	L21
   139 00000112 85 C0                           	TEST	EAX,EAX
   140 00000114 78 18                           	JS	L40
   141 00000116 89 C1                           	MOV	ECX,EAX
   142 00000118 39 D8                           	CMP	EAX,EBX
   143 0000011A 7D C2                           	JGE	L56
   144 0000011C                                 L45:
   145 0000011C 8B 44 8E 14                     	MOV	EAX,DWORD [20+ESI+ECX*4]
   146 00000120 89 44 8E 10                     	MOV	DWORD [16+ESI+ECX*4],EAX
   147 00000124 89 48 18                        	MOV	DWORD [24+EAX],ECX
   148 00000127 41                              	INC	ECX
   149 00000128 39 D9                           	CMP	ECX,EBX
   150 0000012A 7C F0                           	JL	L45
   151 0000012C EB B0                           	JMP	L56
   152 0000012E                                 L40:
   153 0000012E 8B 4E 0C                        	MOV	ECX,DWORD [12+ESI]
   154 00000131 39 D9                           	CMP	ECX,EBX
   155 00000133 7C 13                           	JL	L58
   156 00000135                                 L51:
   157 00000135 8B 54 8E 10                     	MOV	EDX,DWORD [16+ESI+ECX*4]
   158 00000139 8D 41 01                        	LEA	EAX,DWORD [1+ECX]
   159 0000013C 89 54 8E 14                     	MOV	DWORD [20+ESI+ECX*4],EDX
   160 00000140 49                              	DEC	ECX
   161 00000141 89 42 18                        	MOV	DWORD [24+EDX],EAX
   162 00000144 39 D9                           	CMP	ECX,EBX
   163 00000146 7D ED                           	JGE	L51
   164 00000148                                 L58:
   165 00000148 89 7C 9E 10                     	MOV	DWORD [16+ESI+EBX*4],EDI
   166 0000014C FF 46 0C                        	INC	DWORD [12+ESI]
   167 0000014F EB 91                           	JMP	L46
   168 00000151                                 L21:
   169 00000151 5B                              	POP	EBX
   170 00000152 5E                              	POP	ESI
   171 00000153 5F                              	POP	EDI
   172 00000154 5D                              	POP	EBP
   173 00000155 C3                              	RET
   174 00000156                                 	GLOBAL	_sheet_refresh
   175 00000156                                 _sheet_refresh:
   176 00000156 55                              	PUSH	EBP
   177 00000157 31 D2                           	XOR	EDX,EDX
   178 00000159 89 E5                           	MOV	EBP,ESP
   179 0000015B 57                              	PUSH	EDI
   180 0000015C 56                              	PUSH	ESI
   181 0000015D 53                              	PUSH	EBX
   182 0000015E 83 EC 18                        	SUB	ESP,24
   183 00000161 8B 45 08                        	MOV	EAX,DWORD [8+EBP]
   184 00000164 8B 4D 08                        	MOV	ECX,DWORD [8+EBP]
   185 00000167 C7 45 F0 00000000               	MOV	DWORD [-16+EBP],0
   186 0000016E 8B 00                           	MOV	EAX,DWORD [EAX]
   187 00000170 3B 51 0C                        	CMP	EDX,DWORD [12+ECX]
   188 00000173 89 45 E4                        	MOV	DWORD [-28+EBP],EAX
   189 00000176 7F 74                           	JG	L77
   190 00000178                                 L75:
   191 00000178 8B 7D F0                        	MOV	EDI,DWORD [-16+EBP]
   192 0000017B 8B 45 08                        	MOV	EAX,DWORD [8+EBP]
   193 0000017E 31 F6                           	XOR	ESI,ESI
   194 00000180 8B 54 B8 10                     	MOV	EDX,DWORD [16+EAX+EDI*4]
   195 00000184 8B 0A                           	MOV	ECX,DWORD [EDX]
   196 00000186 3B 72 08                        	CMP	ESI,DWORD [8+EDX]
   197 00000189 89 4D E8                        	MOV	DWORD [-24+EBP],ECX
   198 0000018C 7D 50                           	JGE	L79
   199 0000018E                                 L74:
   200 0000018E 8B 7A 10                        	MOV	EDI,DWORD [16+EDX]
   201 00000191 31 DB                           	XOR	EBX,EBX
   202 00000193 01 F7                           	ADD	EDI,ESI
   203 00000195 8B 42 04                        	MOV	EAX,DWORD [4+EDX]
   204 00000198 89 7D EC                        	MOV	DWORD [-20+EBP],EDI
   205 0000019B 39 C3                           	CMP	EBX,EAX
   206 0000019D 7D 39                           	JGE	L81
   207 0000019F                                 L73:
   208 0000019F 0F AF C6                        	IMUL	EAX,ESI
   209 000001A2 8B 4A 0C                        	MOV	ECX,DWORD [12+EDX]
   210 000001A5 8B 7D E8                        	MOV	EDI,DWORD [-24+EBP]
   211 000001A8 01 D9                           	ADD	ECX,EBX
   212 000001AA 89 4D DC                        	MOV	DWORD [-36+EBP],ECX
   213 000001AD 8D 0C 03                        	LEA	ECX,DWORD [EBX+EAX*1]
   214 000001B0 8A 0C 39                        	MOV	CL,BYTE [ECX+EDI*1]
   215 000001B3 0F B6 C1                        	MOVZX	EAX,CL
   216 000001B6 3B 42 14                        	CMP	EAX,DWORD [20+EDX]
   217 000001B9 74 15                           	JE	L70
   218 000001BB 8B 45 08                        	MOV	EAX,DWORD [8+EBP]
   219 000001BE 8B 7D EC                        	MOV	EDI,DWORD [-20+EBP]
   220 000001C1 0F AF 78 04                     	IMUL	EDI,DWORD [4+EAX]
   221 000001C5 89 F8                           	MOV	EAX,EDI
   222 000001C7 8B 7D E4                        	MOV	EDI,DWORD [-28+EBP]
   223 000001CA 03 45 DC                        	ADD	EAX,DWORD [-36+EBP]
   224 000001CD 88 0C 38                        	MOV	BYTE [EAX+EDI*1],CL
   225 000001D0                                 L70:
   226 000001D0 43                              	INC	EBX
   227 000001D1 8B 42 04                        	MOV	EAX,DWORD [4+EDX]
   228 000001D4 39 C3                           	CMP	EBX,EAX
   229 000001D6 7C C7                           	JL	L73
   230 000001D8                                 L81:
   231 000001D8 46                              	INC	ESI
   232 000001D9 3B 72 08                        	CMP	ESI,DWORD [8+EDX]
   233 000001DC 7C B0                           	JL	L74
   234 000001DE                                 L79:
   235 000001DE 8B 55 08                        	MOV	EDX,DWORD [8+EBP]
   236 000001E1 FF 45 F0                        	INC	DWORD [-16+EBP]
   237 000001E4 8B 45 F0                        	MOV	EAX,DWORD [-16+EBP]
   238 000001E7 3B 42 0C                        	CMP	EAX,DWORD [12+EDX]
   239 000001EA 7E 8C                           	JLE	L75
   240 000001EC                                 L77:
   241 000001EC 83 C4 18                        	ADD	ESP,24
   242 000001EF 5B                              	POP	EBX
   243 000001F0 5E                              	POP	ESI
   244 000001F1 5F                              	POP	EDI
   245 000001F2 5D                              	POP	EBP
   246 000001F3 C3                              	RET
   247 000001F4                                 	GLOBAL	_sheet_refreshsub
   248 000001F4                                 _sheet_refreshsub:
   249 000001F4 55                              	PUSH	EBP
   250 000001F5 31 D2                           	XOR	EDX,EDX
   251 000001F7 89 E5                           	MOV	EBP,ESP
   252 000001F9 57                              	PUSH	EDI
   253 000001FA 56                              	PUSH	ESI
   254 000001FB 53                              	PUSH	EBX
   255 000001FC 83 EC 28                        	SUB	ESP,40
   256 000001FF 8B 45 08                        	MOV	EAX,DWORD [8+EBP]
   257 00000202 8B 75 08                        	MOV	ESI,DWORD [8+EBP]
   258 00000205 C7 45 F0 00000000               	MOV	DWORD [-16+EBP],0
   259 0000020C 8B 00                           	MOV	EAX,DWORD [EAX]
   260 0000020E 3B 56 0C                        	CMP	EDX,DWORD [12+ESI]
   261 00000211 89 45 D8                        	MOV	DWORD [-40+EBP],EAX
   262 00000214 0F 8F 00000093                  	JG	L103
   263 0000021A                                 L101:
   264 0000021A 8B 45 08                        	MOV	EAX,DWORD [8+EBP]
   265 0000021D 8B 7D F0                        	MOV	EDI,DWORD [-16+EBP]
   266 00000220 8B 4C B8 10                     	MOV	ECX,DWORD [16+EAX+EDI*4]
   267 00000224 8B 11                           	MOV	EDX,DWORD [ECX]
   268 00000226 8B 41 04                        	MOV	EAX,DWORD [4+ECX]
   269 00000229 89 55 E0                        	MOV	DWORD [-32+EBP],EDX
   270 0000022C 39 45 CC                        	CMP	DWORD [-52+EBP],EAX
   271 0000022F 7E 03                           	JLE	L88
   272 00000231 89 45 CC                        	MOV	DWORD [-52+EBP],EAX
   273 00000234                                 L88:
   274 00000234 8B 41 08                        	MOV	EAX,DWORD [8+ECX]
   275 00000237 39 45 E4                        	CMP	DWORD [-28+EBP],EAX
   276 0000023A 7E 03                           	JLE	L89
   277 0000023C 89 45 E4                        	MOV	DWORD [-28+EBP],EAX
   278 0000023F                                 L89:
   279 0000023F 31 DB                           	XOR	EBX,EBX
   280 00000241 3B 5D E4                        	CMP	EBX,DWORD [-28+EBP]
   281 00000244 7D 55                           	JGE	L105
   282 00000246                                 L100:
   283 00000246 8B 79 10                        	MOV	EDI,DWORD [16+ECX]
   284 00000249 8B 55 E8                        	MOV	EDX,DWORD [-24+EBP]
   285 0000024C 01 DF                           	ADD	EDI,EBX
   286 0000024E 3B 55 CC                        	CMP	EDX,DWORD [-52+EBP]
   287 00000251 89 7D EC                        	MOV	DWORD [-20+EBP],EDI
   288 00000254 7D 3F                           	JGE	L107
   289 00000256                                 L99:
   290 00000256 8B 41 0C                        	MOV	EAX,DWORD [12+ECX]
   291 00000259 8B 75 E0                        	MOV	ESI,DWORD [-32+EBP]
   292 0000025C 01 D0                           	ADD	EAX,EDX
   293 0000025E 89 45 D0                        	MOV	DWORD [-48+EBP],EAX
   294 00000261 89 D8                           	MOV	EAX,EBX
   295 00000263 0F AF 41 04                     	IMUL	EAX,DWORD [4+ECX]
   296 00000267 01 D0                           	ADD	EAX,EDX
   297 00000269 8A 04 30                        	MOV	AL,BYTE [EAX+ESI*1]
   298 0000026C 88 45 DF                        	MOV	BYTE [-33+EBP],AL
   299 0000026F 0F B6 C0                        	MOVZX	EAX,AL
   300 00000272 3B 41 14                        	CMP	EAX,DWORD [20+ECX]
   301 00000275 74 18                           	JE	L96
   302 00000277 8B 7D 08                        	MOV	EDI,DWORD [8+EBP]
   303 0000027A 8B 45 EC                        	MOV	EAX,DWORD [-20+EBP]
   304 0000027D 8B 75 D0                        	MOV	ESI,DWORD [-48+EBP]
   305 00000280 0F AF 47 04                     	IMUL	EAX,DWORD [4+EDI]
   306 00000284 8B 7D D8                        	MOV	EDI,DWORD [-40+EBP]
   307 00000287 01 C6                           	ADD	ESI,EAX
   308 00000289 8A 45 DF                        	MOV	AL,BYTE [-33+EBP]
   309 0000028C 88 04 3E                        	MOV	BYTE [ESI+EDI*1],AL
   310 0000028F                                 L96:
   311 0000028F 42                              	INC	EDX
   312 00000290 3B 55 CC                        	CMP	EDX,DWORD [-52+EBP]
   313 00000293 7C C1                           	JL	L99
   314 00000295                                 L107:
   315 00000295 43                              	INC	EBX
   316 00000296 3B 5D E4                        	CMP	EBX,DWORD [-28+EBP]
   317 00000299 7C AB                           	JL	L100
   318 0000029B                                 L105:
   319 0000029B 8B 55 08                        	MOV	EDX,DWORD [8+EBP]
   320 0000029E FF 45 F0                        	INC	DWORD [-16+EBP]
   321 000002A1 8B 45 F0                        	MOV	EAX,DWORD [-16+EBP]
   322 000002A4 3B 42 0C                        	CMP	EAX,DWORD [12+EDX]
   323 000002A7 0F 8E FFFFFF6D                  	JLE	L101
   324 000002AD                                 L103:
   325 000002AD 83 C4 28                        	ADD	ESP,40
   326 000002B0 5B                              	POP	EBX
   327 000002B1 5E                              	POP	ESI
   328 000002B2 5F                              	POP	EDI
   329 000002B3 5D                              	POP	EBP
   330 000002B4 C3                              	RET
   331 000002B5                                 	GLOBAL	_sheet_slide
   332 000002B5                                 _sheet_slide:
   333 000002B5 55                              	PUSH	EBP
   334 000002B6 89 E5                           	MOV	EBP,ESP
   335 000002B8 57                              	PUSH	EDI
   336 000002B9 56                              	PUSH	ESI
   337 000002BA 53                              	PUSH	EBX
   338 000002BB 8B 7D 10                        	MOV	EDI,DWORD [16+EBP]
   339 000002BE 8B 5D 0C                        	MOV	EBX,DWORD [12+EBP]
   340 000002C1 8B 75 14                        	MOV	ESI,DWORD [20+EBP]
   341 000002C4 8B 4B 0C                        	MOV	ECX,DWORD [12+EBX]
   342 000002C7 8B 53 10                        	MOV	EDX,DWORD [16+EBX]
   343 000002CA 89 7B 0C                        	MOV	DWORD [12+EBX],EDI
   344 000002CD 89 73 10                        	MOV	DWORD [16+EBX],ESI
   345 000002D0 83 7B 18 00                     	CMP	DWORD [24+EBX],0
   346 000002D4 78 2F                           	JS	L108
   347 000002D6 89 D0                           	MOV	EAX,EDX
   348 000002D8 03 43 08                        	ADD	EAX,DWORD [8+EBX]
   349 000002DB 50                              	PUSH	EAX
   350 000002DC 89 C8                           	MOV	EAX,ECX
   351 000002DE 03 43 04                        	ADD	EAX,DWORD [4+EBX]
   352 000002E1 50                              	PUSH	EAX
   353 000002E2 52                              	PUSH	EDX
   354 000002E3 51                              	PUSH	ECX
   355 000002E4 FF 75 08                        	PUSH	DWORD [8+EBP]
   356 000002E7 E8 FFFFFF08                     	CALL	_sheet_refreshsub
   357 000002EC 89 F0                           	MOV	EAX,ESI
   358 000002EE 03 43 08                        	ADD	EAX,DWORD [8+EBX]
   359 000002F1 50                              	PUSH	EAX
   360 000002F2 89 F8                           	MOV	EAX,EDI
   361 000002F4 03 43 04                        	ADD	EAX,DWORD [4+EBX]
   362 000002F7 50                              	PUSH	EAX
   363 000002F8 56                              	PUSH	ESI
   364 000002F9 57                              	PUSH	EDI
   365 000002FA FF 75 08                        	PUSH	DWORD [8+EBP]
   366 000002FD E8 FFFFFEF2                     	CALL	_sheet_refreshsub
   367 00000302 83 C4 28                        	ADD	ESP,40
   368 00000305                                 L108:
   369 00000305 8D 65 F4                        	LEA	ESP,DWORD [-12+EBP]
   370 00000308 5B                              	POP	EBX
   371 00000309 5E                              	POP	ESI
   372 0000030A 5F                              	POP	EDI
   373 0000030B 5D                              	POP	EBP
   374 0000030C C3                              	RET
   375 0000030D                                 	GLOBAL	_sheet_free
   376 0000030D                                 _sheet_free:
   377 0000030D 55                              	PUSH	EBP
   378 0000030E 89 E5                           	MOV	EBP,ESP
   379 00000310 53                              	PUSH	EBX
   380 00000311 8B 5D 0C                        	MOV	EBX,DWORD [12+EBP]
   381 00000314 83 7B 18 00                     	CMP	DWORD [24+EBX],0
   382 00000318 78 0E                           	JS	L111
   383 0000031A 6A FF                           	PUSH	-1
   384 0000031C 53                              	PUSH	EBX
   385 0000031D FF 75 08                        	PUSH	DWORD [8+EBP]
   386 00000320 E8 FFFFFD78                     	CALL	_sheet_updown
   387 00000325 83 C4 0C                        	ADD	ESP,12
   388 00000328                                 L111:
   389 00000328 C7 43 1C 00000000               	MOV	DWORD [28+EBX],0
   390 0000032F 8B 5D FC                        	MOV	EBX,DWORD [-4+EBP]
   391 00000332 C9                              	LEAVE
   392 00000333 C3                              	RET
