     1 00000000                                 [FORMAT "WCOFF"]
     2 00000000                                 [INSTRSET "i486p"]
     3 00000000                                 [OPTIMIZE 1]
     4 00000000                                 [OPTION 1]
     5 00000000                                 [BITS 32]
     6 00000000                                 	EXTERN	_boxfill8
     7 00000000                                 	EXTERN	_putfonts8_asc
     8 00000000                                 	EXTERN	_sheet_refresh
     9 00000000                                 	EXTERN	_init_gdtidt
    10 00000000                                 	EXTERN	_init_pic
    11 00000000                                 	EXTERN	_io_sti
    12 00000000                                 	EXTERN	_fifo32_init
    13 00000000                                 	EXTERN	_init_keyboard
    14 00000000                                 	EXTERN	_enable_mouse
    15 00000000                                 	EXTERN	_io_out8
    16 00000000                                 	EXTERN	_init_pit
    17 00000000                                 	EXTERN	_timer_alloc
    18 00000000                                 	EXTERN	_timer_init
    19 00000000                                 	EXTERN	_timer_settime
    20 00000000                                 	EXTERN	_memtest
    21 00000000                                 	EXTERN	_memman_init
    22 00000000                                 	EXTERN	_memman_free
    23 00000000                                 	EXTERN	_init_palette
    24 00000000                                 	EXTERN	_shtctl_init
    25 00000000                                 	EXTERN	_sheet_alloc
    26 00000000                                 	EXTERN	_memman_alloc_4k
    27 00000000                                 	EXTERN	_sheet_setbuf
    28 00000000                                 	EXTERN	_init_screen8
    29 00000000                                 	EXTERN	_init_mouse_cursor8
    30 00000000                                 	EXTERN	_sheet_slide
    31 00000000                                 	EXTERN	_sheet_updown
    32 00000000                                 	EXTERN	_sprintf
    33 00000000                                 	EXTERN	_memman_total
    34 00000000                                 	EXTERN	_timerctl
    35 00000000                                 	EXTERN	_io_cli
    36 00000000                                 	EXTERN	_fifo32_status
    37 00000000                                 	EXTERN	_fifo32_get
    38 00000000                                 	EXTERN	_mouse_decode
    39 00000000                                 	EXTERN	_io_stihlt
    40 00000000                                 [FILE "bootpack.c"]
    41                                          [SECTION .text]
    42 00000000                                 	GLOBAL	_putfonts8_asc_sht
    43 00000000                                 _putfonts8_asc_sht:
    44 00000000 55                              	PUSH	EBP
    45 00000001 89 E5                           	MOV	EBP,ESP
    46 00000003 57                              	PUSH	EDI
    47 00000004 56                              	PUSH	ESI
    48 00000005 53                              	PUSH	EBX
    49 00000006 83 EC 0C                        	SUB	ESP,12
    50 00000009 8B 45 08                        	MOV	EAX,DWORD [8+EBP]
    51 0000000C 8B 7D 10                        	MOV	EDI,DWORD [16+EBP]
    52 0000000F 89 45 F0                        	MOV	DWORD [-16+EBP],EAX
    53 00000012 8B 5D 14                        	MOV	EBX,DWORD [20+EBP]
    54 00000015 8B 45 0C                        	MOV	EAX,DWORD [12+EBP]
    55 00000018 89 45 EC                        	MOV	DWORD [-20+EBP],EAX
    56 0000001B 8B 45 1C                        	MOV	EAX,DWORD [28+EBP]
    57 0000001E 89 45 E8                        	MOV	DWORD [-24+EBP],EAX
    58 00000021 8D 47 0F                        	LEA	EAX,DWORD [15+EDI]
    59 00000024 50                              	PUSH	EAX
    60 00000025 8B 45 EC                        	MOV	EAX,DWORD [-20+EBP]
    61 00000028 8B 75 20                        	MOV	ESI,DWORD [32+EBP]
    62 0000002B 0F BE DB                        	MOVSX	EBX,BL
    63 0000002E 8D 34 F0                        	LEA	ESI,DWORD [EAX+ESI*8]
    64 00000031 8D 46 FF                        	LEA	EAX,DWORD [-1+ESI]
    65 00000034 50                              	PUSH	EAX
    66 00000035 57                              	PUSH	EDI
    67 00000036 FF 75 EC                        	PUSH	DWORD [-20+EBP]
    68 00000039 0F B6 45 18                     	MOVZX	EAX,BYTE [24+EBP]
    69 0000003D 50                              	PUSH	EAX
    70 0000003E 8B 45 F0                        	MOV	EAX,DWORD [-16+EBP]
    71 00000041 FF 70 04                        	PUSH	DWORD [4+EAX]
    72 00000044 FF 30                           	PUSH	DWORD [EAX]
    73 00000046 E8 [00000000]                   	CALL	_boxfill8
    74 0000004B FF 75 E8                        	PUSH	DWORD [-24+EBP]
    75 0000004E 53                              	PUSH	EBX
    76 0000004F 57                              	PUSH	EDI
    77 00000050 FF 75 EC                        	PUSH	DWORD [-20+EBP]
    78 00000053 8B 45 F0                        	MOV	EAX,DWORD [-16+EBP]
    79 00000056 FF 70 04                        	PUSH	DWORD [4+EAX]
    80 00000059 FF 30                           	PUSH	DWORD [EAX]
    81 0000005B E8 [00000000]                   	CALL	_putfonts8_asc
    82 00000060 89 7D 10                        	MOV	DWORD [16+EBP],EDI
    83 00000063 8D 47 10                        	LEA	EAX,DWORD [16+EDI]
    84 00000066 89 75 14                        	MOV	DWORD [20+EBP],ESI
    85 00000069 89 45 18                        	MOV	DWORD [24+EBP],EAX
    86 0000006C 83 C4 34                        	ADD	ESP,52
    87 0000006F 8B 45 EC                        	MOV	EAX,DWORD [-20+EBP]
    88 00000072 89 45 0C                        	MOV	DWORD [12+EBP],EAX
    89 00000075 8B 45 F0                        	MOV	EAX,DWORD [-16+EBP]
    90 00000078 89 45 08                        	MOV	DWORD [8+EBP],EAX
    91 0000007B 8D 65 F4                        	LEA	ESP,DWORD [-12+EBP]
    92 0000007E 5B                              	POP	EBX
    93 0000007F 5E                              	POP	ESI
    94 00000080 5F                              	POP	EDI
    95 00000081 5D                              	POP	EBP
    96 00000082 E9 [00000000]                   	JMP	_sheet_refresh
    97                                          [SECTION .data]
    98 00000000                                 _closebtn.0:
    99 00000000 4F 4F 4F 4F 4F 4F 4F 4F 4F 4F   	DB	"OOOOOOOOOOOOOOO@"
       0000000A 4F 4F 4F 4F 4F 40 
   100 00000010 4F 51 51 51 51 51 51 51 51 51   	DB	"OQQQQQQQQQQQQQ$@"
       0000001A 51 51 51 51 24 40 
   101 00000020 4F 51 51 51 51 51 51 51 51 51   	DB	"OQQQQQQQQQQQQQ$@"
       0000002A 51 51 51 51 24 40 
   102 00000030 4F 51 51 51 40 40 51 51 51 51   	DB	"OQQQ@@QQQQ@@QQ$@"
       0000003A 40 40 51 51 24 40 
   103 00000040 4F 51 51 51 51 40 40 51 51 40   	DB	"OQQQQ@@QQ@@QQQ$@"
       0000004A 40 51 51 51 24 40 
   104 00000050 4F 51 51 51 51 51 40 40 40 40   	DB	"OQQQQQ@@@@QQQQ$@"
       0000005A 51 51 51 51 24 40 
   105 00000060 4F 51 51 51 51 51 51 40 40 51   	DB	"OQQQQQQ@@QQQQQ$@"
       0000006A 51 51 51 51 24 40 
   106 00000070 4F 51 51 51 51 51 40 40 40 40   	DB	"OQQQQQ@@@@QQQQ$@"
       0000007A 51 51 51 51 24 40 
   107 00000080 4F 51 51 51 51 40 40 51 51 40   	DB	"OQQQQ@@QQ@@QQQ$@"
       0000008A 40 51 51 51 24 40 
   108 00000090 4F 51 51 51 40 40 51 51 51 51   	DB	"OQQQ@@QQQQ@@QQ$@"
       0000009A 40 40 51 51 24 40 
   109 000000A0 4F 51 51 51 51 51 51 51 51 51   	DB	"OQQQQQQQQQQQQQ$@"
       000000AA 51 51 51 51 24 40 
   110 000000B0 4F 51 51 51 51 51 51 51 51 51   	DB	"OQQQQQQQQQQQQQ$@"
       000000BA 51 51 51 51 24 40 
   111 000000C0 4F 24 24 24 24 24 24 24 24 24   	DB	"O$$$$$$$$$$$$$$@"
       000000CA 24 24 24 24 24 40 
   112 000000D0 40 40 40 40 40 40 40 40 40 40   	DB	"@@@@@@@@@@@@@@@@"
       000000DA 40 40 40 40 40 40 
   113                                          [SECTION .text]
   114 00000087                                 	GLOBAL	_make_window8
   115 00000087                                 _make_window8:
   116 00000087 55                              	PUSH	EBP
   117 00000088 89 E5                           	MOV	EBP,ESP
   118 0000008A 57                              	PUSH	EDI
   119 0000008B 56                              	PUSH	ESI
   120 0000008C 53                              	PUSH	EBX
   121 0000008D 83 EC 14                        	SUB	ESP,20
   122 00000090 8B 5D 0C                        	MOV	EBX,DWORD [12+EBP]
   123 00000093 6A 00                           	PUSH	0
   124 00000095 8D 43 FF                        	LEA	EAX,DWORD [-1+EBX]
   125 00000098 8D 7B FE                        	LEA	EDI,DWORD [-2+EBX]
   126 0000009B 50                              	PUSH	EAX
   127 0000009C 89 45 EC                        	MOV	DWORD [-20+EBP],EAX
   128 0000009F 6A 00                           	PUSH	0
   129 000000A1 6A 00                           	PUSH	0
   130 000000A3 6A 08                           	PUSH	8
   131 000000A5 53                              	PUSH	EBX
   132 000000A6 FF 75 08                        	PUSH	DWORD [8+EBP]
   133 000000A9 E8 [00000000]                   	CALL	_boxfill8
   134 000000AE 6A 01                           	PUSH	1
   135 000000B0 57                              	PUSH	EDI
   136 000000B1 6A 01                           	PUSH	1
   137 000000B3 6A 01                           	PUSH	1
   138 000000B5 6A 07                           	PUSH	7
   139 000000B7 53                              	PUSH	EBX
   140 000000B8 FF 75 08                        	PUSH	DWORD [8+EBP]
   141 000000BB E8 [00000000]                   	CALL	_boxfill8
   142 000000C0 8B 55 10                        	MOV	EDX,DWORD [16+EBP]
   143 000000C3 83 C4 38                        	ADD	ESP,56
   144 000000C6 4A                              	DEC	EDX
   145 000000C7 89 55 E8                        	MOV	DWORD [-24+EBP],EDX
   146 000000CA 52                              	PUSH	EDX
   147 000000CB 6A 00                           	PUSH	0
   148 000000CD 6A 00                           	PUSH	0
   149 000000CF 6A 00                           	PUSH	0
   150 000000D1 6A 08                           	PUSH	8
   151 000000D3 53                              	PUSH	EBX
   152 000000D4 FF 75 08                        	PUSH	DWORD [8+EBP]
   153 000000D7 E8 [00000000]                   	CALL	_boxfill8
   154 000000DC 8B 75 10                        	MOV	ESI,DWORD [16+EBP]
   155 000000DF 83 EE 02                        	SUB	ESI,2
   156 000000E2 56                              	PUSH	ESI
   157 000000E3 6A 01                           	PUSH	1
   158 000000E5 6A 01                           	PUSH	1
   159 000000E7 6A 01                           	PUSH	1
   160 000000E9 6A 07                           	PUSH	7
   161 000000EB 53                              	PUSH	EBX
   162 000000EC FF 75 08                        	PUSH	DWORD [8+EBP]
   163 000000EF E8 [00000000]                   	CALL	_boxfill8
   164 000000F4 83 C4 38                        	ADD	ESP,56
   165 000000F7 56                              	PUSH	ESI
   166 000000F8 57                              	PUSH	EDI
   167 000000F9 6A 01                           	PUSH	1
   168 000000FB 57                              	PUSH	EDI
   169 000000FC 6A 0F                           	PUSH	15
   170 000000FE 53                              	PUSH	EBX
   171 000000FF FF 75 08                        	PUSH	DWORD [8+EBP]
   172 00000102 E8 [00000000]                   	CALL	_boxfill8
   173 00000107 FF 75 E8                        	PUSH	DWORD [-24+EBP]
   174 0000010A FF 75 EC                        	PUSH	DWORD [-20+EBP]
   175 0000010D 6A 00                           	PUSH	0
   176 0000010F FF 75 EC                        	PUSH	DWORD [-20+EBP]
   177 00000112 6A 00                           	PUSH	0
   178 00000114 53                              	PUSH	EBX
   179 00000115 FF 75 08                        	PUSH	DWORD [8+EBP]
   180 00000118 E8 [00000000]                   	CALL	_boxfill8
   181 0000011D 8B 45 10                        	MOV	EAX,DWORD [16+EBP]
   182 00000120 83 C4 38                        	ADD	ESP,56
   183 00000123 83 E8 03                        	SUB	EAX,3
   184 00000126 50                              	PUSH	EAX
   185 00000127 8D 43 FD                        	LEA	EAX,DWORD [-3+EBX]
   186 0000012A 50                              	PUSH	EAX
   187 0000012B 6A 02                           	PUSH	2
   188 0000012D 6A 02                           	PUSH	2
   189 0000012F 6A 08                           	PUSH	8
   190 00000131 53                              	PUSH	EBX
   191 00000132 FF 75 08                        	PUSH	DWORD [8+EBP]
   192 00000135 E8 [00000000]                   	CALL	_boxfill8
   193 0000013A 8D 43 FC                        	LEA	EAX,DWORD [-4+EBX]
   194 0000013D 6A 14                           	PUSH	20
   195 0000013F 50                              	PUSH	EAX
   196 00000140 6A 03                           	PUSH	3
   197 00000142 6A 03                           	PUSH	3
   198 00000144 6A 0C                           	PUSH	12
   199 00000146 53                              	PUSH	EBX
   200 00000147 FF 75 08                        	PUSH	DWORD [8+EBP]
   201 0000014A E8 [00000000]                   	CALL	_boxfill8
   202 0000014F 83 C4 38                        	ADD	ESP,56
   203 00000152 56                              	PUSH	ESI
   204 00000153 57                              	PUSH	EDI
   205 00000154 56                              	PUSH	ESI
   206 00000155 6A 01                           	PUSH	1
   207 00000157 6A 0F                           	PUSH	15
   208 00000159 53                              	PUSH	EBX
   209 0000015A FF 75 08                        	PUSH	DWORD [8+EBP]
   210 0000015D E8 [00000000]                   	CALL	_boxfill8
   211 00000162 FF 75 E8                        	PUSH	DWORD [-24+EBP]
   212 00000165 FF 75 EC                        	PUSH	DWORD [-20+EBP]
   213 00000168 FF 75 E8                        	PUSH	DWORD [-24+EBP]
   214 0000016B 6A 00                           	PUSH	0
   215 0000016D 6A 00                           	PUSH	0
   216 0000016F 6B F3 05                        	IMUL	ESI,EBX,5
   217 00000172 53                              	PUSH	EBX
   218 00000173 FF 75 08                        	PUSH	DWORD [8+EBP]
   219 00000176 E8 [00000000]                   	CALL	_boxfill8
   220 0000017B 83 C4 38                        	ADD	ESP,56
   221 0000017E FF 75 14                        	PUSH	DWORD [20+EBP]
   222 00000181 6A 07                           	PUSH	7
   223 00000183 6A 04                           	PUSH	4
   224 00000185 6A 18                           	PUSH	24
   225 00000187 53                              	PUSH	EBX
   226 00000188 FF 75 08                        	PUSH	DWORD [8+EBP]
   227 0000018B E8 [00000000]                   	CALL	_putfonts8_asc
   228 00000190 83 C4 18                        	ADD	ESP,24
   229 00000193 C7 45 F0 00000000               	MOV	DWORD [-16+EBP],0
   230 0000019A C7 45 E0 00000000               	MOV	DWORD [-32+EBP],0
   231 000001A1                                 L18:
   232 000001A1 8D 04 1E                        	LEA	EAX,DWORD [ESI+EBX*1]
   233 000001A4 8B 55 08                        	MOV	EDX,DWORD [8+EBP]
   234 000001A7 31 FF                           	XOR	EDI,EDI
   235 000001A9 8D 4C 02 EB                     	LEA	ECX,DWORD [-21+EDX+EAX*1]
   236 000001AD                                 L17:
   237 000001AD 8B 45 E0                        	MOV	EAX,DWORD [-32+EBP]
   238 000001B0 8A 94 07 [00000000]             	MOV	DL,BYTE [_closebtn.0+EDI+EAX*1]
   239 000001B7 80 FA 40                        	CMP	DL,64
   240 000001BA 74 33                           	JE	L23
   241 000001BC 80 FA 24                        	CMP	DL,36
   242 000001BF 74 2A                           	JE	L24
   243 000001C1 80 FA 51                        	CMP	DL,81
   244 000001C4 B2 08                           	MOV	DL,8
   245 000001C6 0F 95 C0                        	SETNE	AL
   246 000001C9 28 C2                           	SUB	DL,AL
   247 000001CB                                 L12:
   248 000001CB 47                              	INC	EDI
   249 000001CC 88 11                           	MOV	BYTE [ECX],DL
   250 000001CE 41                              	INC	ECX
   251 000001CF 83 FF 0F                        	CMP	EDI,15
   252 000001D2 7E D9                           	JLE	L17
   253 000001D4 FF 45 F0                        	INC	DWORD [-16+EBP]
   254 000001D7 01 DE                           	ADD	ESI,EBX
   255 000001D9 83 45 E0 10                     	ADD	DWORD [-32+EBP],16
   256 000001DD 83 7D F0 0D                     	CMP	DWORD [-16+EBP],13
   257 000001E1 7E BE                           	JLE	L18
   258 000001E3 8D 65 F4                        	LEA	ESP,DWORD [-12+EBP]
   259 000001E6 5B                              	POP	EBX
   260 000001E7 5E                              	POP	ESI
   261 000001E8 5F                              	POP	EDI
   262 000001E9 5D                              	POP	EBP
   263 000001EA C3                              	RET
   264 000001EB                                 L24:
   265 000001EB B2 0F                           	MOV	DL,15
   266 000001ED EB DC                           	JMP	L12
   267 000001EF                                 L23:
   268 000001EF 31 D2                           	XOR	EDX,EDX
   269 000001F1 EB D8                           	JMP	L12
   270                                          [SECTION .data]
   271 000000E0                                 LC0:
   272 000000E0 63 6F 75 6E 74 65 72 00         	DB	"counter",0x00
   273 000000E8                                 LC1:
   274 000000E8 28 25 33 64 2C 20 25 33 64 29   	DB	"(%3d, %3d)",0x00
       000000F2 00 
   275 000000F3                                 LC2:
   276 000000F3 6D 65 6D 6F 72 79 20 25 64 4D   	DB	"memory %dMB free : %dKB",0x00
       000000FD 42 20 66 72 65 65 20 3A 20 25 
       00000107 64 4B 42 00 
   277 0000010B                                 LC3:
   278 0000010B 25 30 31 30 64 00               	DB	"%010d",0x00
   279 00000111                                 LC7:
   280 00000111 33 5B 73 65 63 5D 00            	DB	"3[sec]",0x00
   281 00000118                                 LC6:
   282 00000118 31 30 5B 73 65 63 5D 00         	DB	"10[sec]",0x00
   283 00000120                                 LC5:
   284 00000120 5B 6C 63 72 20 25 34 64 20 25   	DB	"[lcr %4d %4d]",0x00
       0000012A 34 64 5D 00 
   285 0000012E                                 LC4:
   286 0000012E 25 30 32 58 00                  	DB	"%02X",0x00
   287                                          [SECTION .text]
   288 000001F3                                 	GLOBAL	_HariMain
   289 000001F3                                 _HariMain:
   290 000001F3 55                              	PUSH	EBP
   291 000001F4 89 E5                           	MOV	EBP,ESP
   292 000001F6 57                              	PUSH	EDI
   293 000001F7 56                              	PUSH	ESI
   294 000001F8 53                              	PUSH	EBX
   295 000001F9 8D 75 D4                        	LEA	ESI,DWORD [-44+EBP]
   296 000001FC 81 EC 00000428                  	SUB	ESP,1064
   297 00000202 C7 85 FFFFFBE4 00000000         	MOV	DWORD [-1052+EBP],0
   298 0000020C E8 [00000000]                   	CALL	_init_gdtidt
   299 00000211 E8 [00000000]                   	CALL	_init_pic
   300 00000216 E8 [00000000]                   	CALL	_io_sti
   301 0000021B 8D 85 FFFFFDA4                  	LEA	EAX,DWORD [-604+EBP]
   302 00000221 50                              	PUSH	EAX
   303 00000222 68 00000080                     	PUSH	128
   304 00000227 56                              	PUSH	ESI
   305 00000228 E8 [00000000]                   	CALL	_fifo32_init
   306 0000022D 68 00000100                     	PUSH	256
   307 00000232 56                              	PUSH	ESI
   308 00000233 E8 [00000000]                   	CALL	_init_keyboard
   309 00000238 8D 85 FFFFFCF4                  	LEA	EAX,DWORD [-780+EBP]
   310 0000023E 50                              	PUSH	EAX
   311 0000023F 68 00000200                     	PUSH	512
   312 00000244 56                              	PUSH	ESI
   313 00000245 E8 [00000000]                   	CALL	_enable_mouse
   314 0000024A 83 C4 20                        	ADD	ESP,32
   315 0000024D 68 000000F9                     	PUSH	249
   316 00000252 6A 21                           	PUSH	33
   317 00000254 E8 [00000000]                   	CALL	_io_out8
   318 00000259 E8 [00000000]                   	CALL	_init_pit
   319 0000025E 68 000000F8                     	PUSH	248
   320 00000263 6A 21                           	PUSH	33
   321 00000265 E8 [00000000]                   	CALL	_io_out8
   322 0000026A 68 000000EF                     	PUSH	239
   323 0000026F 68 000000A1                     	PUSH	161
   324 00000274 E8 [00000000]                   	CALL	_io_out8
   325 00000279 E8 [00000000]                   	CALL	_timer_alloc
   326 0000027E 6A 0A                           	PUSH	10
   327 00000280 56                              	PUSH	ESI
   328 00000281 89 C3                           	MOV	EBX,EAX
   329 00000283 50                              	PUSH	EAX
   330 00000284 E8 [00000000]                   	CALL	_timer_init
   331 00000289 83 C4 24                        	ADD	ESP,36
   332 0000028C 68 000003E8                     	PUSH	1000
   333 00000291 53                              	PUSH	EBX
   334 00000292 E8 [00000000]                   	CALL	_timer_settime
   335 00000297 E8 [00000000]                   	CALL	_timer_alloc
   336 0000029C 6A 03                           	PUSH	3
   337 0000029E 56                              	PUSH	ESI
   338 0000029F 89 C3                           	MOV	EBX,EAX
   339 000002A1 50                              	PUSH	EAX
   340 000002A2 E8 [00000000]                   	CALL	_timer_init
   341 000002A7 68 0000012C                     	PUSH	300
   342 000002AC 53                              	PUSH	EBX
   343 000002AD E8 [00000000]                   	CALL	_timer_settime
   344 000002B2 E8 [00000000]                   	CALL	_timer_alloc
   345 000002B7 6A 01                           	PUSH	1
   346 000002B9 56                              	PUSH	ESI
   347 000002BA 50                              	PUSH	EAX
   348 000002BB 89 85 FFFFFBF0                  	MOV	DWORD [-1040+EBP],EAX
   349 000002C1 E8 [00000000]                   	CALL	_timer_init
   350 000002C6 83 C4 28                        	ADD	ESP,40
   351 000002C9 6A 32                           	PUSH	50
   352 000002CB FF B5 FFFFFBF0                  	PUSH	DWORD [-1040+EBP]
   353 000002D1 E8 [00000000]                   	CALL	_timer_settime
   354 000002D6 68 BFFFFFFF                     	PUSH	-1073741825
   355 000002DB 68 00400000                     	PUSH	4194304
   356 000002E0 E8 [00000000]                   	CALL	_memtest
   357 000002E5 68 003C0000                     	PUSH	3932160
   358 000002EA 89 C7                           	MOV	EDI,EAX
   359 000002EC E8 [00000000]                   	CALL	_memman_init
   360 000002F1 68 0009E000                     	PUSH	647168
   361 000002F6 68 00001000                     	PUSH	4096
   362 000002FB 68 003C0000                     	PUSH	3932160
   363 00000300 E8 [00000000]                   	CALL	_memman_free
   364 00000305 8D 87 FFC00000                  	LEA	EAX,DWORD [-4194304+EDI]
   365 0000030B C1 EF 14                        	SHR	EDI,20
   366 0000030E 83 C4 20                        	ADD	ESP,32
   367 00000311 50                              	PUSH	EAX
   368 00000312 68 00400000                     	PUSH	4194304
   369 00000317 68 003C0000                     	PUSH	3932160
   370 0000031C E8 [00000000]                   	CALL	_memman_free
   371 00000321 E8 [00000000]                   	CALL	_init_palette
   372 00000326 0F BF 05 00000FF6               	MOVSX	EAX,WORD [4086]
   373 0000032D 50                              	PUSH	EAX
   374 0000032E 0F BF 05 00000FF4               	MOVSX	EAX,WORD [4084]
   375 00000335 50                              	PUSH	EAX
   376 00000336 FF 35 00000FF8                  	PUSH	DWORD [4088]
   377 0000033C 68 003C0000                     	PUSH	3932160
   378 00000341 E8 [00000000]                   	CALL	_shtctl_init
   379 00000346 89 C3                           	MOV	EBX,EAX
   380 00000348 50                              	PUSH	EAX
   381 00000349 E8 [00000000]                   	CALL	_sheet_alloc
   382 0000034E 83 C4 20                        	ADD	ESP,32
   383 00000351 53                              	PUSH	EBX
   384 00000352 89 85 FFFFFBE0                  	MOV	DWORD [-1056+EBP],EAX
   385 00000358 E8 [00000000]                   	CALL	_sheet_alloc
   386 0000035D 53                              	PUSH	EBX
   387 0000035E 8D 9D FFFFFBF4                  	LEA	EBX,DWORD [-1036+EBP]
   388 00000364 89 85 FFFFFBDC                  	MOV	DWORD [-1060+EBP],EAX
   389 0000036A E8 [00000000]                   	CALL	_sheet_alloc
   390 0000036F 0F BF 15 00000FF6               	MOVSX	EDX,WORD [4086]
   391 00000376 89 85 FFFFFBD8                  	MOV	DWORD [-1064+EBP],EAX
   392 0000037C 0F BF 05 00000FF4               	MOVSX	EAX,WORD [4084]
   393 00000383 0F AF C2                        	IMUL	EAX,EDX
   394 00000386 50                              	PUSH	EAX
   395 00000387 68 003C0000                     	PUSH	3932160
   396 0000038C E8 [00000000]                   	CALL	_memman_alloc_4k
   397 00000391 68 00002080                     	PUSH	8320
   398 00000396 68 003C0000                     	PUSH	3932160
   399 0000039B 89 85 FFFFFBD4                  	MOV	DWORD [-1068+EBP],EAX
   400 000003A1 E8 [00000000]                   	CALL	_memman_alloc_4k
   401 000003A6 6A FF                           	PUSH	-1
   402 000003A8 89 C6                           	MOV	ESI,EAX
   403 000003AA 0F BF 05 00000FF6               	MOVSX	EAX,WORD [4086]
   404 000003B1 50                              	PUSH	EAX
   405 000003B2 0F BF 05 00000FF4               	MOVSX	EAX,WORD [4084]
   406 000003B9 50                              	PUSH	EAX
   407 000003BA FF B5 FFFFFBD4                  	PUSH	DWORD [-1068+EBP]
   408 000003C0 FF B5 FFFFFBE0                  	PUSH	DWORD [-1056+EBP]
   409 000003C6 E8 [00000000]                   	CALL	_sheet_setbuf
   410 000003CB 83 C4 2C                        	ADD	ESP,44
   411 000003CE 6A FF                           	PUSH	-1
   412 000003D0 6A 34                           	PUSH	52
   413 000003D2 68 000000A0                     	PUSH	160
   414 000003D7 56                              	PUSH	ESI
   415 000003D8 FF B5 FFFFFBD8                  	PUSH	DWORD [-1064+EBP]
   416 000003DE E8 [00000000]                   	CALL	_sheet_setbuf
   417 000003E3 6A 63                           	PUSH	99
   418 000003E5 6A 10                           	PUSH	16
   419 000003E7 6A 10                           	PUSH	16
   420 000003E9 53                              	PUSH	EBX
   421 000003EA FF B5 FFFFFBDC                  	PUSH	DWORD [-1060+EBP]
   422 000003F0 E8 [00000000]                   	CALL	_sheet_setbuf
   423 000003F5 83 C4 28                        	ADD	ESP,40
   424 000003F8 0F BF 05 00000FF6               	MOVSX	EAX,WORD [4086]
   425 000003FF 50                              	PUSH	EAX
   426 00000400 0F BF 05 00000FF4               	MOVSX	EAX,WORD [4084]
   427 00000407 50                              	PUSH	EAX
   428 00000408 FF B5 FFFFFBD4                  	PUSH	DWORD [-1068+EBP]
   429 0000040E E8 [00000000]                   	CALL	_init_screen8
   430 00000413 6A 63                           	PUSH	99
   431 00000415 53                              	PUSH	EBX
   432 00000416 BB 00000002                     	MOV	EBX,2
   433 0000041B E8 [00000000]                   	CALL	_init_mouse_cursor8
   434 00000420 68 [000000E0]                   	PUSH	LC0
   435 00000425 6A 34                           	PUSH	52
   436 00000427 68 000000A0                     	PUSH	160
   437 0000042C 56                              	PUSH	ESI
   438 0000042D E8 FFFFFC55                     	CALL	_make_window8
   439 00000432 83 C4 24                        	ADD	ESP,36
   440 00000435 6A 00                           	PUSH	0
   441 00000437 6A 00                           	PUSH	0
   442 00000439 FF B5 FFFFFBE0                  	PUSH	DWORD [-1056+EBP]
   443 0000043F E8 [00000000]                   	CALL	_sheet_slide
   444 00000444 0F BF 05 00000FF4               	MOVSX	EAX,WORD [4084]
   445 0000044B 8D 48 F0                        	LEA	ECX,DWORD [-16+EAX]
   446 0000044E 89 C8                           	MOV	EAX,ECX
   447 00000450 99                              	CDQ
   448 00000451 F7 FB                           	IDIV	EBX
   449 00000453 89 85 FFFFFBEC                  	MOV	DWORD [-1044+EBP],EAX
   450 00000459 0F BF 05 00000FF6               	MOVSX	EAX,WORD [4086]
   451 00000460 8D 48 D4                        	LEA	ECX,DWORD [-44+EAX]
   452 00000463 89 C8                           	MOV	EAX,ECX
   453 00000465 99                              	CDQ
   454 00000466 F7 FB                           	IDIV	EBX
   455 00000468 50                              	PUSH	EAX
   456 00000469 89 85 FFFFFBE8                  	MOV	DWORD [-1048+EBP],EAX
   457 0000046F FF B5 FFFFFBEC                  	PUSH	DWORD [-1044+EBP]
   458 00000475 FF B5 FFFFFBDC                  	PUSH	DWORD [-1060+EBP]
   459 0000047B 8D 5D A4                        	LEA	EBX,DWORD [-92+EBP]
   460 0000047E E8 [00000000]                   	CALL	_sheet_slide
   461 00000483 6A 48                           	PUSH	72
   462 00000485 6A 50                           	PUSH	80
   463 00000487 FF B5 FFFFFBD8                  	PUSH	DWORD [-1064+EBP]
   464 0000048D E8 [00000000]                   	CALL	_sheet_slide
   465 00000492 83 C4 24                        	ADD	ESP,36
   466 00000495 6A 00                           	PUSH	0
   467 00000497 FF B5 FFFFFBE0                  	PUSH	DWORD [-1056+EBP]
   468 0000049D E8 [00000000]                   	CALL	_sheet_updown
   469 000004A2 6A 01                           	PUSH	1
   470 000004A4 FF B5 FFFFFBD8                  	PUSH	DWORD [-1064+EBP]
   471 000004AA E8 [00000000]                   	CALL	_sheet_updown
   472 000004AF 6A 02                           	PUSH	2
   473 000004B1 FF B5 FFFFFBDC                  	PUSH	DWORD [-1060+EBP]
   474 000004B7 E8 [00000000]                   	CALL	_sheet_updown
   475 000004BC FF B5 FFFFFBE8                  	PUSH	DWORD [-1048+EBP]
   476 000004C2 FF B5 FFFFFBEC                  	PUSH	DWORD [-1044+EBP]
   477 000004C8 68 [000000E8]                   	PUSH	LC1
   478 000004CD 53                              	PUSH	EBX
   479 000004CE E8 [00000000]                   	CALL	_sprintf
   480 000004D3 83 C4 28                        	ADD	ESP,40
   481 000004D6 53                              	PUSH	EBX
   482 000004D7 6A 07                           	PUSH	7
   483 000004D9 6A 00                           	PUSH	0
   484 000004DB 6A 00                           	PUSH	0
   485 000004DD 0F BF 05 00000FF4               	MOVSX	EAX,WORD [4084]
   486 000004E4 50                              	PUSH	EAX
   487 000004E5 FF B5 FFFFFBD4                  	PUSH	DWORD [-1068+EBP]
   488 000004EB E8 [00000000]                   	CALL	_putfonts8_asc
   489 000004F0 68 003C0000                     	PUSH	3932160
   490 000004F5 E8 [00000000]                   	CALL	_memman_total
   491 000004FA C1 E8 0A                        	SHR	EAX,10
   492 000004FD 89 04 24                        	MOV	DWORD [ESP],EAX
   493 00000500 57                              	PUSH	EDI
   494 00000501 68 [000000F3]                   	PUSH	LC2
   495 00000506 53                              	PUSH	EBX
   496 00000507 E8 [00000000]                   	CALL	_sprintf
   497 0000050C 83 C4 28                        	ADD	ESP,40
   498 0000050F 53                              	PUSH	EBX
   499 00000510 6A 07                           	PUSH	7
   500 00000512 6A 20                           	PUSH	32
   501 00000514 6A 00                           	PUSH	0
   502 00000516 0F BF 05 00000FF4               	MOVSX	EAX,WORD [4084]
   503 0000051D 50                              	PUSH	EAX
   504 0000051E FF B5 FFFFFBD4                  	PUSH	DWORD [-1068+EBP]
   505 00000524 E8 [00000000]                   	CALL	_putfonts8_asc
   506 00000529 6A 30                           	PUSH	48
   507 0000052B 0F BF 05 00000FF4               	MOVSX	EAX,WORD [4084]
   508 00000532 50                              	PUSH	EAX
   509 00000533 6A 00                           	PUSH	0
   510 00000535 6A 00                           	PUSH	0
   511 00000537 FF B5 FFFFFBE0                  	PUSH	DWORD [-1056+EBP]
   512 0000053D E8 [00000000]                   	CALL	_sheet_refresh
   513 00000542 83 C4 2C                        	ADD	ESP,44
   514 00000545                                 L26:
   515 00000545 FF 85 FFFFFBE4                  	INC	DWORD [-1052+EBP]
   516 0000054B 8D 7D A4                        	LEA	EDI,DWORD [-92+EBP]
   517 0000054E FF B5 FFFFFBE4                  	PUSH	DWORD [-1052+EBP]
   518 00000554 68 [0000010B]                   	PUSH	LC3
   519 00000559 8D 75 D4                        	LEA	ESI,DWORD [-44+EBP]
   520 0000055C 57                              	PUSH	EDI
   521 0000055D E8 [00000000]                   	CALL	_sprintf
   522 00000562 FF 35 [00000000]                	PUSH	DWORD [_timerctl]
   523 00000568 68 [0000010B]                   	PUSH	LC3
   524 0000056D 57                              	PUSH	EDI
   525 0000056E E8 [00000000]                   	CALL	_sprintf
   526 00000573 6A 0A                           	PUSH	10
   527 00000575 57                              	PUSH	EDI
   528 00000576 6A 08                           	PUSH	8
   529 00000578 6A 00                           	PUSH	0
   530 0000057A 6A 1C                           	PUSH	28
   531 0000057C 6A 28                           	PUSH	40
   532 0000057E FF B5 FFFFFBD8                  	PUSH	DWORD [-1064+EBP]
   533 00000584 E8 FFFFFA77                     	CALL	_putfonts8_asc_sht
   534 00000589 83 C4 34                        	ADD	ESP,52
   535 0000058C E8 [00000000]                   	CALL	_io_cli
   536 00000591 56                              	PUSH	ESI
   537 00000592 E8 [00000000]                   	CALL	_fifo32_status
   538 00000597 59                              	POP	ECX
   539 00000598 85 C0                           	TEST	EAX,EAX
   540 0000059A 0F 84 00000286                  	JE	L52
   541 000005A0 56                              	PUSH	ESI
   542 000005A1 E8 [00000000]                   	CALL	_fifo32_get
   543 000005A6 89 C3                           	MOV	EBX,EAX
   544 000005A8 E8 [00000000]                   	CALL	_io_sti
   545 000005AD 5A                              	POP	EDX
   546 000005AE 8D 83 FFFFFF00                  	LEA	EAX,DWORD [-256+EBX]
   547 000005B4 3D 000000FF                     	CMP	EAX,255
   548 000005B9 0F 86 0000023D                  	JBE	L53
   549 000005BF 8D 83 FFFFFE00                  	LEA	EAX,DWORD [-512+EBX]
   550 000005C5 3D 000000FF                     	CMP	EAX,255
   551 000005CA 0F 86 000000FA                  	JBE	L54
   552 000005D0 83 FB 0A                        	CMP	EBX,10
   553 000005D3 0F 84 000000A8                  	JE	L55
   554 000005D9 83 FB 03                        	CMP	EBX,3
   555 000005DC 74 7D                           	JE	L56
   556 000005DE 83 FB 01                        	CMP	EBX,1
   557 000005E1 74 5E                           	JE	L57
   558 000005E3 85 DB                           	TEST	EBX,EBX
   559 000005E5 0F 85 FFFFFF5A                  	JNE	L26
   560 000005EB 6A 01                           	PUSH	1
   561 000005ED 56                              	PUSH	ESI
   562 000005EE FF B5 FFFFFBF0                  	PUSH	DWORD [-1040+EBP]
   563 000005F4 E8 [00000000]                   	CALL	_timer_init
   564 000005F9 6A 6F                           	PUSH	111
   565 000005FB 6A 0F                           	PUSH	15
   566 000005FD 6A 60                           	PUSH	96
   567 000005FF 6A 08                           	PUSH	8
   568 00000601 6A 0E                           	PUSH	14
   569 00000603                                 L50:
   570 00000603 0F BF 05 00000FF4               	MOVSX	EAX,WORD [4084]
   571 0000060A 50                              	PUSH	EAX
   572 0000060B FF B5 FFFFFBD4                  	PUSH	DWORD [-1068+EBP]
   573 00000611 E8 [00000000]                   	CALL	_boxfill8
   574 00000616 83 C4 28                        	ADD	ESP,40
   575 00000619 6A 32                           	PUSH	50
   576 0000061B FF B5 FFFFFBF0                  	PUSH	DWORD [-1040+EBP]
   577 00000621 E8 [00000000]                   	CALL	_timer_settime
   578 00000626 6A 70                           	PUSH	112
   579 00000628 6A 10                           	PUSH	16
   580 0000062A 6A 60                           	PUSH	96
   581 0000062C 6A 08                           	PUSH	8
   582 0000062E FF B5 FFFFFBE0                  	PUSH	DWORD [-1056+EBP]
   583 00000634 E8 [00000000]                   	CALL	_sheet_refresh
   584 00000639                                 L51:
   585 00000639 83 C4 1C                        	ADD	ESP,28
   586 0000063C E9 FFFFFF04                     	JMP	L26
   587 00000641                                 L57:
   588 00000641 6A 00                           	PUSH	0
   589 00000643 56                              	PUSH	ESI
   590 00000644 FF B5 FFFFFBF0                  	PUSH	DWORD [-1040+EBP]
   591 0000064A E8 [00000000]                   	CALL	_timer_init
   592 0000064F 6A 6F                           	PUSH	111
   593 00000651 6A 0F                           	PUSH	15
   594 00000653 6A 60                           	PUSH	96
   595 00000655 6A 08                           	PUSH	8
   596 00000657 6A 07                           	PUSH	7
   597 00000659 EB A8                           	JMP	L50
   598 0000065B                                 L56:
   599 0000065B 6A 06                           	PUSH	6
   600 0000065D 68 [00000111]                   	PUSH	LC7
   601 00000662 6A 0E                           	PUSH	14
   602 00000664 6A 07                           	PUSH	7
   603 00000666 6A 50                           	PUSH	80
   604 00000668 6A 00                           	PUSH	0
   605 0000066A FF B5 FFFFFBE0                  	PUSH	DWORD [-1056+EBP]
   606 00000670 E8 FFFFF98B                     	CALL	_putfonts8_asc_sht
   607 00000675 C7 85 FFFFFBE4 00000000         	MOV	DWORD [-1052+EBP],0
   608 0000067F EB B8                           	JMP	L51
   609 00000681                                 L55:
   610 00000681 6A 07                           	PUSH	7
   611 00000683 68 [00000118]                   	PUSH	LC6
   612 00000688 6A 0E                           	PUSH	14
   613 0000068A 6A 07                           	PUSH	7
   614 0000068C 6A 40                           	PUSH	64
   615 0000068E 6A 00                           	PUSH	0
   616 00000690 FF B5 FFFFFBE0                  	PUSH	DWORD [-1056+EBP]
   617 00000696 E8 FFFFF965                     	CALL	_putfonts8_asc_sht
   618 0000069B FF B5 FFFFFBE4                  	PUSH	DWORD [-1052+EBP]
   619 000006A1 68 [0000010B]                   	PUSH	LC3
   620 000006A6 57                              	PUSH	EDI
   621 000006A7 E8 [00000000]                   	CALL	_sprintf
   622 000006AC 83 C4 28                        	ADD	ESP,40
   623 000006AF 6A 0A                           	PUSH	10
   624 000006B1 57                              	PUSH	EDI
   625 000006B2 6A 08                           	PUSH	8
   626 000006B4 6A 00                           	PUSH	0
   627 000006B6 6A 1C                           	PUSH	28
   628 000006B8 6A 28                           	PUSH	40
   629 000006BA FF B5 FFFFFBD8                  	PUSH	DWORD [-1064+EBP]
   630 000006C0 E8 FFFFF93B                     	CALL	_putfonts8_asc_sht
   631 000006C5 E9 FFFFFF6F                     	JMP	L51
   632 000006CA                                 L54:
   633 000006CA 0F B6 C3                        	MOVZX	EAX,BL
   634 000006CD 50                              	PUSH	EAX
   635 000006CE 8D 85 FFFFFCF4                  	LEA	EAX,DWORD [-780+EBP]
   636 000006D4 50                              	PUSH	EAX
   637 000006D5 E8 [00000000]                   	CALL	_mouse_decode
   638 000006DA 5A                              	POP	EDX
   639 000006DB 59                              	POP	ECX
   640 000006DC 85 C0                           	TEST	EAX,EAX
   641 000006DE 0F 84 FFFFFE61                  	JE	L26
   642 000006E4 FF B5 FFFFFCFC                  	PUSH	DWORD [-772+EBP]
   643 000006EA FF B5 FFFFFCF8                  	PUSH	DWORD [-776+EBP]
   644 000006F0 68 [00000120]                   	PUSH	LC5
   645 000006F5 57                              	PUSH	EDI
   646 000006F6 E8 [00000000]                   	CALL	_sprintf
   647 000006FB 83 C4 10                        	ADD	ESP,16
   648 000006FE 8B 85 FFFFFD00                  	MOV	EAX,DWORD [-768+EBP]
   649 00000704 A9 00000001                     	TEST	EAX,1
   650 00000709 74 04                           	JE	L35
   651 0000070B C6 45 A5 4C                     	MOV	BYTE [-91+EBP],76
   652 0000070F                                 L35:
   653 0000070F A9 00000002                     	TEST	EAX,2
   654 00000714 74 04                           	JE	L36
   655 00000716 C6 45 A7 52                     	MOV	BYTE [-89+EBP],82
   656 0000071A                                 L36:
   657 0000071A 83 E0 04                        	AND	EAX,4
   658 0000071D 74 04                           	JE	L37
   659 0000071F C6 45 A6 43                     	MOV	BYTE [-90+EBP],67
   660 00000723                                 L37:
   661 00000723 6A 0F                           	PUSH	15
   662 00000725 57                              	PUSH	EDI
   663 00000726 6A 0E                           	PUSH	14
   664 00000728 6A 07                           	PUSH	7
   665 0000072A 6A 10                           	PUSH	16
   666 0000072C 6A 20                           	PUSH	32
   667 0000072E FF B5 FFFFFBE0                  	PUSH	DWORD [-1056+EBP]
   668 00000734 E8 FFFFF8C7                     	CALL	_putfonts8_asc_sht
   669 00000739 8B 85 FFFFFCF8                  	MOV	EAX,DWORD [-776+EBP]
   670 0000073F 8B 9D FFFFFCFC                  	MOV	EBX,DWORD [-772+EBP]
   671 00000745 83 C4 1C                        	ADD	ESP,28
   672 00000748 01 9D FFFFFBE8                  	ADD	DWORD [-1048+EBP],EBX
   673 0000074E 01 85 FFFFFBEC                  	ADD	DWORD [-1044+EBP],EAX
   674 00000754 0F 88 00000093                  	JS	L58
   675 0000075A                                 L38:
   676 0000075A 83 BD FFFFFBE8 00               	CMP	DWORD [-1048+EBP],0
   677 00000761 78 7B                           	JS	L59
   678 00000763                                 L39:
   679 00000763 0F BF 05 00000FF4               	MOVSX	EAX,WORD [4084]
   680 0000076A 48                              	DEC	EAX
   681 0000076B 39 85 FFFFFBEC                  	CMP	DWORD [-1044+EBP],EAX
   682 00000771 7E 06                           	JLE	L40
   683 00000773 89 85 FFFFFBEC                  	MOV	DWORD [-1044+EBP],EAX
   684 00000779                                 L40:
   685 00000779 0F BF 05 00000FF6               	MOVSX	EAX,WORD [4086]
   686 00000780 48                              	DEC	EAX
   687 00000781 39 85 FFFFFBE8                  	CMP	DWORD [-1048+EBP],EAX
   688 00000787 7E 06                           	JLE	L41
   689 00000789 89 85 FFFFFBE8                  	MOV	DWORD [-1048+EBP],EAX
   690 0000078F                                 L41:
   691 0000078F FF B5 FFFFFBE8                  	PUSH	DWORD [-1048+EBP]
   692 00000795 FF B5 FFFFFBEC                  	PUSH	DWORD [-1044+EBP]
   693 0000079B 68 [000000E8]                   	PUSH	LC1
   694 000007A0 57                              	PUSH	EDI
   695 000007A1 E8 [00000000]                   	CALL	_sprintf
   696 000007A6 6A 0A                           	PUSH	10
   697 000007A8 57                              	PUSH	EDI
   698 000007A9 6A 0E                           	PUSH	14
   699 000007AB 6A 07                           	PUSH	7
   700 000007AD 6A 00                           	PUSH	0
   701 000007AF 6A 00                           	PUSH	0
   702 000007B1 FF B5 FFFFFBE0                  	PUSH	DWORD [-1056+EBP]
   703 000007B7 E8 FFFFF844                     	CALL	_putfonts8_asc_sht
   704 000007BC 83 C4 2C                        	ADD	ESP,44
   705 000007BF FF B5 FFFFFBE8                  	PUSH	DWORD [-1048+EBP]
   706 000007C5 FF B5 FFFFFBEC                  	PUSH	DWORD [-1044+EBP]
   707 000007CB FF B5 FFFFFBDC                  	PUSH	DWORD [-1060+EBP]
   708 000007D1 E8 [00000000]                   	CALL	_sheet_slide
   709 000007D6 83 C4 0C                        	ADD	ESP,12
   710 000007D9 E9 FFFFFD67                     	JMP	L26
   711 000007DE                                 L59:
   712 000007DE C7 85 FFFFFBE8 00000000         	MOV	DWORD [-1048+EBP],0
   713 000007E8 E9 FFFFFF76                     	JMP	L39
   714 000007ED                                 L58:
   715 000007ED C7 85 FFFFFBEC 00000000         	MOV	DWORD [-1044+EBP],0
   716 000007F7 E9 FFFFFF5E                     	JMP	L38
   717 000007FC                                 L53:
   718 000007FC 50                              	PUSH	EAX
   719 000007FD 68 [0000012E]                   	PUSH	LC4
   720 00000802 57                              	PUSH	EDI
   721 00000803 E8 [00000000]                   	CALL	_sprintf
   722 00000808 6A 02                           	PUSH	2
   723 0000080A 57                              	PUSH	EDI
   724 0000080B 6A 0E                           	PUSH	14
   725 0000080D 6A 07                           	PUSH	7
   726 0000080F 6A 10                           	PUSH	16
   727 00000811 6A 00                           	PUSH	0
   728 00000813 FF B5 FFFFFBE0                  	PUSH	DWORD [-1056+EBP]
   729 00000819 E8 FFFFF7E2                     	CALL	_putfonts8_asc_sht
   730 0000081E 83 C4 28                        	ADD	ESP,40
   731 00000821 E9 FFFFFD1F                     	JMP	L26
   732 00000826                                 L52:
   733 00000826 E8 [00000000]                   	CALL	_io_stihlt
   734 0000082B E9 FFFFFD15                     	JMP	L26
