     1 00000000                                 [FORMAT "WCOFF"]
     2 00000000                                 [INSTRSET "i486p"]
     3 00000000                                 [OPTIMIZE 1]
     4 00000000                                 [OPTION 1]
     5 00000000                                 [BITS 32]
     6 00000000                                 	EXTERN	_sprintf
     7 00000000                                 	EXTERN	_io_hlt
     8 00000000                                 	EXTERN	_io_load_eflags
     9 00000000                                 	EXTERN	_io_cli
    10 00000000                                 	EXTERN	_io_out8
    11 00000000                                 	EXTERN	_io_store_eflags
    12 00000000                                 	EXTERN	_hankaku
    13 00000000                                 	EXTERN	_set_segmdesc
    14 00000000                                 	EXTERN	_load_gdtr
    15 00000000                                 	EXTERN	_set_gatedesc
    16 00000000                                 	EXTERN	_load_idtr
    17 00000000                                 [FILE "bootpack.c"]
    18                                          [SECTION .data]
    19 00000000                                 _font_A:
    20 00000000 00                              	DB	0
    21 00000001 18                              	DB	24
    22 00000002 18                              	DB	24
    23 00000003 18                              	DB	24
    24 00000004 18                              	DB	24
    25 00000005 24                              	DB	36
    26 00000006 24                              	DB	36
    27 00000007 24                              	DB	36
    28 00000008 24                              	DB	36
    29 00000009 7E                              	DB	126
    30 0000000A 42                              	DB	66
    31 0000000B 42                              	DB	66
    32 0000000C 42                              	DB	66
    33 0000000D E7                              	DB	-25
    34 0000000E 00                              	DB	0
    35 0000000F 00                              	DB	0
    36 00000010                                 LC0:
    37 00000010 41 42 43 20 31 32 33 00         	DB	"ABC 123",0x00
    38 00000018                                 LC1:
    39 00000018 48 61 72 69 62 6F 74 65 20 4F   	DB	"Haribote OS.",0x00
       00000022 53 2E 00 
    40 00000025                                 LC2:
    41 00000025 73 63 72 6E 78 20 3D 20 25 64   	DB	"scrnx = %d",0x00
       0000002F 00 
    42                                          [SECTION .text]
    43 00000000                                 	GLOBAL	_HariMain
    44 00000000                                 _HariMain:
    45 00000000 55                              	PUSH	EBP
    46 00000001 89 E5                           	MOV	EBP,ESP
    47 00000003 57                              	PUSH	EDI
    48 00000004 56                              	PUSH	ESI
    49 00000005 53                              	PUSH	EBX
    50 00000006 8D 5D C4                        	LEA	EBX,DWORD [-60+EBP]
    51 00000009 81 EC 00000130                  	SUB	ESP,304
    52 0000000F E8 0000010B                     	CALL	_init_palette
    53 00000014 0F BF 05 00000FF6               	MOVSX	EAX,WORD [4086]
    54 0000001B 50                              	PUSH	EAX
    55 0000001C 0F BF 05 00000FF4               	MOVSX	EAX,WORD [4084]
    56 00000023 50                              	PUSH	EAX
    57 00000024 FF 35 00000FF8                  	PUSH	DWORD [4088]
    58 0000002A E8 000001DC                     	CALL	_init_screen
    59 0000002F 68 [00000010]                   	PUSH	LC0
    60 00000034 6A 07                           	PUSH	7
    61 00000036 6A 08                           	PUSH	8
    62 00000038 6A 08                           	PUSH	8
    63 0000003A 0F BF 05 00000FF4               	MOVSX	EAX,WORD [4084]
    64 00000041 50                              	PUSH	EAX
    65 00000042 FF 35 00000FF8                  	PUSH	DWORD [4088]
    66 00000048 E8 00000349                     	CALL	_putfonts8_asc
    67 0000004D 83 C4 24                        	ADD	ESP,36
    68 00000050 68 [00000018]                   	PUSH	LC1
    69 00000055 6A 00                           	PUSH	0
    70 00000057 6A 1F                           	PUSH	31
    71 00000059 6A 1F                           	PUSH	31
    72 0000005B 0F BF 05 00000FF4               	MOVSX	EAX,WORD [4084]
    73 00000062 50                              	PUSH	EAX
    74 00000063 FF 35 00000FF8                  	PUSH	DWORD [4088]
    75 00000069 E8 00000328                     	CALL	_putfonts8_asc
    76 0000006E 68 [00000018]                   	PUSH	LC1
    77 00000073 6A 07                           	PUSH	7
    78 00000075 6A 1E                           	PUSH	30
    79 00000077 6A 1E                           	PUSH	30
    80 00000079 0F BF 05 00000FF4               	MOVSX	EAX,WORD [4084]
    81 00000080 50                              	PUSH	EAX
    82 00000081 FF 35 00000FF8                  	PUSH	DWORD [4088]
    83 00000087 E8 0000030A                     	CALL	_putfonts8_asc
    84 0000008C 83 C4 30                        	ADD	ESP,48
    85 0000008F 0F BF 05 00000FF4               	MOVSX	EAX,WORD [4084]
    86 00000096 50                              	PUSH	EAX
    87 00000097 68 [00000025]                   	PUSH	LC2
    88 0000009C 53                              	PUSH	EBX
    89 0000009D E8 [00000000]                   	CALL	_sprintf
    90 000000A2 53                              	PUSH	EBX
    91 000000A3 6A 07                           	PUSH	7
    92 000000A5 8D 9D FFFFFEC4                  	LEA	EBX,DWORD [-316+EBP]
    93 000000AB 6A 40                           	PUSH	64
    94 000000AD 6A 10                           	PUSH	16
    95 000000AF 0F BF 05 00000FF4               	MOVSX	EAX,WORD [4084]
    96 000000B6 50                              	PUSH	EAX
    97 000000B7 FF 35 00000FF8                  	PUSH	DWORD [4088]
    98 000000BD E8 000002D4                     	CALL	_putfonts8_asc
    99 000000C2 83 C4 24                        	ADD	ESP,36
   100 000000C5 0F BF 05 00000FF4               	MOVSX	EAX,WORD [4084]
   101 000000CC B9 00000002                     	MOV	ECX,2
   102 000000D1 8D 50 F0                        	LEA	EDX,DWORD [-16+EAX]
   103 000000D4 89 D0                           	MOV	EAX,EDX
   104 000000D6 99                              	CDQ
   105 000000D7 F7 F9                           	IDIV	ECX
   106 000000D9 0F BF 15 00000FF6               	MOVSX	EDX,WORD [4086]
   107 000000E0 83 EA 2C                        	SUB	EDX,44
   108 000000E3 89 C7                           	MOV	EDI,EAX
   109 000000E5 89 D0                           	MOV	EAX,EDX
   110 000000E7 6A 0E                           	PUSH	14
   111 000000E9 99                              	CDQ
   112 000000EA F7 F9                           	IDIV	ECX
   113 000000EC 53                              	PUSH	EBX
   114 000000ED 89 C6                           	MOV	ESI,EAX
   115 000000EF E8 00000403                     	CALL	_init_mouse_cursor8
   116 000000F4 6A 10                           	PUSH	16
   117 000000F6 53                              	PUSH	EBX
   118 000000F7 56                              	PUSH	ESI
   119 000000F8 57                              	PUSH	EDI
   120 000000F9 6A 10                           	PUSH	16
   121 000000FB 6A 10                           	PUSH	16
   122 000000FD 0F BF 05 00000FF4               	MOVSX	EAX,WORD [4084]
   123 00000104 50                              	PUSH	EAX
   124 00000105 FF 35 00000FF8                  	PUSH	DWORD [4088]
   125 0000010B E8 00000444                     	CALL	_putblock8_8
   126 00000110 83 C4 28                        	ADD	ESP,40
   127 00000113 E8 00000492                     	CALL	_init_gdtidt
   128 00000118                                 L2:
   129 00000118 E8 [00000000]                   	CALL	_io_hlt
   130 0000011D EB F9                           	JMP	L2
   131                                          [SECTION .data]
   132 00000030                                 _table_rgb.0:
   133 00000030 00                              	DB	0
   134 00000031 00                              	DB	0
   135 00000032 00                              	DB	0
   136 00000033 FF                              	DB	-1
   137 00000034 00                              	DB	0
   138 00000035 00                              	DB	0
   139 00000036 00                              	DB	0
   140 00000037 FF                              	DB	-1
   141 00000038 00                              	DB	0
   142 00000039 FF                              	DB	-1
   143 0000003A FF                              	DB	-1
   144 0000003B 00                              	DB	0
   145 0000003C 00                              	DB	0
   146 0000003D 00                              	DB	0
   147 0000003E FF                              	DB	-1
   148 0000003F FF                              	DB	-1
   149 00000040 00                              	DB	0
   150 00000041 FF                              	DB	-1
   151 00000042 00                              	DB	0
   152 00000043 FF                              	DB	-1
   153 00000044 FF                              	DB	-1
   154 00000045 FF                              	DB	-1
   155 00000046 FF                              	DB	-1
   156 00000047 FF                              	DB	-1
   157 00000048 C6                              	DB	-58
   158 00000049 C6                              	DB	-58
   159 0000004A C6                              	DB	-58
   160 0000004B 84                              	DB	-124
   161 0000004C 00                              	DB	0
   162 0000004D 00                              	DB	0
   163 0000004E 00                              	DB	0
   164 0000004F 84                              	DB	-124
   165 00000050 00                              	DB	0
   166 00000051 84                              	DB	-124
   167 00000052 84                              	DB	-124
   168 00000053 00                              	DB	0
   169 00000054 00                              	DB	0
   170 00000055 00                              	DB	0
   171 00000056 84                              	DB	-124
   172 00000057 84                              	DB	-124
   173 00000058 00                              	DB	0
   174 00000059 84                              	DB	-124
   175 0000005A 00                              	DB	0
   176 0000005B 84                              	DB	-124
   177 0000005C 84                              	DB	-124
   178 0000005D 84                              	DB	-124
   179 0000005E 84                              	DB	-124
   180 0000005F 84                              	DB	-124
   181                                          [SECTION .text]
   182 0000011F                                 	GLOBAL	_init_palette
   183 0000011F                                 _init_palette:
   184 0000011F 55                              	PUSH	EBP
   185 00000120 89 E5                           	MOV	EBP,ESP
   186 00000122 68 [00000030]                   	PUSH	_table_rgb.0
   187 00000127 6A 0F                           	PUSH	15
   188 00000129 6A 00                           	PUSH	0
   189 0000012B E8 00000002                     	CALL	_set_palette
   190 00000130 C9                              	LEAVE
   191 00000131 C3                              	RET
   192 00000132                                 	GLOBAL	_set_palette
   193 00000132                                 _set_palette:
   194 00000132 55                              	PUSH	EBP
   195 00000133 89 E5                           	MOV	EBP,ESP
   196 00000135 57                              	PUSH	EDI
   197 00000136 56                              	PUSH	ESI
   198 00000137 53                              	PUSH	EBX
   199 00000138 51                              	PUSH	ECX
   200 00000139 8B 5D 08                        	MOV	EBX,DWORD [8+EBP]
   201 0000013C 8B 7D 0C                        	MOV	EDI,DWORD [12+EBP]
   202 0000013F 8B 75 10                        	MOV	ESI,DWORD [16+EBP]
   203 00000142 E8 [00000000]                   	CALL	_io_load_eflags
   204 00000147 89 45 F0                        	MOV	DWORD [-16+EBP],EAX
   205 0000014A E8 [00000000]                   	CALL	_io_cli
   206 0000014F 53                              	PUSH	EBX
   207 00000150 68 000003C8                     	PUSH	968
   208 00000155 E8 [00000000]                   	CALL	_io_out8
   209 0000015A 39 FB                           	CMP	EBX,EDI
   210 0000015C 58                              	POP	EAX
   211 0000015D 5A                              	POP	EDX
   212 0000015E 7E 12                           	JLE	L11
   213 00000160                                 L13:
   214 00000160 8B 45 F0                        	MOV	EAX,DWORD [-16+EBP]
   215 00000163 89 45 08                        	MOV	DWORD [8+EBP],EAX
   216 00000166 8D 65 F4                        	LEA	ESP,DWORD [-12+EBP]
   217 00000169 5B                              	POP	EBX
   218 0000016A 5E                              	POP	ESI
   219 0000016B 5F                              	POP	EDI
   220 0000016C 5D                              	POP	EBP
   221 0000016D E9 [00000000]                   	JMP	_io_store_eflags
   222 00000172                                 L11:
   223 00000172 8A 06                           	MOV	AL,BYTE [ESI]
   224 00000174 43                              	INC	EBX
   225 00000175 C0 E8 02                        	SHR	AL,2
   226 00000178 0F B6 C0                        	MOVZX	EAX,AL
   227 0000017B 50                              	PUSH	EAX
   228 0000017C 68 000003C9                     	PUSH	969
   229 00000181 E8 [00000000]                   	CALL	_io_out8
   230 00000186 8A 46 01                        	MOV	AL,BYTE [1+ESI]
   231 00000189 C0 E8 02                        	SHR	AL,2
   232 0000018C 0F B6 C0                        	MOVZX	EAX,AL
   233 0000018F 50                              	PUSH	EAX
   234 00000190 68 000003C9                     	PUSH	969
   235 00000195 E8 [00000000]                   	CALL	_io_out8
   236 0000019A 8A 46 02                        	MOV	AL,BYTE [2+ESI]
   237 0000019D C0 E8 02                        	SHR	AL,2
   238 000001A0 83 C6 03                        	ADD	ESI,3
   239 000001A3 0F B6 C0                        	MOVZX	EAX,AL
   240 000001A6 50                              	PUSH	EAX
   241 000001A7 68 000003C9                     	PUSH	969
   242 000001AC E8 [00000000]                   	CALL	_io_out8
   243 000001B1 83 C4 18                        	ADD	ESP,24
   244 000001B4 39 FB                           	CMP	EBX,EDI
   245 000001B6 7E BA                           	JLE	L11
   246 000001B8 EB A6                           	JMP	L13
   247 000001BA                                 	GLOBAL	_boxfill8
   248 000001BA                                 _boxfill8:
   249 000001BA 55                              	PUSH	EBP
   250 000001BB 89 E5                           	MOV	EBP,ESP
   251 000001BD 57                              	PUSH	EDI
   252 000001BE 56                              	PUSH	ESI
   253 000001BF 53                              	PUSH	EBX
   254 000001C0 57                              	PUSH	EDI
   255 000001C1 57                              	PUSH	EDI
   256 000001C2 8A 45 10                        	MOV	AL,BYTE [16+EBP]
   257 000001C5 8B 4D 18                        	MOV	ECX,DWORD [24+EBP]
   258 000001C8 8B 7D 1C                        	MOV	EDI,DWORD [28+EBP]
   259 000001CB 88 45 F3                        	MOV	BYTE [-13+EBP],AL
   260 000001CE 3B 4D 20                        	CMP	ECX,DWORD [32+EBP]
   261 000001D1 7F 31                           	JG	L26
   262 000001D3 8B 5D 0C                        	MOV	EBX,DWORD [12+EBP]
   263 000001D6 0F AF D9                        	IMUL	EBX,ECX
   264 000001D9                                 L24:
   265 000001D9 8B 55 14                        	MOV	EDX,DWORD [20+EBP]
   266 000001DC 39 FA                           	CMP	EDX,EDI
   267 000001DE 7F 1B                           	JG	L28
   268 000001E0 8B 75 08                        	MOV	ESI,DWORD [8+EBP]
   269 000001E3 01 DE                           	ADD	ESI,EBX
   270 000001E5 01 D6                           	ADD	ESI,EDX
   271 000001E7 89 75 EC                        	MOV	DWORD [-20+EBP],ESI
   272 000001EA                                 L23:
   273 000001EA 8B 75 EC                        	MOV	ESI,DWORD [-20+EBP]
   274 000001ED 8A 45 F3                        	MOV	AL,BYTE [-13+EBP]
   275 000001F0 42                              	INC	EDX
   276 000001F1 88 06                           	MOV	BYTE [ESI],AL
   277 000001F3 46                              	INC	ESI
   278 000001F4 89 75 EC                        	MOV	DWORD [-20+EBP],ESI
   279 000001F7 39 FA                           	CMP	EDX,EDI
   280 000001F9 7E EF                           	JLE	L23
   281 000001FB                                 L28:
   282 000001FB 41                              	INC	ECX
   283 000001FC 03 5D 0C                        	ADD	EBX,DWORD [12+EBP]
   284 000001FF 3B 4D 20                        	CMP	ECX,DWORD [32+EBP]
   285 00000202 7E D5                           	JLE	L24
   286 00000204                                 L26:
   287 00000204 5B                              	POP	EBX
   288 00000205 5E                              	POP	ESI
   289 00000206 5B                              	POP	EBX
   290 00000207 5E                              	POP	ESI
   291 00000208 5F                              	POP	EDI
   292 00000209 5D                              	POP	EBP
   293 0000020A C3                              	RET
   294 0000020B                                 	GLOBAL	_init_screen
   295 0000020B                                 _init_screen:
   296 0000020B 55                              	PUSH	EBP
   297 0000020C 89 E5                           	MOV	EBP,ESP
   298 0000020E 57                              	PUSH	EDI
   299 0000020F 56                              	PUSH	ESI
   300 00000210 53                              	PUSH	EBX
   301 00000211 83 EC 0C                        	SUB	ESP,12
   302 00000214 8B 45 10                        	MOV	EAX,DWORD [16+EBP]
   303 00000217 8B 7D 0C                        	MOV	EDI,DWORD [12+EBP]
   304 0000021A 83 E8 1D                        	SUB	EAX,29
   305 0000021D 4F                              	DEC	EDI
   306 0000021E 50                              	PUSH	EAX
   307 0000021F 57                              	PUSH	EDI
   308 00000220 6A 00                           	PUSH	0
   309 00000222 6A 00                           	PUSH	0
   310 00000224 6A 0E                           	PUSH	14
   311 00000226 FF 75 0C                        	PUSH	DWORD [12+EBP]
   312 00000229 FF 75 08                        	PUSH	DWORD [8+EBP]
   313 0000022C E8 FFFFFF89                     	CALL	_boxfill8
   314 00000231 8B 45 10                        	MOV	EAX,DWORD [16+EBP]
   315 00000234 83 E8 1C                        	SUB	EAX,28
   316 00000237 50                              	PUSH	EAX
   317 00000238 57                              	PUSH	EDI
   318 00000239 50                              	PUSH	EAX
   319 0000023A 6A 00                           	PUSH	0
   320 0000023C 6A 08                           	PUSH	8
   321 0000023E FF 75 0C                        	PUSH	DWORD [12+EBP]
   322 00000241 FF 75 08                        	PUSH	DWORD [8+EBP]
   323 00000244 E8 FFFFFF71                     	CALL	_boxfill8
   324 00000249 8B 45 10                        	MOV	EAX,DWORD [16+EBP]
   325 0000024C 83 C4 38                        	ADD	ESP,56
   326 0000024F 83 E8 1B                        	SUB	EAX,27
   327 00000252 50                              	PUSH	EAX
   328 00000253 57                              	PUSH	EDI
   329 00000254 50                              	PUSH	EAX
   330 00000255 6A 00                           	PUSH	0
   331 00000257 6A 07                           	PUSH	7
   332 00000259 FF 75 0C                        	PUSH	DWORD [12+EBP]
   333 0000025C FF 75 08                        	PUSH	DWORD [8+EBP]
   334 0000025F E8 FFFFFF56                     	CALL	_boxfill8
   335 00000264 8B 45 10                        	MOV	EAX,DWORD [16+EBP]
   336 00000267 48                              	DEC	EAX
   337 00000268 50                              	PUSH	EAX
   338 00000269 8B 45 10                        	MOV	EAX,DWORD [16+EBP]
   339 0000026C 57                              	PUSH	EDI
   340 0000026D 83 E8 1A                        	SUB	EAX,26
   341 00000270 50                              	PUSH	EAX
   342 00000271 6A 00                           	PUSH	0
   343 00000273 6A 08                           	PUSH	8
   344 00000275 FF 75 0C                        	PUSH	DWORD [12+EBP]
   345 00000278 FF 75 08                        	PUSH	DWORD [8+EBP]
   346 0000027B E8 FFFFFF3A                     	CALL	_boxfill8
   347 00000280 8B 75 10                        	MOV	ESI,DWORD [16+EBP]
   348 00000283 83 C4 38                        	ADD	ESP,56
   349 00000286 83 EE 18                        	SUB	ESI,24
   350 00000289 56                              	PUSH	ESI
   351 0000028A 6A 3B                           	PUSH	59
   352 0000028C 56                              	PUSH	ESI
   353 0000028D 6A 03                           	PUSH	3
   354 0000028F 6A 07                           	PUSH	7
   355 00000291 FF 75 0C                        	PUSH	DWORD [12+EBP]
   356 00000294 FF 75 08                        	PUSH	DWORD [8+EBP]
   357 00000297 E8 FFFFFF1E                     	CALL	_boxfill8
   358 0000029C 8B 45 10                        	MOV	EAX,DWORD [16+EBP]
   359 0000029F 83 E8 04                        	SUB	EAX,4
   360 000002A2 50                              	PUSH	EAX
   361 000002A3 89 45 F0                        	MOV	DWORD [-16+EBP],EAX
   362 000002A6 6A 02                           	PUSH	2
   363 000002A8 56                              	PUSH	ESI
   364 000002A9 6A 02                           	PUSH	2
   365 000002AB 6A 07                           	PUSH	7
   366 000002AD FF 75 0C                        	PUSH	DWORD [12+EBP]
   367 000002B0 FF 75 08                        	PUSH	DWORD [8+EBP]
   368 000002B3 E8 FFFFFF02                     	CALL	_boxfill8
   369 000002B8 83 C4 38                        	ADD	ESP,56
   370 000002BB FF 75 F0                        	PUSH	DWORD [-16+EBP]
   371 000002BE 6A 3B                           	PUSH	59
   372 000002C0 FF 75 F0                        	PUSH	DWORD [-16+EBP]
   373 000002C3 6A 03                           	PUSH	3
   374 000002C5 6A 0F                           	PUSH	15
   375 000002C7 FF 75 0C                        	PUSH	DWORD [12+EBP]
   376 000002CA FF 75 08                        	PUSH	DWORD [8+EBP]
   377 000002CD E8 FFFFFEE8                     	CALL	_boxfill8
   378 000002D2 8B 45 10                        	MOV	EAX,DWORD [16+EBP]
   379 000002D5 83 E8 05                        	SUB	EAX,5
   380 000002D8 50                              	PUSH	EAX
   381 000002D9 8B 45 10                        	MOV	EAX,DWORD [16+EBP]
   382 000002DC 6A 3B                           	PUSH	59
   383 000002DE 83 E8 17                        	SUB	EAX,23
   384 000002E1 50                              	PUSH	EAX
   385 000002E2 89 45 EC                        	MOV	DWORD [-20+EBP],EAX
   386 000002E5 6A 3B                           	PUSH	59
   387 000002E7 6A 0F                           	PUSH	15
   388 000002E9 FF 75 0C                        	PUSH	DWORD [12+EBP]
   389 000002EC FF 75 08                        	PUSH	DWORD [8+EBP]
   390 000002EF E8 FFFFFEC6                     	CALL	_boxfill8
   391 000002F4 8B 45 10                        	MOV	EAX,DWORD [16+EBP]
   392 000002F7 83 C4 38                        	ADD	ESP,56
   393 000002FA 83 E8 03                        	SUB	EAX,3
   394 000002FD 89 45 E8                        	MOV	DWORD [-24+EBP],EAX
   395 00000300 50                              	PUSH	EAX
   396 00000301 6A 3B                           	PUSH	59
   397 00000303 50                              	PUSH	EAX
   398 00000304 6A 02                           	PUSH	2
   399 00000306 6A 00                           	PUSH	0
   400 00000308 FF 75 0C                        	PUSH	DWORD [12+EBP]
   401 0000030B FF 75 08                        	PUSH	DWORD [8+EBP]
   402 0000030E E8 FFFFFEA7                     	CALL	_boxfill8
   403 00000313 FF 75 E8                        	PUSH	DWORD [-24+EBP]
   404 00000316 6A 3C                           	PUSH	60
   405 00000318 56                              	PUSH	ESI
   406 00000319 6A 3C                           	PUSH	60
   407 0000031B 6A 00                           	PUSH	0
   408 0000031D FF 75 0C                        	PUSH	DWORD [12+EBP]
   409 00000320 FF 75 08                        	PUSH	DWORD [8+EBP]
   410 00000323 E8 FFFFFE92                     	CALL	_boxfill8
   411 00000328 8B 7D 0C                        	MOV	EDI,DWORD [12+EBP]
   412 0000032B 83 C4 38                        	ADD	ESP,56
   413 0000032E 8B 5D 0C                        	MOV	EBX,DWORD [12+EBP]
   414 00000331 83 EB 04                        	SUB	EBX,4
   415 00000334 83 EF 2F                        	SUB	EDI,47
   416 00000337 56                              	PUSH	ESI
   417 00000338 53                              	PUSH	EBX
   418 00000339 56                              	PUSH	ESI
   419 0000033A 57                              	PUSH	EDI
   420 0000033B 6A 0F                           	PUSH	15
   421 0000033D FF 75 0C                        	PUSH	DWORD [12+EBP]
   422 00000340 FF 75 08                        	PUSH	DWORD [8+EBP]
   423 00000343 E8 FFFFFE72                     	CALL	_boxfill8
   424 00000348 FF 75 F0                        	PUSH	DWORD [-16+EBP]
   425 0000034B 57                              	PUSH	EDI
   426 0000034C FF 75 EC                        	PUSH	DWORD [-20+EBP]
   427 0000034F 57                              	PUSH	EDI
   428 00000350 6A 0F                           	PUSH	15
   429 00000352 FF 75 0C                        	PUSH	DWORD [12+EBP]
   430 00000355 FF 75 08                        	PUSH	DWORD [8+EBP]
   431 00000358 E8 FFFFFE5D                     	CALL	_boxfill8
   432 0000035D 83 C4 38                        	ADD	ESP,56
   433 00000360 FF 75 E8                        	PUSH	DWORD [-24+EBP]
   434 00000363 53                              	PUSH	EBX
   435 00000364 FF 75 E8                        	PUSH	DWORD [-24+EBP]
   436 00000367 57                              	PUSH	EDI
   437 00000368 6A 07                           	PUSH	7
   438 0000036A FF 75 0C                        	PUSH	DWORD [12+EBP]
   439 0000036D FF 75 08                        	PUSH	DWORD [8+EBP]
   440 00000370 E8 FFFFFE45                     	CALL	_boxfill8
   441 00000375 8B 45 0C                        	MOV	EAX,DWORD [12+EBP]
   442 00000378 FF 75 E8                        	PUSH	DWORD [-24+EBP]
   443 0000037B 83 E8 03                        	SUB	EAX,3
   444 0000037E 50                              	PUSH	EAX
   445 0000037F 56                              	PUSH	ESI
   446 00000380 50                              	PUSH	EAX
   447 00000381 6A 07                           	PUSH	7
   448 00000383 FF 75 0C                        	PUSH	DWORD [12+EBP]
   449 00000386 FF 75 08                        	PUSH	DWORD [8+EBP]
   450 00000389 E8 FFFFFE2C                     	CALL	_boxfill8
   451 0000038E 8D 65 F4                        	LEA	ESP,DWORD [-12+EBP]
   452 00000391 5B                              	POP	EBX
   453 00000392 5E                              	POP	ESI
   454 00000393 5F                              	POP	EDI
   455 00000394 5D                              	POP	EBP
   456 00000395 C3                              	RET
   457 00000396                                 	GLOBAL	_putfonts8_asc
   458 00000396                                 _putfonts8_asc:
   459 00000396 55                              	PUSH	EBP
   460 00000397 89 E5                           	MOV	EBP,ESP
   461 00000399 57                              	PUSH	EDI
   462 0000039A 56                              	PUSH	ESI
   463 0000039B 53                              	PUSH	EBX
   464 0000039C 50                              	PUSH	EAX
   465 0000039D 8B 5D 1C                        	MOV	EBX,DWORD [28+EBP]
   466 000003A0 8A 45 18                        	MOV	AL,BYTE [24+EBP]
   467 000003A3 88 45 F3                        	MOV	BYTE [-13+EBP],AL
   468 000003A6 8B 75 10                        	MOV	ESI,DWORD [16+EBP]
   469 000003A9 8B 7D 14                        	MOV	EDI,DWORD [20+EBP]
   470 000003AC 80 3B 00                        	CMP	BYTE [EBX],0
   471 000003AF 75 08                           	JNE	L35
   472 000003B1                                 L37:
   473 000003B1 8D 65 F4                        	LEA	ESP,DWORD [-12+EBP]
   474 000003B4 5B                              	POP	EBX
   475 000003B5 5E                              	POP	ESI
   476 000003B6 5F                              	POP	EDI
   477 000003B7 5D                              	POP	EBP
   478 000003B8 C3                              	RET
   479 000003B9                                 L35:
   480 000003B9 0F B6 03                        	MOVZX	EAX,BYTE [EBX]
   481 000003BC C1 E0 04                        	SAL	EAX,4
   482 000003BF 43                              	INC	EBX
   483 000003C0 05 [00000000]                   	ADD	EAX,_hankaku
   484 000003C5 50                              	PUSH	EAX
   485 000003C6 0F BE 45 F3                     	MOVSX	EAX,BYTE [-13+EBP]
   486 000003CA 50                              	PUSH	EAX
   487 000003CB 57                              	PUSH	EDI
   488 000003CC 56                              	PUSH	ESI
   489 000003CD 83 C6 08                        	ADD	ESI,8
   490 000003D0 FF 75 0C                        	PUSH	DWORD [12+EBP]
   491 000003D3 FF 75 08                        	PUSH	DWORD [8+EBP]
   492 000003D6 E8 0000000A                     	CALL	_putfont8
   493 000003DB 83 C4 18                        	ADD	ESP,24
   494 000003DE 80 3B 00                        	CMP	BYTE [EBX],0
   495 000003E1 75 D6                           	JNE	L35
   496 000003E3 EB CC                           	JMP	L37
   497 000003E5                                 	GLOBAL	_putfont8
   498 000003E5                                 _putfont8:
   499 000003E5 55                              	PUSH	EBP
   500 000003E6 89 E5                           	MOV	EBP,ESP
   501 000003E8 57                              	PUSH	EDI
   502 000003E9 56                              	PUSH	ESI
   503 000003EA 53                              	PUSH	EBX
   504 000003EB 31 DB                           	XOR	EBX,EBX
   505 000003ED 51                              	PUSH	ECX
   506 000003EE 51                              	PUSH	ECX
   507 000003EF 8A 45 18                        	MOV	AL,BYTE [24+EBP]
   508 000003F2 8B 7D 10                        	MOV	EDI,DWORD [16+EBP]
   509 000003F5 88 45 EF                        	MOV	BYTE [-17+EBP],AL
   510 000003F8                                 L51:
   511 000003F8 8B 4D 1C                        	MOV	ECX,DWORD [28+EBP]
   512 000003FB 8A 14 0B                        	MOV	DL,BYTE [EBX+ECX*1]
   513 000003FE 84 D2                           	TEST	DL,DL
   514 00000400 79 14                           	JNS	L43
   515 00000402 8B 45 14                        	MOV	EAX,DWORD [20+EBP]
   516 00000405 8B 75 08                        	MOV	ESI,DWORD [8+EBP]
   517 00000408 01 D8                           	ADD	EAX,EBX
   518 0000040A 8A 4D EF                        	MOV	CL,BYTE [-17+EBP]
   519 0000040D 0F AF 45 0C                     	IMUL	EAX,DWORD [12+EBP]
   520 00000411 01 F8                           	ADD	EAX,EDI
   521 00000413 88 0C 30                        	MOV	BYTE [EAX+ESI*1],CL
   522 00000416                                 L43:
   523 00000416 88 D0                           	MOV	AL,DL
   524 00000418 83 E0 40                        	AND	EAX,64
   525 0000041B 84 C0                           	TEST	AL,AL
   526 0000041D 74 15                           	JE	L44
   527 0000041F 8B 45 14                        	MOV	EAX,DWORD [20+EBP]
   528 00000422 8B 75 08                        	MOV	ESI,DWORD [8+EBP]
   529 00000425 01 D8                           	ADD	EAX,EBX
   530 00000427 8A 4D EF                        	MOV	CL,BYTE [-17+EBP]
   531 0000042A 0F AF 45 0C                     	IMUL	EAX,DWORD [12+EBP]
   532 0000042E 01 F8                           	ADD	EAX,EDI
   533 00000430 88 4C 30 01                     	MOV	BYTE [1+EAX+ESI*1],CL
   534 00000434                                 L44:
   535 00000434 88 D0                           	MOV	AL,DL
   536 00000436 83 E0 20                        	AND	EAX,32
   537 00000439 84 C0                           	TEST	AL,AL
   538 0000043B 74 15                           	JE	L45
   539 0000043D 8B 45 14                        	MOV	EAX,DWORD [20+EBP]
   540 00000440 8B 75 08                        	MOV	ESI,DWORD [8+EBP]
   541 00000443 01 D8                           	ADD	EAX,EBX
   542 00000445 8A 4D EF                        	MOV	CL,BYTE [-17+EBP]
   543 00000448 0F AF 45 0C                     	IMUL	EAX,DWORD [12+EBP]
   544 0000044C 01 F8                           	ADD	EAX,EDI
   545 0000044E 88 4C 30 02                     	MOV	BYTE [2+EAX+ESI*1],CL
   546 00000452                                 L45:
   547 00000452 88 D0                           	MOV	AL,DL
   548 00000454 83 E0 10                        	AND	EAX,16
   549 00000457 84 C0                           	TEST	AL,AL
   550 00000459 74 15                           	JE	L46
   551 0000045B 8B 45 14                        	MOV	EAX,DWORD [20+EBP]
   552 0000045E 8B 75 08                        	MOV	ESI,DWORD [8+EBP]
   553 00000461 01 D8                           	ADD	EAX,EBX
   554 00000463 8A 4D EF                        	MOV	CL,BYTE [-17+EBP]
   555 00000466 0F AF 45 0C                     	IMUL	EAX,DWORD [12+EBP]
   556 0000046A 01 F8                           	ADD	EAX,EDI
   557 0000046C 88 4C 30 03                     	MOV	BYTE [3+EAX+ESI*1],CL
   558 00000470                                 L46:
   559 00000470 88 D0                           	MOV	AL,DL
   560 00000472 83 E0 08                        	AND	EAX,8
   561 00000475 84 C0                           	TEST	AL,AL
   562 00000477 74 15                           	JE	L47
   563 00000479 8B 45 14                        	MOV	EAX,DWORD [20+EBP]
   564 0000047C 8B 75 08                        	MOV	ESI,DWORD [8+EBP]
   565 0000047F 01 D8                           	ADD	EAX,EBX
   566 00000481 8A 4D EF                        	MOV	CL,BYTE [-17+EBP]
   567 00000484 0F AF 45 0C                     	IMUL	EAX,DWORD [12+EBP]
   568 00000488 01 F8                           	ADD	EAX,EDI
   569 0000048A 88 4C 30 04                     	MOV	BYTE [4+EAX+ESI*1],CL
   570 0000048E                                 L47:
   571 0000048E 88 D0                           	MOV	AL,DL
   572 00000490 83 E0 04                        	AND	EAX,4
   573 00000493 84 C0                           	TEST	AL,AL
   574 00000495 74 15                           	JE	L48
   575 00000497 8B 45 14                        	MOV	EAX,DWORD [20+EBP]
   576 0000049A 8B 75 08                        	MOV	ESI,DWORD [8+EBP]
   577 0000049D 01 D8                           	ADD	EAX,EBX
   578 0000049F 8A 4D EF                        	MOV	CL,BYTE [-17+EBP]
   579 000004A2 0F AF 45 0C                     	IMUL	EAX,DWORD [12+EBP]
   580 000004A6 01 F8                           	ADD	EAX,EDI
   581 000004A8 88 4C 30 05                     	MOV	BYTE [5+EAX+ESI*1],CL
   582 000004AC                                 L48:
   583 000004AC 88 D0                           	MOV	AL,DL
   584 000004AE 83 E0 02                        	AND	EAX,2
   585 000004B1 84 C0                           	TEST	AL,AL
   586 000004B3 74 15                           	JE	L49
   587 000004B5 8B 45 14                        	MOV	EAX,DWORD [20+EBP]
   588 000004B8 8B 75 08                        	MOV	ESI,DWORD [8+EBP]
   589 000004BB 01 D8                           	ADD	EAX,EBX
   590 000004BD 8A 4D EF                        	MOV	CL,BYTE [-17+EBP]
   591 000004C0 0F AF 45 0C                     	IMUL	EAX,DWORD [12+EBP]
   592 000004C4 01 F8                           	ADD	EAX,EDI
   593 000004C6 88 4C 30 06                     	MOV	BYTE [6+EAX+ESI*1],CL
   594 000004CA                                 L49:
   595 000004CA 83 E2 01                        	AND	EDX,1
   596 000004CD 84 D2                           	TEST	DL,DL
   597 000004CF 74 15                           	JE	L41
   598 000004D1 8B 45 14                        	MOV	EAX,DWORD [20+EBP]
   599 000004D4 8B 4D 08                        	MOV	ECX,DWORD [8+EBP]
   600 000004D7 01 D8                           	ADD	EAX,EBX
   601 000004D9 8A 55 EF                        	MOV	DL,BYTE [-17+EBP]
   602 000004DC 0F AF 45 0C                     	IMUL	EAX,DWORD [12+EBP]
   603 000004E0 01 F8                           	ADD	EAX,EDI
   604 000004E2 88 54 08 07                     	MOV	BYTE [7+EAX+ECX*1],DL
   605 000004E6                                 L41:
   606 000004E6 43                              	INC	EBX
   607 000004E7 83 FB 0F                        	CMP	EBX,15
   608 000004EA 0F 8E FFFFFF08                  	JLE	L51
   609 000004F0 58                              	POP	EAX
   610 000004F1 5A                              	POP	EDX
   611 000004F2 5B                              	POP	EBX
   612 000004F3 5E                              	POP	ESI
   613 000004F4 5F                              	POP	EDI
   614 000004F5 5D                              	POP	EBP
   615 000004F6 C3                              	RET
   616                                          [SECTION .data]
   617 00000060                                 _cursor.1:
   618 00000060 2A 2A 2A 2A 2A 2A 2A 2A 2A 2A   	DB	"**************.."
       0000006A 2A 2A 2A 2A 2E 2E 
   619 00000070 2A 4F 4F 4F 4F 4F 4F 4F 4F 4F   	DB	"*OOOOOOOOOOO*..."
       0000007A 4F 4F 2A 2E 2E 2E 
   620 00000080 2A 4F 4F 4F 4F 4F 4F 4F 4F 4F   	DB	"*OOOOOOOOOO*...."
       0000008A 4F 2A 2E 2E 2E 2E 
   621 00000090 2A 4F 4F 4F 4F 4F 4F 4F 4F 4F   	DB	"*OOOOOOOOO*....."
       0000009A 2A 2E 2E 2E 2E 2E 
   622 000000A0 2A 4F 4F 4F 4F 4F 4F 4F 4F 2A   	DB	"*OOOOOOOO*......"
       000000AA 2E 2E 2E 2E 2E 2E 
   623 000000B0 2A 4F 4F 4F 4F 4F 4F 4F 2A 2E   	DB	"*OOOOOOO*......."
       000000BA 2E 2E 2E 2E 2E 2E 
   624 000000C0 2A 4F 4F 4F 4F 4F 4F 4F 2A 2E   	DB	"*OOOOOOO*......."
       000000CA 2E 2E 2E 2E 2E 2E 
   625 000000D0 2A 4F 4F 4F 4F 4F 4F 4F 4F 2A   	DB	"*OOOOOOOO*......"
       000000DA 2E 2E 2E 2E 2E 2E 
   626 000000E0 2A 4F 4F 4F 4F 2A 2A 4F 4F 4F   	DB	"*OOOO**OOO*....."
       000000EA 2A 2E 2E 2E 2E 2E 
   627 000000F0 2A 4F 4F 4F 2A 2E 2E 2A 4F 4F   	DB	"*OOO*..*OOO*...."
       000000FA 4F 2A 2E 2E 2E 2E 
   628 00000100 2A 4F 4F 2A 2E 2E 2E 2E 2A 4F   	DB	"*OO*....*OOO*..."
       0000010A 4F 4F 2A 2E 2E 2E 
   629 00000110 2A 4F 2A 2E 2E 2E 2E 2E 2E 2A   	DB	"*O*......*OOO*.."
       0000011A 4F 4F 4F 2A 2E 2E 
   630 00000120 2A 2A 2E 2E 2E 2E 2E 2E 2E 2E   	DB	"**........*OOO*."
       0000012A 2A 4F 4F 4F 2A 2E 
   631 00000130 2A 2E 2E 2E 2E 2E 2E 2E 2E 2E   	DB	"*..........*OOO*"
       0000013A 2E 2A 4F 4F 4F 2A 
   632 00000140 2E 2E 2E 2E 2E 2E 2E 2E 2E 2E   	DB	"............*OO*"
       0000014A 2E 2E 2A 4F 4F 2A 
   633 00000150 2E 2E 2E 2E 2E 2E 2E 2E 2E 2E   	DB	".............***"
       0000015A 2E 2E 2E 2A 2A 2A 
   634                                          [SECTION .text]
   635 000004F7                                 	GLOBAL	_init_mouse_cursor8
   636 000004F7                                 _init_mouse_cursor8:
   637 000004F7 55                              	PUSH	EBP
   638 000004F8 89 E5                           	MOV	EBP,ESP
   639 000004FA 57                              	PUSH	EDI
   640 000004FB 56                              	PUSH	ESI
   641 000004FC 31 FF                           	XOR	EDI,EDI
   642 000004FE 53                              	PUSH	EBX
   643 000004FF 56                              	PUSH	ESI
   644 00000500 31 DB                           	XOR	EBX,EBX
   645 00000502 8A 45 0C                        	MOV	AL,BYTE [12+EBP]
   646 00000505 8B 75 08                        	MOV	ESI,DWORD [8+EBP]
   647 00000508 88 45 F3                        	MOV	BYTE [-13+EBP],AL
   648 0000050B                                 L67:
   649 0000050B 31 D2                           	XOR	EDX,EDX
   650 0000050D                                 L66:
   651 0000050D 8D 04 3A                        	LEA	EAX,DWORD [EDX+EDI*1]
   652 00000510 80 B8 [00000060] 2A             	CMP	BYTE [_cursor.1+EAX],42
   653 00000517 74 35                           	JE	L72
   654 00000519                                 L63:
   655 00000519 80 B8 [00000060] 4F             	CMP	BYTE [_cursor.1+EAX],79
   656 00000520 74 26                           	JE	L73
   657 00000522                                 L64:
   658 00000522 80 B8 [00000060] 2E             	CMP	BYTE [_cursor.1+EAX],46
   659 00000529 74 15                           	JE	L74
   660 0000052B                                 L61:
   661 0000052B 42                              	INC	EDX
   662 0000052C 83 FA 0F                        	CMP	EDX,15
   663 0000052F 7E DC                           	JLE	L66
   664 00000531 43                              	INC	EBX
   665 00000532 83 C7 10                        	ADD	EDI,16
   666 00000535 83 FB 0F                        	CMP	EBX,15
   667 00000538 7E D1                           	JLE	L67
   668 0000053A 5B                              	POP	EBX
   669 0000053B 5B                              	POP	EBX
   670 0000053C 5E                              	POP	ESI
   671 0000053D 5F                              	POP	EDI
   672 0000053E 5D                              	POP	EBP
   673 0000053F C3                              	RET
   674 00000540                                 L74:
   675 00000540 8A 4D F3                        	MOV	CL,BYTE [-13+EBP]
   676 00000543 88 0C 30                        	MOV	BYTE [EAX+ESI*1],CL
   677 00000546 EB E3                           	JMP	L61
   678 00000548                                 L73:
   679 00000548 C6 04 30 07                     	MOV	BYTE [EAX+ESI*1],7
   680 0000054C EB D4                           	JMP	L64
   681 0000054E                                 L72:
   682 0000054E C6 04 30 00                     	MOV	BYTE [EAX+ESI*1],0
   683 00000552 EB C5                           	JMP	L63
   684 00000554                                 	GLOBAL	_putblock8_8
   685 00000554                                 _putblock8_8:
   686 00000554 55                              	PUSH	EBP
   687 00000555 89 E5                           	MOV	EBP,ESP
   688 00000557 57                              	PUSH	EDI
   689 00000558 56                              	PUSH	ESI
   690 00000559 31 F6                           	XOR	ESI,ESI
   691 0000055B 53                              	PUSH	EBX
   692 0000055C 83 EC 0C                        	SUB	ESP,12
   693 0000055F 3B 75 14                        	CMP	ESI,DWORD [20+EBP]
   694 00000562 7D 3E                           	JGE	L87
   695 00000564 31 FF                           	XOR	EDI,EDI
   696 00000566                                 L85:
   697 00000566 31 DB                           	XOR	EBX,EBX
   698 00000568 3B 5D 10                        	CMP	EBX,DWORD [16+EBP]
   699 0000056B 7D 2C                           	JGE	L89
   700 0000056D 8B 45 20                        	MOV	EAX,DWORD [32+EBP]
   701 00000570 01 F8                           	ADD	EAX,EDI
   702 00000572 89 45 EC                        	MOV	DWORD [-20+EBP],EAX
   703 00000575                                 L84:
   704 00000575 8B 45 1C                        	MOV	EAX,DWORD [28+EBP]
   705 00000578 8B 55 18                        	MOV	EDX,DWORD [24+EBP]
   706 0000057B 01 F0                           	ADD	EAX,ESI
   707 0000057D 01 DA                           	ADD	EDX,EBX
   708 0000057F 0F AF 45 0C                     	IMUL	EAX,DWORD [12+EBP]
   709 00000583 01 D0                           	ADD	EAX,EDX
   710 00000585 8B 4D 08                        	MOV	ECX,DWORD [8+EBP]
   711 00000588 8B 55 EC                        	MOV	EDX,DWORD [-20+EBP]
   712 0000058B 43                              	INC	EBX
   713 0000058C 8A 12                           	MOV	DL,BYTE [EDX]
   714 0000058E 88 14 08                        	MOV	BYTE [EAX+ECX*1],DL
   715 00000591 FF 45 EC                        	INC	DWORD [-20+EBP]
   716 00000594 3B 5D 10                        	CMP	EBX,DWORD [16+EBP]
   717 00000597 7C DC                           	JL	L84
   718 00000599                                 L89:
   719 00000599 46                              	INC	ESI
   720 0000059A 03 7D 24                        	ADD	EDI,DWORD [36+EBP]
   721 0000059D 3B 75 14                        	CMP	ESI,DWORD [20+EBP]
   722 000005A0 7C C4                           	JL	L85
   723 000005A2                                 L87:
   724 000005A2 83 C4 0C                        	ADD	ESP,12
   725 000005A5 5B                              	POP	EBX
   726 000005A6 5E                              	POP	ESI
   727 000005A7 5F                              	POP	EDI
   728 000005A8 5D                              	POP	EBP
   729 000005A9 C3                              	RET
   730 000005AA                                 	GLOBAL	_init_gdtidt
   731 000005AA                                 _init_gdtidt:
   732 000005AA 55                              	PUSH	EBP
   733 000005AB 89 E5                           	MOV	EBP,ESP
   734 000005AD 56                              	PUSH	ESI
   735 000005AE 53                              	PUSH	EBX
   736 000005AF BE 00270000                     	MOV	ESI,2555904
   737 000005B4 BB 00001FFF                     	MOV	EBX,8191
   738 000005B9                                 L95:
   739 000005B9 6A 00                           	PUSH	0
   740 000005BB 6A 00                           	PUSH	0
   741 000005BD 6A 00                           	PUSH	0
   742 000005BF 56                              	PUSH	ESI
   743 000005C0 83 C6 08                        	ADD	ESI,8
   744 000005C3 E8 [00000000]                   	CALL	_set_segmdesc
   745 000005C8 83 C4 10                        	ADD	ESP,16
   746 000005CB 4B                              	DEC	EBX
   747 000005CC 79 EB                           	JNS	L95
   748 000005CE 68 00004092                     	PUSH	16530
   749 000005D3 BE 0026F800                     	MOV	ESI,2553856
   750 000005D8 6A 00                           	PUSH	0
   751 000005DA BB 000000FF                     	MOV	EBX,255
   752 000005DF 6A FF                           	PUSH	-1
   753 000005E1 68 00270008                     	PUSH	2555912
   754 000005E6 E8 [00000000]                   	CALL	_set_segmdesc
   755 000005EB 68 0000409A                     	PUSH	16538
   756 000005F0 68 00280000                     	PUSH	2621440
   757 000005F5 68 0007FFFF                     	PUSH	524287
   758 000005FA 68 00270010                     	PUSH	2555920
   759 000005FF E8 [00000000]                   	CALL	_set_segmdesc
   760 00000604 83 C4 20                        	ADD	ESP,32
   761 00000607 68 00270000                     	PUSH	2555904
   762 0000060C 68 0000FFFF                     	PUSH	65535
   763 00000611 E8 [00000000]                   	CALL	_load_gdtr
   764 00000616 58                              	POP	EAX
   765 00000617 5A                              	POP	EDX
   766 00000618                                 L100:
   767 00000618 6A 00                           	PUSH	0
   768 0000061A 6A 00                           	PUSH	0
   769 0000061C 6A 00                           	PUSH	0
   770 0000061E 56                              	PUSH	ESI
   771 0000061F 83 C6 08                        	ADD	ESI,8
   772 00000622 E8 [00000000]                   	CALL	_set_gatedesc
   773 00000627 83 C4 10                        	ADD	ESP,16
   774 0000062A 4B                              	DEC	EBX
   775 0000062B 79 EB                           	JNS	L100
   776 0000062D 68 0026F800                     	PUSH	2553856
   777 00000632 68 000007FF                     	PUSH	2047
   778 00000637 E8 [00000000]                   	CALL	_load_idtr
   779 0000063C 8D 65 F8                        	LEA	ESP,DWORD [-8+EBP]
   780 0000063F 5B                              	POP	EBX
   781 00000640 5E                              	POP	ESI
   782 00000641 5D                              	POP	EBP
   783 00000642 C3                              	RET
