     1 00000000                                 [FORMAT "WCOFF"]
     2 00000000                                 [INSTRSET "i486p"]
     3 00000000                                 [OPTIMIZE 1]
     4 00000000                                 [OPTION 1]
     5 00000000                                 [BITS 32]
     6 00000000                                 	EXTERN	_boxfill8
     7 00000000                                 	EXTERN	_putfonts8_asc
     8 00000000                                 	EXTERN	_closebtn.0
     9 00000000                                 	EXTERN	_init_gdtidt
    10 00000000                                 	EXTERN	_init_pic
    11 00000000                                 	EXTERN	_io_sti
    12 00000000                                 	EXTERN	_keyfifo
    13 00000000                                 	EXTERN	_fifo8_init
    14 00000000                                 	EXTERN	_mousefifo
    15 00000000                                 	EXTERN	_io_out8
    16 00000000                                 	EXTERN	_init_keyboard
    17 00000000                                 	EXTERN	_enable_mouse
    18 00000000                                 	EXTERN	_memtest
    19 00000000                                 	EXTERN	_memman_init
    20 00000000                                 	EXTERN	_memman_free
    21 00000000                                 	EXTERN	_init_palette
    22 00000000                                 	EXTERN	_shtctl_init
    23 00000000                                 	EXTERN	_sheet_alloc
    24 00000000                                 	EXTERN	_memman_alloc_4k
    25 00000000                                 	EXTERN	_sheet_setbuf
    26 00000000                                 	EXTERN	_init_screen8
    27 00000000                                 	EXTERN	_init_mouse_cursor8
    28 00000000                                 	EXTERN	_sheet_slide
    29 00000000                                 	EXTERN	_sheet_updown
    30 00000000                                 	EXTERN	_sprintf
    31 00000000                                 	EXTERN	_memman_total
    32 00000000                                 	EXTERN	_sheet_refresh
    33 00000000                                 	EXTERN	_io_cli
    34 00000000                                 	EXTERN	_fifo8_status
    35 00000000                                 	EXTERN	_fifo8_get
    36 00000000                                 	EXTERN	_mouse_decode
    37 00000000                                 	EXTERN	_io_stihlt
    38 00000000                                 [FILE "bootpack.c"]
    39                                          [SECTION .data]
    40 00000000                                 _closebtn.0:
    41 00000000 4F 4F 4F 4F 4F 4F 4F 4F 4F 4F   	DB	"OOOOOOOOOOOOOOO@"
       0000000A 4F 4F 4F 4F 4F 40 
    42 00000010 4F 51 51 51 51 51 51 51 51 51   	DB	"OQQQQQQQQQQQQQ$@"
       0000001A 51 51 51 51 24 40 
    43 00000020 4F 51 51 51 51 51 51 51 51 51   	DB	"OQQQQQQQQQQQQQ$@"
       0000002A 51 51 51 51 24 40 
    44 00000030 4F 51 51 51 40 40 51 51 51 51   	DB	"OQQQ@@QQQQ@@QQ$@"
       0000003A 40 40 51 51 24 40 
    45 00000040 4F 51 51 51 51 40 40 51 51 40   	DB	"OQQQQ@@QQ@@QQQ$@"
       0000004A 40 51 51 51 24 40 
    46 00000050 4F 51 51 51 51 51 40 40 40 40   	DB	"OQQQQQ@@@@QQQQ$@"
       0000005A 51 51 51 51 24 40 
    47 00000060 4F 51 51 51 51 51 51 40 40 51   	DB	"OQQQQQQ@@QQQQQ$@"
       0000006A 51 51 51 51 24 40 
    48 00000070 4F 51 51 51 51 51 40 40 40 40   	DB	"OQQQQQ@@@@QQQQ$@"
       0000007A 51 51 51 51 24 40 
    49 00000080 4F 51 51 51 51 40 40 51 51 40   	DB	"OQQQQ@@QQ@@QQQ$@"
       0000008A 40 51 51 51 24 40 
    50 00000090 4F 51 51 51 40 40 51 51 51 51   	DB	"OQQQ@@QQQQ@@QQ$@"
       0000009A 40 40 51 51 24 40 
    51 000000A0 4F 51 51 51 51 51 51 51 51 51   	DB	"OQQQQQQQQQQQQQ$@"
       000000AA 51 51 51 51 24 40 
    52 000000B0 4F 51 51 51 51 51 51 51 51 51   	DB	"OQQQQQQQQQQQQQ$@"
       000000BA 51 51 51 51 24 40 
    53 000000C0 4F 24 24 24 24 24 24 24 24 24   	DB	"O$$$$$$$$$$$$$$@"
       000000CA 24 24 24 24 24 40 
    54 000000D0 40 40 40 40 40 40 40 40 40 40   	DB	"@@@@@@@@@@@@@@@@"
       000000DA 40 40 40 40 40 40 
    55                                          [SECTION .text]
    56 00000000                                 	GLOBAL	_make_window8
    57 00000000                                 _make_window8:
    58 00000000 55                              	PUSH	EBP
    59 00000001 89 E5                           	MOV	EBP,ESP
    60 00000003 57                              	PUSH	EDI
    61 00000004 56                              	PUSH	ESI
    62 00000005 53                              	PUSH	EBX
    63 00000006 83 EC 14                        	SUB	ESP,20
    64 00000009 8B 5D 0C                        	MOV	EBX,DWORD [12+EBP]
    65 0000000C 6A 00                           	PUSH	0
    66 0000000E 8D 43 FF                        	LEA	EAX,DWORD [-1+EBX]
    67 00000011 8D 7B FE                        	LEA	EDI,DWORD [-2+EBX]
    68 00000014 50                              	PUSH	EAX
    69 00000015 89 45 EC                        	MOV	DWORD [-20+EBP],EAX
    70 00000018 6A 00                           	PUSH	0
    71 0000001A 6A 00                           	PUSH	0
    72 0000001C 6A 08                           	PUSH	8
    73 0000001E 53                              	PUSH	EBX
    74 0000001F FF 75 08                        	PUSH	DWORD [8+EBP]
    75 00000022 E8 [00000000]                   	CALL	_boxfill8
    76 00000027 6A 01                           	PUSH	1
    77 00000029 57                              	PUSH	EDI
    78 0000002A 6A 01                           	PUSH	1
    79 0000002C 6A 01                           	PUSH	1
    80 0000002E 6A 07                           	PUSH	7
    81 00000030 53                              	PUSH	EBX
    82 00000031 FF 75 08                        	PUSH	DWORD [8+EBP]
    83 00000034 E8 [00000000]                   	CALL	_boxfill8
    84 00000039 8B 55 10                        	MOV	EDX,DWORD [16+EBP]
    85 0000003C 83 C4 38                        	ADD	ESP,56
    86 0000003F 4A                              	DEC	EDX
    87 00000040 89 55 E8                        	MOV	DWORD [-24+EBP],EDX
    88 00000043 52                              	PUSH	EDX
    89 00000044 6A 00                           	PUSH	0
    90 00000046 6A 00                           	PUSH	0
    91 00000048 6A 00                           	PUSH	0
    92 0000004A 6A 08                           	PUSH	8
    93 0000004C 53                              	PUSH	EBX
    94 0000004D FF 75 08                        	PUSH	DWORD [8+EBP]
    95 00000050 E8 [00000000]                   	CALL	_boxfill8
    96 00000055 8B 75 10                        	MOV	ESI,DWORD [16+EBP]
    97 00000058 83 EE 02                        	SUB	ESI,2
    98 0000005B 56                              	PUSH	ESI
    99 0000005C 6A 01                           	PUSH	1
   100 0000005E 6A 01                           	PUSH	1
   101 00000060 6A 01                           	PUSH	1
   102 00000062 6A 07                           	PUSH	7
   103 00000064 53                              	PUSH	EBX
   104 00000065 FF 75 08                        	PUSH	DWORD [8+EBP]
   105 00000068 E8 [00000000]                   	CALL	_boxfill8
   106 0000006D 83 C4 38                        	ADD	ESP,56
   107 00000070 56                              	PUSH	ESI
   108 00000071 57                              	PUSH	EDI
   109 00000072 6A 01                           	PUSH	1
   110 00000074 57                              	PUSH	EDI
   111 00000075 6A 0F                           	PUSH	15
   112 00000077 53                              	PUSH	EBX
   113 00000078 FF 75 08                        	PUSH	DWORD [8+EBP]
   114 0000007B E8 [00000000]                   	CALL	_boxfill8
   115 00000080 FF 75 E8                        	PUSH	DWORD [-24+EBP]
   116 00000083 FF 75 EC                        	PUSH	DWORD [-20+EBP]
   117 00000086 6A 00                           	PUSH	0
   118 00000088 FF 75 EC                        	PUSH	DWORD [-20+EBP]
   119 0000008B 6A 00                           	PUSH	0
   120 0000008D 53                              	PUSH	EBX
   121 0000008E FF 75 08                        	PUSH	DWORD [8+EBP]
   122 00000091 E8 [00000000]                   	CALL	_boxfill8
   123 00000096 8B 45 10                        	MOV	EAX,DWORD [16+EBP]
   124 00000099 83 C4 38                        	ADD	ESP,56
   125 0000009C 83 E8 03                        	SUB	EAX,3
   126 0000009F 50                              	PUSH	EAX
   127 000000A0 8D 43 FD                        	LEA	EAX,DWORD [-3+EBX]
   128 000000A3 50                              	PUSH	EAX
   129 000000A4 6A 02                           	PUSH	2
   130 000000A6 6A 02                           	PUSH	2
   131 000000A8 6A 08                           	PUSH	8
   132 000000AA 53                              	PUSH	EBX
   133 000000AB FF 75 08                        	PUSH	DWORD [8+EBP]
   134 000000AE E8 [00000000]                   	CALL	_boxfill8
   135 000000B3 8D 43 FC                        	LEA	EAX,DWORD [-4+EBX]
   136 000000B6 6A 14                           	PUSH	20
   137 000000B8 50                              	PUSH	EAX
   138 000000B9 6A 03                           	PUSH	3
   139 000000BB 6A 03                           	PUSH	3
   140 000000BD 6A 0C                           	PUSH	12
   141 000000BF 53                              	PUSH	EBX
   142 000000C0 FF 75 08                        	PUSH	DWORD [8+EBP]
   143 000000C3 E8 [00000000]                   	CALL	_boxfill8
   144 000000C8 83 C4 38                        	ADD	ESP,56
   145 000000CB 56                              	PUSH	ESI
   146 000000CC 57                              	PUSH	EDI
   147 000000CD 56                              	PUSH	ESI
   148 000000CE 6A 01                           	PUSH	1
   149 000000D0 6A 0F                           	PUSH	15
   150 000000D2 53                              	PUSH	EBX
   151 000000D3 FF 75 08                        	PUSH	DWORD [8+EBP]
   152 000000D6 E8 [00000000]                   	CALL	_boxfill8
   153 000000DB FF 75 E8                        	PUSH	DWORD [-24+EBP]
   154 000000DE FF 75 EC                        	PUSH	DWORD [-20+EBP]
   155 000000E1 FF 75 E8                        	PUSH	DWORD [-24+EBP]
   156 000000E4 6A 00                           	PUSH	0
   157 000000E6 6A 00                           	PUSH	0
   158 000000E8 6B F3 05                        	IMUL	ESI,EBX,5
   159 000000EB 53                              	PUSH	EBX
   160 000000EC FF 75 08                        	PUSH	DWORD [8+EBP]
   161 000000EF E8 [00000000]                   	CALL	_boxfill8
   162 000000F4 83 C4 38                        	ADD	ESP,56
   163 000000F7 FF 75 14                        	PUSH	DWORD [20+EBP]
   164 000000FA 6A 07                           	PUSH	7
   165 000000FC 6A 04                           	PUSH	4
   166 000000FE 6A 18                           	PUSH	24
   167 00000100 53                              	PUSH	EBX
   168 00000101 FF 75 08                        	PUSH	DWORD [8+EBP]
   169 00000104 E8 [00000000]                   	CALL	_putfonts8_asc
   170 00000109 83 C4 18                        	ADD	ESP,24
   171 0000010C C7 45 F0 00000000               	MOV	DWORD [-16+EBP],0
   172 00000113 C7 45 E0 00000000               	MOV	DWORD [-32+EBP],0
   173 0000011A                                 L17:
   174 0000011A 8D 04 1E                        	LEA	EAX,DWORD [ESI+EBX*1]
   175 0000011D 8B 55 08                        	MOV	EDX,DWORD [8+EBP]
   176 00000120 31 FF                           	XOR	EDI,EDI
   177 00000122 8D 4C 02 EB                     	LEA	ECX,DWORD [-21+EDX+EAX*1]
   178 00000126                                 L16:
   179 00000126 8B 45 E0                        	MOV	EAX,DWORD [-32+EBP]
   180 00000129 8A 94 07 [00000000]             	MOV	DL,BYTE [_closebtn.0+EDI+EAX*1]
   181 00000130 80 FA 40                        	CMP	DL,64
   182 00000133 74 33                           	JE	L22
   183 00000135 80 FA 24                        	CMP	DL,36
   184 00000138 74 2A                           	JE	L23
   185 0000013A 80 FA 51                        	CMP	DL,81
   186 0000013D B2 08                           	MOV	DL,8
   187 0000013F 0F 95 C0                        	SETNE	AL
   188 00000142 28 C2                           	SUB	DL,AL
   189 00000144                                 L11:
   190 00000144 47                              	INC	EDI
   191 00000145 88 11                           	MOV	BYTE [ECX],DL
   192 00000147 41                              	INC	ECX
   193 00000148 83 FF 0F                        	CMP	EDI,15
   194 0000014B 7E D9                           	JLE	L16
   195 0000014D FF 45 F0                        	INC	DWORD [-16+EBP]
   196 00000150 01 DE                           	ADD	ESI,EBX
   197 00000152 83 45 E0 10                     	ADD	DWORD [-32+EBP],16
   198 00000156 83 7D F0 0D                     	CMP	DWORD [-16+EBP],13
   199 0000015A 7E BE                           	JLE	L17
   200 0000015C 8D 65 F4                        	LEA	ESP,DWORD [-12+EBP]
   201 0000015F 5B                              	POP	EBX
   202 00000160 5E                              	POP	ESI
   203 00000161 5F                              	POP	EDI
   204 00000162 5D                              	POP	EBP
   205 00000163 C3                              	RET
   206 00000164                                 L23:
   207 00000164 B2 0F                           	MOV	DL,15
   208 00000166 EB DC                           	JMP	L11
   209 00000168                                 L22:
   210 00000168 31 D2                           	XOR	EDX,EDX
   211 0000016A EB D8                           	JMP	L11
   212                                          [SECTION .data]
   213 000000E0                                 LC0:
   214 000000E0 63 6F 75 6E 74 65 72 00         	DB	"counter",0x00
   215 000000E8                                 LC1:
   216 000000E8 28 25 33 64 2C 20 25 33 64 29   	DB	"(%3d, %3d)",0x00
       000000F2 00 
   217 000000F3                                 LC2:
   218 000000F3 6D 65 6D 6F 72 79 20 25 64 4D   	DB	"memory %dMB free : %dKB",0x00
       000000FD 42 20 66 72 65 65 20 3A 20 25 
       00000107 64 4B 42 00 
   219 0000010B                                 LC3:
   220 0000010B 25 30 31 30 64 00               	DB	"%010d",0x00
   221 00000111                                 LC5:
   222 00000111 5B 6C 63 72 20 25 34 64 20 25   	DB	"[lcr %4d %4d]",0x00
       0000011B 34 64 5D 00 
   223 0000011F                                 LC4:
   224 0000011F 25 30 32 58 00                  	DB	"%02X",0x00
   225                                          [SECTION .text]
   226 0000016C                                 	GLOBAL	_HariMain
   227 0000016C                                 _HariMain:
   228 0000016C 55                              	PUSH	EBP
   229 0000016D 89 E5                           	MOV	EBP,ESP
   230 0000016F 57                              	PUSH	EDI
   231 00000170 56                              	PUSH	ESI
   232 00000171 53                              	PUSH	EBX
   233 00000172 81 EC 00000204                  	SUB	ESP,516
   234 00000178 C7 85 FFFFFE0C 00000000         	MOV	DWORD [-500+EBP],0
   235 00000182 E8 [00000000]                   	CALL	_init_gdtidt
   236 00000187 E8 [00000000]                   	CALL	_init_pic
   237 0000018C E8 [00000000]                   	CALL	_io_sti
   238 00000191 8D 45 A4                        	LEA	EAX,DWORD [-92+EBP]
   239 00000194 50                              	PUSH	EAX
   240 00000195 6A 20                           	PUSH	32
   241 00000197 68 [00000000]                   	PUSH	_keyfifo
   242 0000019C E8 [00000000]                   	CALL	_fifo8_init
   243 000001A1 8D 85 FFFFFF24                  	LEA	EAX,DWORD [-220+EBP]
   244 000001A7 50                              	PUSH	EAX
   245 000001A8 68 00000080                     	PUSH	128
   246 000001AD 68 [00000000]                   	PUSH	_mousefifo
   247 000001B2 E8 [00000000]                   	CALL	_fifo8_init
   248 000001B7 68 000000F9                     	PUSH	249
   249 000001BC 6A 21                           	PUSH	33
   250 000001BE E8 [00000000]                   	CALL	_io_out8
   251 000001C3 83 C4 20                        	ADD	ESP,32
   252 000001C6 68 000000EF                     	PUSH	239
   253 000001CB 68 000000A1                     	PUSH	161
   254 000001D0 E8 [00000000]                   	CALL	_io_out8
   255 000001D5 E8 [00000000]                   	CALL	_init_keyboard
   256 000001DA 8D 85 FFFFFF14                  	LEA	EAX,DWORD [-236+EBP]
   257 000001E0 50                              	PUSH	EAX
   258 000001E1 E8 [00000000]                   	CALL	_enable_mouse
   259 000001E6 68 BFFFFFFF                     	PUSH	-1073741825
   260 000001EB 68 00400000                     	PUSH	4194304
   261 000001F0 E8 [00000000]                   	CALL	_memtest
   262 000001F5 68 003C0000                     	PUSH	3932160
   263 000001FA 89 85 FFFFFE10                  	MOV	DWORD [-496+EBP],EAX
   264 00000200 E8 [00000000]                   	CALL	_memman_init
   265 00000205 68 0009E000                     	PUSH	647168
   266 0000020A 68 00001000                     	PUSH	4096
   267 0000020F 68 003C0000                     	PUSH	3932160
   268 00000214 E8 [00000000]                   	CALL	_memman_free
   269 00000219 8B 85 FFFFFE10                  	MOV	EAX,DWORD [-496+EBP]
   270 0000021F 83 C4 24                        	ADD	ESP,36
   271 00000222 2D 00400000                     	SUB	EAX,4194304
   272 00000227 50                              	PUSH	EAX
   273 00000228 68 00400000                     	PUSH	4194304
   274 0000022D 68 003C0000                     	PUSH	3932160
   275 00000232 E8 [00000000]                   	CALL	_memman_free
   276 00000237 E8 [00000000]                   	CALL	_init_palette
   277 0000023C 0F BF 05 00000FF6               	MOVSX	EAX,WORD [4086]
   278 00000243 50                              	PUSH	EAX
   279 00000244 0F BF 05 00000FF4               	MOVSX	EAX,WORD [4084]
   280 0000024B 50                              	PUSH	EAX
   281 0000024C FF 35 00000FF8                  	PUSH	DWORD [4088]
   282 00000252 68 003C0000                     	PUSH	3932160
   283 00000257 E8 [00000000]                   	CALL	_shtctl_init
   284 0000025C 89 C3                           	MOV	EBX,EAX
   285 0000025E 50                              	PUSH	EAX
   286 0000025F E8 [00000000]                   	CALL	_sheet_alloc
   287 00000264 83 C4 20                        	ADD	ESP,32
   288 00000267 53                              	PUSH	EBX
   289 00000268 89 85 FFFFFE08                  	MOV	DWORD [-504+EBP],EAX
   290 0000026E E8 [00000000]                   	CALL	_sheet_alloc
   291 00000273 53                              	PUSH	EBX
   292 00000274 8D 9D FFFFFE14                  	LEA	EBX,DWORD [-492+EBP]
   293 0000027A 89 85 FFFFFE04                  	MOV	DWORD [-508+EBP],EAX
   294 00000280 E8 [00000000]                   	CALL	_sheet_alloc
   295 00000285 0F BF 15 00000FF6               	MOVSX	EDX,WORD [4086]
   296 0000028C 89 85 FFFFFE00                  	MOV	DWORD [-512+EBP],EAX
   297 00000292 0F BF 05 00000FF4               	MOVSX	EAX,WORD [4084]
   298 00000299 0F AF C2                        	IMUL	EAX,EDX
   299 0000029C 50                              	PUSH	EAX
   300 0000029D 68 003C0000                     	PUSH	3932160
   301 000002A2 E8 [00000000]                   	CALL	_memman_alloc_4k
   302 000002A7 68 00002080                     	PUSH	8320
   303 000002AC 68 003C0000                     	PUSH	3932160
   304 000002B1 89 85 FFFFFDFC                  	MOV	DWORD [-516+EBP],EAX
   305 000002B7 E8 [00000000]                   	CALL	_memman_alloc_4k
   306 000002BC 6A FF                           	PUSH	-1
   307 000002BE 89 85 FFFFFDF8                  	MOV	DWORD [-520+EBP],EAX
   308 000002C4 0F BF 05 00000FF6               	MOVSX	EAX,WORD [4086]
   309 000002CB 50                              	PUSH	EAX
   310 000002CC 0F BF 05 00000FF4               	MOVSX	EAX,WORD [4084]
   311 000002D3 50                              	PUSH	EAX
   312 000002D4 FF B5 FFFFFDFC                  	PUSH	DWORD [-516+EBP]
   313 000002DA FF B5 FFFFFE08                  	PUSH	DWORD [-504+EBP]
   314 000002E0 E8 [00000000]                   	CALL	_sheet_setbuf
   315 000002E5 83 C4 2C                        	ADD	ESP,44
   316 000002E8 6A FF                           	PUSH	-1
   317 000002EA 6A 34                           	PUSH	52
   318 000002EC 68 000000A0                     	PUSH	160
   319 000002F1 FF B5 FFFFFDF8                  	PUSH	DWORD [-520+EBP]
   320 000002F7 FF B5 FFFFFE00                  	PUSH	DWORD [-512+EBP]
   321 000002FD E8 [00000000]                   	CALL	_sheet_setbuf
   322 00000302 6A 63                           	PUSH	99
   323 00000304 6A 10                           	PUSH	16
   324 00000306 6A 10                           	PUSH	16
   325 00000308 53                              	PUSH	EBX
   326 00000309 FF B5 FFFFFE04                  	PUSH	DWORD [-508+EBP]
   327 0000030F E8 [00000000]                   	CALL	_sheet_setbuf
   328 00000314 83 C4 28                        	ADD	ESP,40
   329 00000317 0F BF 05 00000FF6               	MOVSX	EAX,WORD [4086]
   330 0000031E 50                              	PUSH	EAX
   331 0000031F 0F BF 05 00000FF4               	MOVSX	EAX,WORD [4084]
   332 00000326 50                              	PUSH	EAX
   333 00000327 FF B5 FFFFFDFC                  	PUSH	DWORD [-516+EBP]
   334 0000032D E8 [00000000]                   	CALL	_init_screen8
   335 00000332 6A 63                           	PUSH	99
   336 00000334 53                              	PUSH	EBX
   337 00000335 BB 00000002                     	MOV	EBX,2
   338 0000033A E8 [00000000]                   	CALL	_init_mouse_cursor8
   339 0000033F 68 [000000E0]                   	PUSH	LC0
   340 00000344 6A 34                           	PUSH	52
   341 00000346 68 000000A0                     	PUSH	160
   342 0000034B FF B5 FFFFFDF8                  	PUSH	DWORD [-520+EBP]
   343 00000351 E8 FFFFFCAA                     	CALL	_make_window8
   344 00000356 83 C4 24                        	ADD	ESP,36
   345 00000359 6A 00                           	PUSH	0
   346 0000035B 6A 00                           	PUSH	0
   347 0000035D FF B5 FFFFFE08                  	PUSH	DWORD [-504+EBP]
   348 00000363 E8 [00000000]                   	CALL	_sheet_slide
   349 00000368 0F BF 05 00000FF4               	MOVSX	EAX,WORD [4084]
   350 0000036F 8D 48 F0                        	LEA	ECX,DWORD [-16+EAX]
   351 00000372 89 C8                           	MOV	EAX,ECX
   352 00000374 99                              	CDQ
   353 00000375 F7 FB                           	IDIV	EBX
   354 00000377 89 C6                           	MOV	ESI,EAX
   355 00000379 0F BF 05 00000FF6               	MOVSX	EAX,WORD [4086]
   356 00000380 8D 48 D4                        	LEA	ECX,DWORD [-44+EAX]
   357 00000383 89 C8                           	MOV	EAX,ECX
   358 00000385 99                              	CDQ
   359 00000386 F7 FB                           	IDIV	EBX
   360 00000388 50                              	PUSH	EAX
   361 00000389 89 C7                           	MOV	EDI,EAX
   362 0000038B 56                              	PUSH	ESI
   363 0000038C 8D 5D C4                        	LEA	EBX,DWORD [-60+EBP]
   364 0000038F FF B5 FFFFFE04                  	PUSH	DWORD [-508+EBP]
   365 00000395 E8 [00000000]                   	CALL	_sheet_slide
   366 0000039A 6A 48                           	PUSH	72
   367 0000039C 6A 50                           	PUSH	80
   368 0000039E FF B5 FFFFFE00                  	PUSH	DWORD [-512+EBP]
   369 000003A4 E8 [00000000]                   	CALL	_sheet_slide
   370 000003A9 83 C4 24                        	ADD	ESP,36
   371 000003AC 6A 00                           	PUSH	0
   372 000003AE FF B5 FFFFFE08                  	PUSH	DWORD [-504+EBP]
   373 000003B4 E8 [00000000]                   	CALL	_sheet_updown
   374 000003B9 6A 01                           	PUSH	1
   375 000003BB FF B5 FFFFFE00                  	PUSH	DWORD [-512+EBP]
   376 000003C1 E8 [00000000]                   	CALL	_sheet_updown
   377 000003C6 6A 02                           	PUSH	2
   378 000003C8 FF B5 FFFFFE04                  	PUSH	DWORD [-508+EBP]
   379 000003CE E8 [00000000]                   	CALL	_sheet_updown
   380 000003D3 57                              	PUSH	EDI
   381 000003D4 56                              	PUSH	ESI
   382 000003D5 68 [000000E8]                   	PUSH	LC1
   383 000003DA 53                              	PUSH	EBX
   384 000003DB E8 [00000000]                   	CALL	_sprintf
   385 000003E0 83 C4 28                        	ADD	ESP,40
   386 000003E3 53                              	PUSH	EBX
   387 000003E4 6A 07                           	PUSH	7
   388 000003E6 6A 00                           	PUSH	0
   389 000003E8 6A 00                           	PUSH	0
   390 000003EA 0F BF 05 00000FF4               	MOVSX	EAX,WORD [4084]
   391 000003F1 50                              	PUSH	EAX
   392 000003F2 FF B5 FFFFFDFC                  	PUSH	DWORD [-516+EBP]
   393 000003F8 E8 [00000000]                   	CALL	_putfonts8_asc
   394 000003FD 68 003C0000                     	PUSH	3932160
   395 00000402 E8 [00000000]                   	CALL	_memman_total
   396 00000407 C1 AD FFFFFE10 14               	SHR	DWORD [-496+EBP],20
   397 0000040E C1 E8 0A                        	SHR	EAX,10
   398 00000411 89 04 24                        	MOV	DWORD [ESP],EAX
   399 00000414 FF B5 FFFFFE10                  	PUSH	DWORD [-496+EBP]
   400 0000041A 68 [000000F3]                   	PUSH	LC2
   401 0000041F 53                              	PUSH	EBX
   402 00000420 E8 [00000000]                   	CALL	_sprintf
   403 00000425 83 C4 28                        	ADD	ESP,40
   404 00000428 53                              	PUSH	EBX
   405 00000429 6A 07                           	PUSH	7
   406 0000042B 6A 20                           	PUSH	32
   407 0000042D 6A 00                           	PUSH	0
   408 0000042F 0F BF 05 00000FF4               	MOVSX	EAX,WORD [4084]
   409 00000436 50                              	PUSH	EAX
   410 00000437 FF B5 FFFFFDFC                  	PUSH	DWORD [-516+EBP]
   411 0000043D E8 [00000000]                   	CALL	_putfonts8_asc
   412 00000442 6A 30                           	PUSH	48
   413 00000444 0F BF 05 00000FF4               	MOVSX	EAX,WORD [4084]
   414 0000044B 50                              	PUSH	EAX
   415 0000044C 6A 00                           	PUSH	0
   416 0000044E                                 L41:
   417 0000044E 6A 00                           	PUSH	0
   418 00000450 FF B5 FFFFFE08                  	PUSH	DWORD [-504+EBP]
   419 00000456 E8 [00000000]                   	CALL	_sheet_refresh
   420 0000045B 83 C4 2C                        	ADD	ESP,44
   421 0000045E                                 L25:
   422 0000045E FF 85 FFFFFE0C                  	INC	DWORD [-500+EBP]
   423 00000464 8D 5D C4                        	LEA	EBX,DWORD [-60+EBP]
   424 00000467 FF B5 FFFFFE0C                  	PUSH	DWORD [-500+EBP]
   425 0000046D 68 [0000010B]                   	PUSH	LC3
   426 00000472 53                              	PUSH	EBX
   427 00000473 E8 [00000000]                   	CALL	_sprintf
   428 00000478 6A 2B                           	PUSH	43
   429 0000047A 6A 77                           	PUSH	119
   430 0000047C 6A 1C                           	PUSH	28
   431 0000047E 6A 28                           	PUSH	40
   432 00000480 6A 08                           	PUSH	8
   433 00000482 68 000000A0                     	PUSH	160
   434 00000487 FF B5 FFFFFDF8                  	PUSH	DWORD [-520+EBP]
   435 0000048D E8 [00000000]                   	CALL	_boxfill8
   436 00000492 83 C4 28                        	ADD	ESP,40
   437 00000495 53                              	PUSH	EBX
   438 00000496 6A 00                           	PUSH	0
   439 00000498 6A 1C                           	PUSH	28
   440 0000049A 6A 28                           	PUSH	40
   441 0000049C 68 000000A0                     	PUSH	160
   442 000004A1 FF B5 FFFFFDF8                  	PUSH	DWORD [-520+EBP]
   443 000004A7 E8 [00000000]                   	CALL	_putfonts8_asc
   444 000004AC 6A 2C                           	PUSH	44
   445 000004AE 6A 78                           	PUSH	120
   446 000004B0 6A 1C                           	PUSH	28
   447 000004B2 6A 28                           	PUSH	40
   448 000004B4 FF B5 FFFFFE00                  	PUSH	DWORD [-512+EBP]
   449 000004BA E8 [00000000]                   	CALL	_sheet_refresh
   450 000004BF 83 C4 2C                        	ADD	ESP,44
   451 000004C2 E8 [00000000]                   	CALL	_io_cli
   452 000004C7 68 [00000000]                   	PUSH	_keyfifo
   453 000004CC E8 [00000000]                   	CALL	_fifo8_status
   454 000004D1 68 [00000000]                   	PUSH	_mousefifo
   455 000004D6 89 C3                           	MOV	EBX,EAX
   456 000004D8 E8 [00000000]                   	CALL	_fifo8_status
   457 000004DD 8D 04 18                        	LEA	EAX,DWORD [EAX+EBX*1]
   458 000004E0 5B                              	POP	EBX
   459 000004E1 5A                              	POP	EDX
   460 000004E2 85 C0                           	TEST	EAX,EAX
   461 000004E4 0F 84 0000020E                  	JE	L42
   462 000004EA 68 [00000000]                   	PUSH	_keyfifo
   463 000004EF E8 [00000000]                   	CALL	_fifo8_status
   464 000004F4 59                              	POP	ECX
   465 000004F5 85 C0                           	TEST	EAX,EAX
   466 000004F7 0F 85 00000193                  	JNE	L43
   467 000004FD 68 [00000000]                   	PUSH	_mousefifo
   468 00000502 E8 [00000000]                   	CALL	_fifo8_status
   469 00000507 5A                              	POP	EDX
   470 00000508 85 C0                           	TEST	EAX,EAX
   471 0000050A 0F 84 FFFFFF4E                  	JE	L25
   472 00000510 68 [00000000]                   	PUSH	_mousefifo
   473 00000515 E8 [00000000]                   	CALL	_fifo8_get
   474 0000051A 89 C3                           	MOV	EBX,EAX
   475 0000051C E8 [00000000]                   	CALL	_io_sti
   476 00000521 0F B6 C3                        	MOVZX	EAX,BL
   477 00000524 50                              	PUSH	EAX
   478 00000525 8D 85 FFFFFF14                  	LEA	EAX,DWORD [-236+EBP]
   479 0000052B 50                              	PUSH	EAX
   480 0000052C E8 [00000000]                   	CALL	_mouse_decode
   481 00000531 83 C4 0C                        	ADD	ESP,12
   482 00000534 85 C0                           	TEST	EAX,EAX
   483 00000536 0F 84 FFFFFF22                  	JE	L25
   484 0000053C FF B5 FFFFFF1C                  	PUSH	DWORD [-228+EBP]
   485 00000542 FF B5 FFFFFF18                  	PUSH	DWORD [-232+EBP]
   486 00000548 68 [00000111]                   	PUSH	LC5
   487 0000054D 8D 45 C4                        	LEA	EAX,DWORD [-60+EBP]
   488 00000550 50                              	PUSH	EAX
   489 00000551 E8 [00000000]                   	CALL	_sprintf
   490 00000556 83 C4 10                        	ADD	ESP,16
   491 00000559 8B 85 FFFFFF20                  	MOV	EAX,DWORD [-224+EBP]
   492 0000055F A9 00000001                     	TEST	EAX,1
   493 00000564 74 04                           	JE	L34
   494 00000566 C6 45 C5 4C                     	MOV	BYTE [-59+EBP],76
   495 0000056A                                 L34:
   496 0000056A A9 00000002                     	TEST	EAX,2
   497 0000056F 74 04                           	JE	L35
   498 00000571 C6 45 C7 52                     	MOV	BYTE [-57+EBP],82
   499 00000575                                 L35:
   500 00000575 83 E0 04                        	AND	EAX,4
   501 00000578 74 04                           	JE	L36
   502 0000057A C6 45 C6 43                     	MOV	BYTE [-58+EBP],67
   503 0000057E                                 L36:
   504 0000057E 6A 1F                           	PUSH	31
   505 00000580 68 00000097                     	PUSH	151
   506 00000585 6A 10                           	PUSH	16
   507 00000587 6A 20                           	PUSH	32
   508 00000589 6A 0E                           	PUSH	14
   509 0000058B 0F BF 05 00000FF4               	MOVSX	EAX,WORD [4084]
   510 00000592 50                              	PUSH	EAX
   511 00000593 FF B5 FFFFFDFC                  	PUSH	DWORD [-516+EBP]
   512 00000599 E8 [00000000]                   	CALL	_boxfill8
   513 0000059E 8D 55 C4                        	LEA	EDX,DWORD [-60+EBP]
   514 000005A1 52                              	PUSH	EDX
   515 000005A2 6A 07                           	PUSH	7
   516 000005A4 6A 10                           	PUSH	16
   517 000005A6 6A 20                           	PUSH	32
   518 000005A8 0F BF 05 00000FF4               	MOVSX	EAX,WORD [4084]
   519 000005AF 50                              	PUSH	EAX
   520 000005B0 FF B5 FFFFFDFC                  	PUSH	DWORD [-516+EBP]
   521 000005B6 E8 [00000000]                   	CALL	_putfonts8_asc
   522 000005BB 83 C4 34                        	ADD	ESP,52
   523 000005BE 6A 20                           	PUSH	32
   524 000005C0 68 00000098                     	PUSH	152
   525 000005C5 6A 10                           	PUSH	16
   526 000005C7 6A 20                           	PUSH	32
   527 000005C9 FF B5 FFFFFE08                  	PUSH	DWORD [-504+EBP]
   528 000005CF E8 [00000000]                   	CALL	_sheet_refresh
   529 000005D4 83 C4 14                        	ADD	ESP,20
   530 000005D7 03 BD FFFFFF1C                  	ADD	EDI,DWORD [-228+EBP]
   531 000005DD 03 B5 FFFFFF18                  	ADD	ESI,DWORD [-232+EBP]
   532 000005E3 0F 88 000000A0                  	JS	L44
   533 000005E9                                 L37:
   534 000005E9 85 FF                           	TEST	EDI,EDI
   535 000005EB 0F 88 00000091                  	JS	L45
   536 000005F1                                 L38:
   537 000005F1 0F BF 05 00000FF4               	MOVSX	EAX,WORD [4084]
   538 000005F8 48                              	DEC	EAX
   539 000005F9 39 C6                           	CMP	ESI,EAX
   540 000005FB 7E 02                           	JLE	L39
   541 000005FD 89 C6                           	MOV	ESI,EAX
   542 000005FF                                 L39:
   543 000005FF 0F BF 05 00000FF6               	MOVSX	EAX,WORD [4086]
   544 00000606 48                              	DEC	EAX
   545 00000607 39 C7                           	CMP	EDI,EAX
   546 00000609 7E 02                           	JLE	L40
   547 0000060B 89 C7                           	MOV	EDI,EAX
   548 0000060D                                 L40:
   549 0000060D 57                              	PUSH	EDI
   550 0000060E 8D 5D C4                        	LEA	EBX,DWORD [-60+EBP]
   551 00000611 56                              	PUSH	ESI
   552 00000612 68 [000000E8]                   	PUSH	LC1
   553 00000617 53                              	PUSH	EBX
   554 00000618 E8 [00000000]                   	CALL	_sprintf
   555 0000061D 6A 0F                           	PUSH	15
   556 0000061F 6A 4F                           	PUSH	79
   557 00000621 6A 00                           	PUSH	0
   558 00000623 6A 00                           	PUSH	0
   559 00000625 6A 0E                           	PUSH	14
   560 00000627 0F BF 05 00000FF4               	MOVSX	EAX,WORD [4084]
   561 0000062E 50                              	PUSH	EAX
   562 0000062F FF B5 FFFFFDFC                  	PUSH	DWORD [-516+EBP]
   563 00000635 E8 [00000000]                   	CALL	_boxfill8
   564 0000063A 83 C4 2C                        	ADD	ESP,44
   565 0000063D 53                              	PUSH	EBX
   566 0000063E 6A 07                           	PUSH	7
   567 00000640 6A 00                           	PUSH	0
   568 00000642 6A 00                           	PUSH	0
   569 00000644 0F BF 05 00000FF4               	MOVSX	EAX,WORD [4084]
   570 0000064B 50                              	PUSH	EAX
   571 0000064C FF B5 FFFFFDFC                  	PUSH	DWORD [-516+EBP]
   572 00000652 E8 [00000000]                   	CALL	_putfonts8_asc
   573 00000657 6A 10                           	PUSH	16
   574 00000659 6A 50                           	PUSH	80
   575 0000065B 6A 00                           	PUSH	0
   576 0000065D 6A 00                           	PUSH	0
   577 0000065F FF B5 FFFFFE08                  	PUSH	DWORD [-504+EBP]
   578 00000665 E8 [00000000]                   	CALL	_sheet_refresh
   579 0000066A 83 C4 2C                        	ADD	ESP,44
   580 0000066D 57                              	PUSH	EDI
   581 0000066E 56                              	PUSH	ESI
   582 0000066F FF B5 FFFFFE04                  	PUSH	DWORD [-508+EBP]
   583 00000675 E8 [00000000]                   	CALL	_sheet_slide
   584 0000067A 83 C4 0C                        	ADD	ESP,12
   585 0000067D E9 FFFFFDDC                     	JMP	L25
   586 00000682                                 L45:
   587 00000682 31 FF                           	XOR	EDI,EDI
   588 00000684 E9 FFFFFF68                     	JMP	L38
   589 00000689                                 L44:
   590 00000689 31 F6                           	XOR	ESI,ESI
   591 0000068B E9 FFFFFF59                     	JMP	L37
   592 00000690                                 L43:
   593 00000690 68 [00000000]                   	PUSH	_keyfifo
   594 00000695 E8 [00000000]                   	CALL	_fifo8_get
   595 0000069A 89 C3                           	MOV	EBX,EAX
   596 0000069C E8 [00000000]                   	CALL	_io_sti
   597 000006A1 53                              	PUSH	EBX
   598 000006A2 8D 55 C4                        	LEA	EDX,DWORD [-60+EBP]
   599 000006A5 68 [0000011F]                   	PUSH	LC4
   600 000006AA 8D 5D C4                        	LEA	EBX,DWORD [-60+EBP]
   601 000006AD 52                              	PUSH	EDX
   602 000006AE E8 [00000000]                   	CALL	_sprintf
   603 000006B3 6A 1F                           	PUSH	31
   604 000006B5 6A 0F                           	PUSH	15
   605 000006B7 6A 10                           	PUSH	16
   606 000006B9 6A 00                           	PUSH	0
   607 000006BB 6A 0E                           	PUSH	14
   608 000006BD 0F BF 05 00000FF4               	MOVSX	EAX,WORD [4084]
   609 000006C4 50                              	PUSH	EAX
   610 000006C5 FF B5 FFFFFDFC                  	PUSH	DWORD [-516+EBP]
   611 000006CB E8 [00000000]                   	CALL	_boxfill8
   612 000006D0 83 C4 2C                        	ADD	ESP,44
   613 000006D3 53                              	PUSH	EBX
   614 000006D4 6A 07                           	PUSH	7
   615 000006D6 6A 10                           	PUSH	16
   616 000006D8 6A 00                           	PUSH	0
   617 000006DA 0F BF 05 00000FF4               	MOVSX	EAX,WORD [4084]
   618 000006E1 50                              	PUSH	EAX
   619 000006E2 FF B5 FFFFFDFC                  	PUSH	DWORD [-516+EBP]
   620 000006E8 E8 [00000000]                   	CALL	_putfonts8_asc
   621 000006ED 6A 20                           	PUSH	32
   622 000006EF 6A 10                           	PUSH	16
   623 000006F1 6A 10                           	PUSH	16
   624 000006F3 E9 FFFFFD56                     	JMP	L41
   625 000006F8                                 L42:
   626 000006F8 E8 [00000000]                   	CALL	_io_stihlt
   627 000006FD E9 FFFFFD5C                     	JMP	L25
